[2025-07-19T08:38:05.579+0000] {processor.py:161} INFO - Started process (PID=228) to work on /home/airflow/.local/lib/python3.12/site-packages/airflow/example_dags/example_branch_day_of_week_operator.py
[2025-07-19T08:38:05.582+0000] {processor.py:830} INFO - Processing file /home/airflow/.local/lib/python3.12/site-packages/airflow/example_dags/example_branch_day_of_week_operator.py for tasks to queue
[2025-07-19T08:38:05.587+0000] {logging_mixin.py:188} INFO - [2025-07-19T08:38:05.586+0000] {dagbag.py:545} INFO - Filling up the DagBag from /home/airflow/.local/lib/python3.12/site-packages/airflow/example_dags/example_branch_day_of_week_operator.py
[2025-07-19T08:38:05.607+0000] {processor.py:840} INFO - DAG(s) 'example_weekday_branch_operator' retrieved from /home/airflow/.local/lib/python3.12/site-packages/airflow/example_dags/example_branch_day_of_week_operator.py
[2025-07-19T08:38:05.806+0000] {logging_mixin.py:188} INFO - [2025-07-19T08:38:05.804+0000] {override.py:1829} INFO - Created Permission View: can read on DAG:example_weekday_branch_operator
[2025-07-19T08:38:05.824+0000] {logging_mixin.py:188} INFO - [2025-07-19T08:38:05.824+0000] {override.py:1829} INFO - Created Permission View: can delete on DAG:example_weekday_branch_operator
[2025-07-19T08:38:05.837+0000] {logging_mixin.py:188} INFO - [2025-07-19T08:38:05.836+0000] {override.py:1829} INFO - Created Permission View: can edit on DAG:example_weekday_branch_operator
[2025-07-19T08:38:05.839+0000] {logging_mixin.py:188} INFO - [2025-07-19T08:38:05.838+0000] {dag.py:3096} INFO - Sync 1 DAGs
[2025-07-19T08:38:05.861+0000] {logging_mixin.py:188} INFO - [2025-07-19T08:38:05.860+0000] {dag.py:3118} INFO - Creating ORM DAG for example_weekday_branch_operator
[2025-07-19T08:38:05.878+0000] {logging_mixin.py:188} INFO - [2025-07-19T08:38:05.878+0000] {dag.py:3954} INFO - Setting next_dagrun for example_weekday_branch_operator to 2025-07-18 00:00:00+00:00, run_after=2025-07-19 00:00:00+00:00
[2025-07-19T08:38:05.899+0000] {processor.py:183} INFO - Processing /home/airflow/.local/lib/python3.12/site-packages/airflow/example_dags/example_branch_day_of_week_operator.py took 0.332 seconds
[2025-07-19T08:38:36.788+0000] {processor.py:161} INFO - Started process (PID=492) to work on /home/airflow/.local/lib/python3.12/site-packages/airflow/example_dags/example_branch_day_of_week_operator.py
[2025-07-19T08:38:36.790+0000] {processor.py:830} INFO - Processing file /home/airflow/.local/lib/python3.12/site-packages/airflow/example_dags/example_branch_day_of_week_operator.py for tasks to queue
[2025-07-19T08:38:36.792+0000] {logging_mixin.py:188} INFO - [2025-07-19T08:38:36.792+0000] {dagbag.py:545} INFO - Filling up the DagBag from /home/airflow/.local/lib/python3.12/site-packages/airflow/example_dags/example_branch_day_of_week_operator.py
[2025-07-19T08:38:36.802+0000] {processor.py:840} INFO - DAG(s) 'example_weekday_branch_operator' retrieved from /home/airflow/.local/lib/python3.12/site-packages/airflow/example_dags/example_branch_day_of_week_operator.py
[2025-07-19T08:38:36.829+0000] {logging_mixin.py:188} INFO - [2025-07-19T08:38:36.829+0000] {dag.py:3096} INFO - Sync 1 DAGs
[2025-07-19T08:38:36.853+0000] {logging_mixin.py:188} INFO - [2025-07-19T08:38:36.852+0000] {dag.py:3954} INFO - Setting next_dagrun for example_weekday_branch_operator to 2025-07-18 00:00:00+00:00, run_after=2025-07-19 00:00:00+00:00
[2025-07-19T08:38:36.872+0000] {processor.py:183} INFO - Processing /home/airflow/.local/lib/python3.12/site-packages/airflow/example_dags/example_branch_day_of_week_operator.py took 0.091 seconds
[2025-07-19T08:39:07.303+0000] {processor.py:161} INFO - Started process (PID=760) to work on /home/airflow/.local/lib/python3.12/site-packages/airflow/example_dags/example_branch_day_of_week_operator.py
[2025-07-19T08:39:07.304+0000] {processor.py:830} INFO - Processing file /home/airflow/.local/lib/python3.12/site-packages/airflow/example_dags/example_branch_day_of_week_operator.py for tasks to queue
[2025-07-19T08:39:07.305+0000] {logging_mixin.py:188} INFO - [2025-07-19T08:39:07.305+0000] {dagbag.py:545} INFO - Filling up the DagBag from /home/airflow/.local/lib/python3.12/site-packages/airflow/example_dags/example_branch_day_of_week_operator.py
[2025-07-19T08:39:07.312+0000] {processor.py:840} INFO - DAG(s) 'example_weekday_branch_operator' retrieved from /home/airflow/.local/lib/python3.12/site-packages/airflow/example_dags/example_branch_day_of_week_operator.py
[2025-07-19T08:39:07.329+0000] {logging_mixin.py:188} INFO - [2025-07-19T08:39:07.329+0000] {dag.py:3096} INFO - Sync 1 DAGs
[2025-07-19T08:39:07.351+0000] {logging_mixin.py:188} INFO - [2025-07-19T08:39:07.350+0000] {dag.py:3954} INFO - Setting next_dagrun for example_weekday_branch_operator to 2025-07-18 00:00:00+00:00, run_after=2025-07-19 00:00:00+00:00
[2025-07-19T08:39:07.369+0000] {processor.py:183} INFO - Processing /home/airflow/.local/lib/python3.12/site-packages/airflow/example_dags/example_branch_day_of_week_operator.py took 0.071 seconds
[2025-07-19T08:39:38.281+0000] {processor.py:161} INFO - Started process (PID=1022) to work on /home/airflow/.local/lib/python3.12/site-packages/airflow/example_dags/example_branch_day_of_week_operator.py
[2025-07-19T08:39:38.282+0000] {processor.py:830} INFO - Processing file /home/airflow/.local/lib/python3.12/site-packages/airflow/example_dags/example_branch_day_of_week_operator.py for tasks to queue
[2025-07-19T08:39:38.283+0000] {logging_mixin.py:188} INFO - [2025-07-19T08:39:38.283+0000] {dagbag.py:545} INFO - Filling up the DagBag from /home/airflow/.local/lib/python3.12/site-packages/airflow/example_dags/example_branch_day_of_week_operator.py
[2025-07-19T08:39:38.290+0000] {processor.py:840} INFO - DAG(s) 'example_weekday_branch_operator' retrieved from /home/airflow/.local/lib/python3.12/site-packages/airflow/example_dags/example_branch_day_of_week_operator.py
[2025-07-19T08:39:38.307+0000] {logging_mixin.py:188} INFO - [2025-07-19T08:39:38.307+0000] {dag.py:3096} INFO - Sync 1 DAGs
[2025-07-19T08:39:38.327+0000] {logging_mixin.py:188} INFO - [2025-07-19T08:39:38.326+0000] {dag.py:3954} INFO - Setting next_dagrun for example_weekday_branch_operator to 2025-07-18 00:00:00+00:00, run_after=2025-07-19 00:00:00+00:00
[2025-07-19T08:39:38.344+0000] {processor.py:183} INFO - Processing /home/airflow/.local/lib/python3.12/site-packages/airflow/example_dags/example_branch_day_of_week_operator.py took 0.068 seconds
[2025-07-19T08:40:08.552+0000] {processor.py:161} INFO - Started process (PID=1284) to work on /home/airflow/.local/lib/python3.12/site-packages/airflow/example_dags/example_branch_day_of_week_operator.py
[2025-07-19T08:40:08.553+0000] {processor.py:830} INFO - Processing file /home/airflow/.local/lib/python3.12/site-packages/airflow/example_dags/example_branch_day_of_week_operator.py for tasks to queue
[2025-07-19T08:40:08.555+0000] {logging_mixin.py:188} INFO - [2025-07-19T08:40:08.554+0000] {dagbag.py:545} INFO - Filling up the DagBag from /home/airflow/.local/lib/python3.12/site-packages/airflow/example_dags/example_branch_day_of_week_operator.py
[2025-07-19T08:40:08.561+0000] {processor.py:840} INFO - DAG(s) 'example_weekday_branch_operator' retrieved from /home/airflow/.local/lib/python3.12/site-packages/airflow/example_dags/example_branch_day_of_week_operator.py
[2025-07-19T08:40:08.578+0000] {logging_mixin.py:188} INFO - [2025-07-19T08:40:08.578+0000] {dag.py:3096} INFO - Sync 1 DAGs
[2025-07-19T08:40:08.595+0000] {logging_mixin.py:188} INFO - [2025-07-19T08:40:08.595+0000] {dag.py:3954} INFO - Setting next_dagrun for example_weekday_branch_operator to 2025-07-18 00:00:00+00:00, run_after=2025-07-19 00:00:00+00:00
[2025-07-19T08:40:08.612+0000] {processor.py:183} INFO - Processing /home/airflow/.local/lib/python3.12/site-packages/airflow/example_dags/example_branch_day_of_week_operator.py took 0.065 seconds
[2025-07-19T08:40:38.801+0000] {processor.py:161} INFO - Started process (PID=1543) to work on /home/airflow/.local/lib/python3.12/site-packages/airflow/example_dags/example_branch_day_of_week_operator.py
[2025-07-19T08:40:38.802+0000] {processor.py:830} INFO - Processing file /home/airflow/.local/lib/python3.12/site-packages/airflow/example_dags/example_branch_day_of_week_operator.py for tasks to queue
[2025-07-19T08:40:38.804+0000] {logging_mixin.py:188} INFO - [2025-07-19T08:40:38.804+0000] {dagbag.py:545} INFO - Filling up the DagBag from /home/airflow/.local/lib/python3.12/site-packages/airflow/example_dags/example_branch_day_of_week_operator.py
[2025-07-19T08:40:38.811+0000] {processor.py:840} INFO - DAG(s) 'example_weekday_branch_operator' retrieved from /home/airflow/.local/lib/python3.12/site-packages/airflow/example_dags/example_branch_day_of_week_operator.py
[2025-07-19T08:40:38.833+0000] {logging_mixin.py:188} INFO - [2025-07-19T08:40:38.833+0000] {dag.py:3096} INFO - Sync 1 DAGs
[2025-07-19T08:40:38.858+0000] {logging_mixin.py:188} INFO - [2025-07-19T08:40:38.858+0000] {dag.py:3954} INFO - Setting next_dagrun for example_weekday_branch_operator to 2025-07-18 00:00:00+00:00, run_after=2025-07-19 00:00:00+00:00
[2025-07-19T08:40:38.878+0000] {processor.py:183} INFO - Processing /home/airflow/.local/lib/python3.12/site-packages/airflow/example_dags/example_branch_day_of_week_operator.py took 0.081 seconds
[2025-07-19T08:41:09.179+0000] {processor.py:161} INFO - Started process (PID=1802) to work on /home/airflow/.local/lib/python3.12/site-packages/airflow/example_dags/example_branch_day_of_week_operator.py
[2025-07-19T08:41:09.180+0000] {processor.py:830} INFO - Processing file /home/airflow/.local/lib/python3.12/site-packages/airflow/example_dags/example_branch_day_of_week_operator.py for tasks to queue
[2025-07-19T08:41:09.182+0000] {logging_mixin.py:188} INFO - [2025-07-19T08:41:09.182+0000] {dagbag.py:545} INFO - Filling up the DagBag from /home/airflow/.local/lib/python3.12/site-packages/airflow/example_dags/example_branch_day_of_week_operator.py
[2025-07-19T08:41:09.189+0000] {processor.py:840} INFO - DAG(s) 'example_weekday_branch_operator' retrieved from /home/airflow/.local/lib/python3.12/site-packages/airflow/example_dags/example_branch_day_of_week_operator.py
[2025-07-19T08:41:09.208+0000] {logging_mixin.py:188} INFO - [2025-07-19T08:41:09.208+0000] {dag.py:3096} INFO - Sync 1 DAGs
[2025-07-19T08:41:09.228+0000] {logging_mixin.py:188} INFO - [2025-07-19T08:41:09.228+0000] {dag.py:3954} INFO - Setting next_dagrun for example_weekday_branch_operator to 2025-07-18 00:00:00+00:00, run_after=2025-07-19 00:00:00+00:00
[2025-07-19T08:41:09.247+0000] {processor.py:183} INFO - Processing /home/airflow/.local/lib/python3.12/site-packages/airflow/example_dags/example_branch_day_of_week_operator.py took 0.074 seconds
[2025-07-19T08:41:39.530+0000] {processor.py:161} INFO - Started process (PID=2064) to work on /home/airflow/.local/lib/python3.12/site-packages/airflow/example_dags/example_branch_day_of_week_operator.py
[2025-07-19T08:41:39.532+0000] {processor.py:830} INFO - Processing file /home/airflow/.local/lib/python3.12/site-packages/airflow/example_dags/example_branch_day_of_week_operator.py for tasks to queue
[2025-07-19T08:41:39.533+0000] {logging_mixin.py:188} INFO - [2025-07-19T08:41:39.533+0000] {dagbag.py:545} INFO - Filling up the DagBag from /home/airflow/.local/lib/python3.12/site-packages/airflow/example_dags/example_branch_day_of_week_operator.py
[2025-07-19T08:41:39.539+0000] {processor.py:840} INFO - DAG(s) 'example_weekday_branch_operator' retrieved from /home/airflow/.local/lib/python3.12/site-packages/airflow/example_dags/example_branch_day_of_week_operator.py
[2025-07-19T08:41:39.558+0000] {logging_mixin.py:188} INFO - [2025-07-19T08:41:39.557+0000] {dag.py:3096} INFO - Sync 1 DAGs
[2025-07-19T08:41:39.576+0000] {logging_mixin.py:188} INFO - [2025-07-19T08:41:39.575+0000] {dag.py:3954} INFO - Setting next_dagrun for example_weekday_branch_operator to 2025-07-18 00:00:00+00:00, run_after=2025-07-19 00:00:00+00:00
[2025-07-19T08:41:39.594+0000] {processor.py:183} INFO - Processing /home/airflow/.local/lib/python3.12/site-packages/airflow/example_dags/example_branch_day_of_week_operator.py took 0.068 seconds
