[2025-07-19T08:38:09.866+0000] {processor.py:161} INFO - Started process (PID=383) to work on /home/airflow/.local/lib/python3.12/site-packages/airflow/example_dags/example_nested_branch_dag.py
[2025-07-19T08:38:09.867+0000] {processor.py:830} INFO - Processing file /home/airflow/.local/lib/python3.12/site-packages/airflow/example_dags/example_nested_branch_dag.py for tasks to queue
[2025-07-19T08:38:09.869+0000] {logging_mixin.py:188} INFO - [2025-07-19T08:38:09.868+0000] {dagbag.py:545} INFO - Filling up the DagBag from /home/airflow/.local/lib/python3.12/site-packages/airflow/example_dags/example_nested_branch_dag.py
[2025-07-19T08:38:09.879+0000] {processor.py:840} INFO - DAG(s) 'example_nested_branch_dag' retrieved from /home/airflow/.local/lib/python3.12/site-packages/airflow/example_dags/example_nested_branch_dag.py
[2025-07-19T08:38:09.976+0000] {logging_mixin.py:188} INFO - [2025-07-19T08:38:09.976+0000] {override.py:1829} INFO - Created Permission View: can read on DAG:example_nested_branch_dag
[2025-07-19T08:38:09.986+0000] {logging_mixin.py:188} INFO - [2025-07-19T08:38:09.986+0000] {override.py:1829} INFO - Created Permission View: can delete on DAG:example_nested_branch_dag
[2025-07-19T08:38:09.992+0000] {logging_mixin.py:188} INFO - [2025-07-19T08:38:09.992+0000] {override.py:1829} INFO - Created Permission View: can edit on DAG:example_nested_branch_dag
[2025-07-19T08:38:09.993+0000] {logging_mixin.py:188} INFO - [2025-07-19T08:38:09.993+0000] {dag.py:3096} INFO - Sync 1 DAGs
[2025-07-19T08:38:10.003+0000] {logging_mixin.py:188} INFO - [2025-07-19T08:38:10.003+0000] {dag.py:3118} INFO - Creating ORM DAG for example_nested_branch_dag
[2025-07-19T08:38:10.014+0000] {logging_mixin.py:188} INFO - [2025-07-19T08:38:10.014+0000] {dag.py:3954} INFO - Setting next_dagrun for example_nested_branch_dag to 2025-07-18 00:00:00+00:00, run_after=2025-07-19 00:00:00+00:00
[2025-07-19T08:38:10.029+0000] {processor.py:183} INFO - Processing /home/airflow/.local/lib/python3.12/site-packages/airflow/example_dags/example_nested_branch_dag.py took 0.169 seconds
[2025-07-19T08:38:40.690+0000] {processor.py:161} INFO - Started process (PID=645) to work on /home/airflow/.local/lib/python3.12/site-packages/airflow/example_dags/example_nested_branch_dag.py
[2025-07-19T08:38:40.691+0000] {processor.py:830} INFO - Processing file /home/airflow/.local/lib/python3.12/site-packages/airflow/example_dags/example_nested_branch_dag.py for tasks to queue
[2025-07-19T08:38:40.693+0000] {logging_mixin.py:188} INFO - [2025-07-19T08:38:40.692+0000] {dagbag.py:545} INFO - Filling up the DagBag from /home/airflow/.local/lib/python3.12/site-packages/airflow/example_dags/example_nested_branch_dag.py
[2025-07-19T08:38:40.702+0000] {processor.py:840} INFO - DAG(s) 'example_nested_branch_dag' retrieved from /home/airflow/.local/lib/python3.12/site-packages/airflow/example_dags/example_nested_branch_dag.py
[2025-07-19T08:38:40.721+0000] {logging_mixin.py:188} INFO - [2025-07-19T08:38:40.721+0000] {dag.py:3096} INFO - Sync 1 DAGs
[2025-07-19T08:38:40.740+0000] {logging_mixin.py:188} INFO - [2025-07-19T08:38:40.739+0000] {dag.py:3954} INFO - Setting next_dagrun for example_nested_branch_dag to 2025-07-18 00:00:00+00:00, run_after=2025-07-19 00:00:00+00:00
[2025-07-19T08:38:40.759+0000] {processor.py:183} INFO - Processing /home/airflow/.local/lib/python3.12/site-packages/airflow/example_dags/example_nested_branch_dag.py took 0.075 seconds
[2025-07-19T08:39:11.137+0000] {processor.py:161} INFO - Started process (PID=913) to work on /home/airflow/.local/lib/python3.12/site-packages/airflow/example_dags/example_nested_branch_dag.py
[2025-07-19T08:39:11.138+0000] {processor.py:830} INFO - Processing file /home/airflow/.local/lib/python3.12/site-packages/airflow/example_dags/example_nested_branch_dag.py for tasks to queue
[2025-07-19T08:39:11.139+0000] {logging_mixin.py:188} INFO - [2025-07-19T08:39:11.139+0000] {dagbag.py:545} INFO - Filling up the DagBag from /home/airflow/.local/lib/python3.12/site-packages/airflow/example_dags/example_nested_branch_dag.py
[2025-07-19T08:39:11.148+0000] {processor.py:840} INFO - DAG(s) 'example_nested_branch_dag' retrieved from /home/airflow/.local/lib/python3.12/site-packages/airflow/example_dags/example_nested_branch_dag.py
[2025-07-19T08:39:11.168+0000] {logging_mixin.py:188} INFO - [2025-07-19T08:39:11.167+0000] {dag.py:3096} INFO - Sync 1 DAGs
[2025-07-19T08:39:11.188+0000] {logging_mixin.py:188} INFO - [2025-07-19T08:39:11.187+0000] {dag.py:3954} INFO - Setting next_dagrun for example_nested_branch_dag to 2025-07-18 00:00:00+00:00, run_after=2025-07-19 00:00:00+00:00
[2025-07-19T08:39:11.205+0000] {processor.py:183} INFO - Processing /home/airflow/.local/lib/python3.12/site-packages/airflow/example_dags/example_nested_branch_dag.py took 0.074 seconds
[2025-07-19T08:39:42.058+0000] {processor.py:161} INFO - Started process (PID=1175) to work on /home/airflow/.local/lib/python3.12/site-packages/airflow/example_dags/example_nested_branch_dag.py
[2025-07-19T08:39:42.059+0000] {processor.py:830} INFO - Processing file /home/airflow/.local/lib/python3.12/site-packages/airflow/example_dags/example_nested_branch_dag.py for tasks to queue
[2025-07-19T08:39:42.061+0000] {logging_mixin.py:188} INFO - [2025-07-19T08:39:42.060+0000] {dagbag.py:545} INFO - Filling up the DagBag from /home/airflow/.local/lib/python3.12/site-packages/airflow/example_dags/example_nested_branch_dag.py
[2025-07-19T08:39:42.069+0000] {processor.py:840} INFO - DAG(s) 'example_nested_branch_dag' retrieved from /home/airflow/.local/lib/python3.12/site-packages/airflow/example_dags/example_nested_branch_dag.py
[2025-07-19T08:39:42.088+0000] {logging_mixin.py:188} INFO - [2025-07-19T08:39:42.087+0000] {dag.py:3096} INFO - Sync 1 DAGs
[2025-07-19T08:39:42.108+0000] {logging_mixin.py:188} INFO - [2025-07-19T08:39:42.107+0000] {dag.py:3954} INFO - Setting next_dagrun for example_nested_branch_dag to 2025-07-18 00:00:00+00:00, run_after=2025-07-19 00:00:00+00:00
[2025-07-19T08:39:42.123+0000] {processor.py:183} INFO - Processing /home/airflow/.local/lib/python3.12/site-packages/airflow/example_dags/example_nested_branch_dag.py took 0.071 seconds
[2025-07-19T08:40:12.414+0000] {processor.py:161} INFO - Started process (PID=1437) to work on /home/airflow/.local/lib/python3.12/site-packages/airflow/example_dags/example_nested_branch_dag.py
[2025-07-19T08:40:12.415+0000] {processor.py:830} INFO - Processing file /home/airflow/.local/lib/python3.12/site-packages/airflow/example_dags/example_nested_branch_dag.py for tasks to queue
[2025-07-19T08:40:12.417+0000] {logging_mixin.py:188} INFO - [2025-07-19T08:40:12.417+0000] {dagbag.py:545} INFO - Filling up the DagBag from /home/airflow/.local/lib/python3.12/site-packages/airflow/example_dags/example_nested_branch_dag.py
[2025-07-19T08:40:12.427+0000] {processor.py:840} INFO - DAG(s) 'example_nested_branch_dag' retrieved from /home/airflow/.local/lib/python3.12/site-packages/airflow/example_dags/example_nested_branch_dag.py
[2025-07-19T08:40:12.447+0000] {logging_mixin.py:188} INFO - [2025-07-19T08:40:12.447+0000] {dag.py:3096} INFO - Sync 1 DAGs
[2025-07-19T08:40:12.468+0000] {logging_mixin.py:188} INFO - [2025-07-19T08:40:12.468+0000] {dag.py:3954} INFO - Setting next_dagrun for example_nested_branch_dag to 2025-07-18 00:00:00+00:00, run_after=2025-07-19 00:00:00+00:00
[2025-07-19T08:40:12.487+0000] {processor.py:183} INFO - Processing /home/airflow/.local/lib/python3.12/site-packages/airflow/example_dags/example_nested_branch_dag.py took 0.080 seconds
[2025-07-19T08:40:42.807+0000] {processor.py:161} INFO - Started process (PID=1699) to work on /home/airflow/.local/lib/python3.12/site-packages/airflow/example_dags/example_nested_branch_dag.py
[2025-07-19T08:40:42.808+0000] {processor.py:830} INFO - Processing file /home/airflow/.local/lib/python3.12/site-packages/airflow/example_dags/example_nested_branch_dag.py for tasks to queue
[2025-07-19T08:40:42.810+0000] {logging_mixin.py:188} INFO - [2025-07-19T08:40:42.809+0000] {dagbag.py:545} INFO - Filling up the DagBag from /home/airflow/.local/lib/python3.12/site-packages/airflow/example_dags/example_nested_branch_dag.py
[2025-07-19T08:40:42.820+0000] {processor.py:840} INFO - DAG(s) 'example_nested_branch_dag' retrieved from /home/airflow/.local/lib/python3.12/site-packages/airflow/example_dags/example_nested_branch_dag.py
[2025-07-19T08:40:42.842+0000] {logging_mixin.py:188} INFO - [2025-07-19T08:40:42.841+0000] {dag.py:3096} INFO - Sync 1 DAGs
[2025-07-19T08:40:42.863+0000] {logging_mixin.py:188} INFO - [2025-07-19T08:40:42.863+0000] {dag.py:3954} INFO - Setting next_dagrun for example_nested_branch_dag to 2025-07-18 00:00:00+00:00, run_after=2025-07-19 00:00:00+00:00
[2025-07-19T08:40:42.885+0000] {processor.py:183} INFO - Processing /home/airflow/.local/lib/python3.12/site-packages/airflow/example_dags/example_nested_branch_dag.py took 0.083 seconds
[2025-07-19T08:41:13.162+0000] {processor.py:161} INFO - Started process (PID=1961) to work on /home/airflow/.local/lib/python3.12/site-packages/airflow/example_dags/example_nested_branch_dag.py
[2025-07-19T08:41:13.163+0000] {processor.py:830} INFO - Processing file /home/airflow/.local/lib/python3.12/site-packages/airflow/example_dags/example_nested_branch_dag.py for tasks to queue
[2025-07-19T08:41:13.165+0000] {logging_mixin.py:188} INFO - [2025-07-19T08:41:13.165+0000] {dagbag.py:545} INFO - Filling up the DagBag from /home/airflow/.local/lib/python3.12/site-packages/airflow/example_dags/example_nested_branch_dag.py
[2025-07-19T08:41:13.175+0000] {processor.py:840} INFO - DAG(s) 'example_nested_branch_dag' retrieved from /home/airflow/.local/lib/python3.12/site-packages/airflow/example_dags/example_nested_branch_dag.py
[2025-07-19T08:41:13.197+0000] {logging_mixin.py:188} INFO - [2025-07-19T08:41:13.197+0000] {dag.py:3096} INFO - Sync 1 DAGs
[2025-07-19T08:41:13.220+0000] {logging_mixin.py:188} INFO - [2025-07-19T08:41:13.220+0000] {dag.py:3954} INFO - Setting next_dagrun for example_nested_branch_dag to 2025-07-18 00:00:00+00:00, run_after=2025-07-19 00:00:00+00:00
[2025-07-19T08:41:13.237+0000] {processor.py:183} INFO - Processing /home/airflow/.local/lib/python3.12/site-packages/airflow/example_dags/example_nested_branch_dag.py took 0.081 seconds
[2025-07-19T08:41:43.562+0000] {processor.py:161} INFO - Started process (PID=2223) to work on /home/airflow/.local/lib/python3.12/site-packages/airflow/example_dags/example_nested_branch_dag.py
[2025-07-19T08:41:43.564+0000] {processor.py:830} INFO - Processing file /home/airflow/.local/lib/python3.12/site-packages/airflow/example_dags/example_nested_branch_dag.py for tasks to queue
[2025-07-19T08:41:43.566+0000] {logging_mixin.py:188} INFO - [2025-07-19T08:41:43.566+0000] {dagbag.py:545} INFO - Filling up the DagBag from /home/airflow/.local/lib/python3.12/site-packages/airflow/example_dags/example_nested_branch_dag.py
[2025-07-19T08:41:43.576+0000] {processor.py:840} INFO - DAG(s) 'example_nested_branch_dag' retrieved from /home/airflow/.local/lib/python3.12/site-packages/airflow/example_dags/example_nested_branch_dag.py
[2025-07-19T08:41:43.596+0000] {logging_mixin.py:188} INFO - [2025-07-19T08:41:43.596+0000] {dag.py:3096} INFO - Sync 1 DAGs
[2025-07-19T08:41:43.616+0000] {logging_mixin.py:188} INFO - [2025-07-19T08:41:43.616+0000] {dag.py:3954} INFO - Setting next_dagrun for example_nested_branch_dag to 2025-07-18 00:00:00+00:00, run_after=2025-07-19 00:00:00+00:00
[2025-07-19T08:41:43.634+0000] {processor.py:183} INFO - Processing /home/airflow/.local/lib/python3.12/site-packages/airflow/example_dags/example_nested_branch_dag.py took 0.079 seconds
