[2025-07-19T08:38:09.117+0000] {processor.py:161} INFO - Started process (PID=348) to work on /home/airflow/.local/lib/python3.12/site-packages/airflow/example_dags/example_latest_only.py
[2025-07-19T08:38:09.118+0000] {processor.py:830} INFO - Processing file /home/airflow/.local/lib/python3.12/site-packages/airflow/example_dags/example_latest_only.py for tasks to queue
[2025-07-19T08:38:09.120+0000] {logging_mixin.py:188} INFO - [2025-07-19T08:38:09.119+0000] {dagbag.py:545} INFO - Filling up the DagBag from /home/airflow/.local/lib/python3.12/site-packages/airflow/example_dags/example_latest_only.py
[2025-07-19T08:38:09.125+0000] {processor.py:840} INFO - DAG(s) 'latest_only' retrieved from /home/airflow/.local/lib/python3.12/site-packages/airflow/example_dags/example_latest_only.py
[2025-07-19T08:38:09.211+0000] {logging_mixin.py:188} INFO - [2025-07-19T08:38:09.211+0000] {override.py:1829} INFO - Created Permission View: can read on DAG:latest_only
[2025-07-19T08:38:09.220+0000] {logging_mixin.py:188} INFO - [2025-07-19T08:38:09.220+0000] {override.py:1829} INFO - Created Permission View: can delete on DAG:latest_only
[2025-07-19T08:38:09.226+0000] {logging_mixin.py:188} INFO - [2025-07-19T08:38:09.226+0000] {override.py:1829} INFO - Created Permission View: can edit on DAG:latest_only
[2025-07-19T08:38:09.227+0000] {logging_mixin.py:188} INFO - [2025-07-19T08:38:09.227+0000] {dag.py:3096} INFO - Sync 1 DAGs
[2025-07-19T08:38:09.237+0000] {logging_mixin.py:188} INFO - [2025-07-19T08:38:09.236+0000] {dag.py:3118} INFO - Creating ORM DAG for latest_only
[2025-07-19T08:38:09.246+0000] {logging_mixin.py:188} INFO - [2025-07-19T08:38:09.246+0000] {dag.py:3954} INFO - Setting next_dagrun for latest_only to 2025-07-19 04:00:00+00:00, run_after=2025-07-19 08:00:00+00:00
[2025-07-19T08:38:09.262+0000] {processor.py:183} INFO - Processing /home/airflow/.local/lib/python3.12/site-packages/airflow/example_dags/example_latest_only.py took 0.150 seconds
[2025-07-19T08:38:39.347+0000] {processor.py:161} INFO - Started process (PID=612) to work on /home/airflow/.local/lib/python3.12/site-packages/airflow/example_dags/example_latest_only.py
[2025-07-19T08:38:39.348+0000] {processor.py:830} INFO - Processing file /home/airflow/.local/lib/python3.12/site-packages/airflow/example_dags/example_latest_only.py for tasks to queue
[2025-07-19T08:38:39.350+0000] {logging_mixin.py:188} INFO - [2025-07-19T08:38:39.349+0000] {dagbag.py:545} INFO - Filling up the DagBag from /home/airflow/.local/lib/python3.12/site-packages/airflow/example_dags/example_latest_only.py
[2025-07-19T08:38:39.353+0000] {processor.py:840} INFO - DAG(s) 'latest_only' retrieved from /home/airflow/.local/lib/python3.12/site-packages/airflow/example_dags/example_latest_only.py
[2025-07-19T08:38:39.372+0000] {logging_mixin.py:188} INFO - [2025-07-19T08:38:39.372+0000] {dag.py:3096} INFO - Sync 1 DAGs
[2025-07-19T08:38:39.391+0000] {logging_mixin.py:188} INFO - [2025-07-19T08:38:39.391+0000] {dag.py:3954} INFO - Setting next_dagrun for latest_only to 2025-07-19 04:00:00+00:00, run_after=2025-07-19 08:00:00+00:00
[2025-07-19T08:38:39.409+0000] {processor.py:183} INFO - Processing /home/airflow/.local/lib/python3.12/site-packages/airflow/example_dags/example_latest_only.py took 0.067 seconds
[2025-07-19T08:39:09.783+0000] {processor.py:161} INFO - Started process (PID=878) to work on /home/airflow/.local/lib/python3.12/site-packages/airflow/example_dags/example_latest_only.py
[2025-07-19T08:39:09.784+0000] {processor.py:830} INFO - Processing file /home/airflow/.local/lib/python3.12/site-packages/airflow/example_dags/example_latest_only.py for tasks to queue
[2025-07-19T08:39:09.788+0000] {logging_mixin.py:188} INFO - [2025-07-19T08:39:09.788+0000] {dagbag.py:545} INFO - Filling up the DagBag from /home/airflow/.local/lib/python3.12/site-packages/airflow/example_dags/example_latest_only.py
[2025-07-19T08:39:09.795+0000] {processor.py:840} INFO - DAG(s) 'latest_only' retrieved from /home/airflow/.local/lib/python3.12/site-packages/airflow/example_dags/example_latest_only.py
[2025-07-19T08:39:09.817+0000] {logging_mixin.py:188} INFO - [2025-07-19T08:39:09.817+0000] {dag.py:3096} INFO - Sync 1 DAGs
[2025-07-19T08:39:09.838+0000] {logging_mixin.py:188} INFO - [2025-07-19T08:39:09.838+0000] {dag.py:3954} INFO - Setting next_dagrun for latest_only to 2025-07-19 04:00:00+00:00, run_after=2025-07-19 08:00:00+00:00
[2025-07-19T08:39:09.863+0000] {processor.py:183} INFO - Processing /home/airflow/.local/lib/python3.12/site-packages/airflow/example_dags/example_latest_only.py took 0.086 seconds
[2025-07-19T08:39:40.643+0000] {processor.py:161} INFO - Started process (PID=1140) to work on /home/airflow/.local/lib/python3.12/site-packages/airflow/example_dags/example_latest_only.py
[2025-07-19T08:39:40.644+0000] {processor.py:830} INFO - Processing file /home/airflow/.local/lib/python3.12/site-packages/airflow/example_dags/example_latest_only.py for tasks to queue
[2025-07-19T08:39:40.646+0000] {logging_mixin.py:188} INFO - [2025-07-19T08:39:40.646+0000] {dagbag.py:545} INFO - Filling up the DagBag from /home/airflow/.local/lib/python3.12/site-packages/airflow/example_dags/example_latest_only.py
[2025-07-19T08:39:40.651+0000] {processor.py:840} INFO - DAG(s) 'latest_only' retrieved from /home/airflow/.local/lib/python3.12/site-packages/airflow/example_dags/example_latest_only.py
[2025-07-19T08:39:40.670+0000] {logging_mixin.py:188} INFO - [2025-07-19T08:39:40.670+0000] {dag.py:3096} INFO - Sync 1 DAGs
[2025-07-19T08:39:40.691+0000] {logging_mixin.py:188} INFO - [2025-07-19T08:39:40.690+0000] {dag.py:3954} INFO - Setting next_dagrun for latest_only to 2025-07-19 04:00:00+00:00, run_after=2025-07-19 08:00:00+00:00
[2025-07-19T08:39:40.707+0000] {processor.py:183} INFO - Processing /home/airflow/.local/lib/python3.12/site-packages/airflow/example_dags/example_latest_only.py took 0.070 seconds
[2025-07-19T08:40:11.039+0000] {processor.py:161} INFO - Started process (PID=1402) to work on /home/airflow/.local/lib/python3.12/site-packages/airflow/example_dags/example_latest_only.py
[2025-07-19T08:40:11.040+0000] {processor.py:830} INFO - Processing file /home/airflow/.local/lib/python3.12/site-packages/airflow/example_dags/example_latest_only.py for tasks to queue
[2025-07-19T08:40:11.042+0000] {logging_mixin.py:188} INFO - [2025-07-19T08:40:11.042+0000] {dagbag.py:545} INFO - Filling up the DagBag from /home/airflow/.local/lib/python3.12/site-packages/airflow/example_dags/example_latest_only.py
[2025-07-19T08:40:11.047+0000] {processor.py:840} INFO - DAG(s) 'latest_only' retrieved from /home/airflow/.local/lib/python3.12/site-packages/airflow/example_dags/example_latest_only.py
[2025-07-19T08:40:11.067+0000] {logging_mixin.py:188} INFO - [2025-07-19T08:40:11.067+0000] {dag.py:3096} INFO - Sync 1 DAGs
[2025-07-19T08:40:11.089+0000] {logging_mixin.py:188} INFO - [2025-07-19T08:40:11.089+0000] {dag.py:3954} INFO - Setting next_dagrun for latest_only to 2025-07-19 04:00:00+00:00, run_after=2025-07-19 08:00:00+00:00
[2025-07-19T08:40:11.110+0000] {processor.py:183} INFO - Processing /home/airflow/.local/lib/python3.12/site-packages/airflow/example_dags/example_latest_only.py took 0.078 seconds
[2025-07-19T08:40:41.374+0000] {processor.py:161} INFO - Started process (PID=1664) to work on /home/airflow/.local/lib/python3.12/site-packages/airflow/example_dags/example_latest_only.py
[2025-07-19T08:40:41.375+0000] {processor.py:830} INFO - Processing file /home/airflow/.local/lib/python3.12/site-packages/airflow/example_dags/example_latest_only.py for tasks to queue
[2025-07-19T08:40:41.377+0000] {logging_mixin.py:188} INFO - [2025-07-19T08:40:41.377+0000] {dagbag.py:545} INFO - Filling up the DagBag from /home/airflow/.local/lib/python3.12/site-packages/airflow/example_dags/example_latest_only.py
[2025-07-19T08:40:41.382+0000] {processor.py:840} INFO - DAG(s) 'latest_only' retrieved from /home/airflow/.local/lib/python3.12/site-packages/airflow/example_dags/example_latest_only.py
[2025-07-19T08:40:41.405+0000] {logging_mixin.py:188} INFO - [2025-07-19T08:40:41.405+0000] {dag.py:3096} INFO - Sync 1 DAGs
[2025-07-19T08:40:41.428+0000] {logging_mixin.py:188} INFO - [2025-07-19T08:40:41.428+0000] {dag.py:3954} INFO - Setting next_dagrun for latest_only to 2025-07-19 04:00:00+00:00, run_after=2025-07-19 08:00:00+00:00
[2025-07-19T08:40:41.448+0000] {processor.py:183} INFO - Processing /home/airflow/.local/lib/python3.12/site-packages/airflow/example_dags/example_latest_only.py took 0.080 seconds
[2025-07-19T08:41:11.791+0000] {processor.py:161} INFO - Started process (PID=1928) to work on /home/airflow/.local/lib/python3.12/site-packages/airflow/example_dags/example_latest_only.py
[2025-07-19T08:41:11.793+0000] {processor.py:830} INFO - Processing file /home/airflow/.local/lib/python3.12/site-packages/airflow/example_dags/example_latest_only.py for tasks to queue
[2025-07-19T08:41:11.794+0000] {logging_mixin.py:188} INFO - [2025-07-19T08:41:11.794+0000] {dagbag.py:545} INFO - Filling up the DagBag from /home/airflow/.local/lib/python3.12/site-packages/airflow/example_dags/example_latest_only.py
[2025-07-19T08:41:11.798+0000] {processor.py:840} INFO - DAG(s) 'latest_only' retrieved from /home/airflow/.local/lib/python3.12/site-packages/airflow/example_dags/example_latest_only.py
[2025-07-19T08:41:11.817+0000] {logging_mixin.py:188} INFO - [2025-07-19T08:41:11.817+0000] {dag.py:3096} INFO - Sync 1 DAGs
[2025-07-19T08:41:11.834+0000] {logging_mixin.py:188} INFO - [2025-07-19T08:41:11.834+0000] {dag.py:3954} INFO - Setting next_dagrun for latest_only to 2025-07-19 04:00:00+00:00, run_after=2025-07-19 08:00:00+00:00
[2025-07-19T08:41:11.851+0000] {processor.py:183} INFO - Processing /home/airflow/.local/lib/python3.12/site-packages/airflow/example_dags/example_latest_only.py took 0.065 seconds
[2025-07-19T08:41:42.206+0000] {processor.py:161} INFO - Started process (PID=2188) to work on /home/airflow/.local/lib/python3.12/site-packages/airflow/example_dags/example_latest_only.py
[2025-07-19T08:41:42.207+0000] {processor.py:830} INFO - Processing file /home/airflow/.local/lib/python3.12/site-packages/airflow/example_dags/example_latest_only.py for tasks to queue
[2025-07-19T08:41:42.209+0000] {logging_mixin.py:188} INFO - [2025-07-19T08:41:42.209+0000] {dagbag.py:545} INFO - Filling up the DagBag from /home/airflow/.local/lib/python3.12/site-packages/airflow/example_dags/example_latest_only.py
[2025-07-19T08:41:42.213+0000] {processor.py:840} INFO - DAG(s) 'latest_only' retrieved from /home/airflow/.local/lib/python3.12/site-packages/airflow/example_dags/example_latest_only.py
[2025-07-19T08:41:42.231+0000] {logging_mixin.py:188} INFO - [2025-07-19T08:41:42.231+0000] {dag.py:3096} INFO - Sync 1 DAGs
[2025-07-19T08:41:42.251+0000] {logging_mixin.py:188} INFO - [2025-07-19T08:41:42.251+0000] {dag.py:3954} INFO - Setting next_dagrun for latest_only to 2025-07-19 04:00:00+00:00, run_after=2025-07-19 08:00:00+00:00
[2025-07-19T08:41:42.270+0000] {processor.py:183} INFO - Processing /home/airflow/.local/lib/python3.12/site-packages/airflow/example_dags/example_latest_only.py took 0.070 seconds
