[2025-07-19T08:38:07.454+0000] {processor.py:161} INFO - Started process (PID=285) to work on /home/airflow/.local/lib/python3.12/site-packages/airflow/example_dags/example_trigger_target_dag.py
[2025-07-19T08:38:07.455+0000] {processor.py:830} INFO - Processing file /home/airflow/.local/lib/python3.12/site-packages/airflow/example_dags/example_trigger_target_dag.py for tasks to queue
[2025-07-19T08:38:07.456+0000] {logging_mixin.py:188} INFO - [2025-07-19T08:38:07.456+0000] {dagbag.py:545} INFO - Filling up the DagBag from /home/airflow/.local/lib/python3.12/site-packages/airflow/example_dags/example_trigger_target_dag.py
[2025-07-19T08:38:07.465+0000] {processor.py:840} INFO - DAG(s) 'example_trigger_target_dag' retrieved from /home/airflow/.local/lib/python3.12/site-packages/airflow/example_dags/example_trigger_target_dag.py
[2025-07-19T08:38:07.557+0000] {logging_mixin.py:188} INFO - [2025-07-19T08:38:07.557+0000] {override.py:1829} INFO - Created Permission View: can read on DAG:example_trigger_target_dag
[2025-07-19T08:38:07.566+0000] {logging_mixin.py:188} INFO - [2025-07-19T08:38:07.566+0000] {override.py:1829} INFO - Created Permission View: can delete on DAG:example_trigger_target_dag
[2025-07-19T08:38:07.572+0000] {logging_mixin.py:188} INFO - [2025-07-19T08:38:07.572+0000] {override.py:1829} INFO - Created Permission View: can edit on DAG:example_trigger_target_dag
[2025-07-19T08:38:07.573+0000] {logging_mixin.py:188} INFO - [2025-07-19T08:38:07.572+0000] {dag.py:3096} INFO - Sync 1 DAGs
[2025-07-19T08:38:07.583+0000] {logging_mixin.py:188} INFO - [2025-07-19T08:38:07.582+0000] {dag.py:3118} INFO - Creating ORM DAG for example_trigger_target_dag
[2025-07-19T08:38:07.584+0000] {logging_mixin.py:188} INFO - [2025-07-19T08:38:07.583+0000] {dag.py:3954} INFO - Setting next_dagrun for example_trigger_target_dag to None, run_after=None
[2025-07-19T08:38:07.601+0000] {processor.py:183} INFO - Processing /home/airflow/.local/lib/python3.12/site-packages/airflow/example_dags/example_trigger_target_dag.py took 0.152 seconds
[2025-07-19T08:38:38.467+0000] {processor.py:161} INFO - Started process (PID=547) to work on /home/airflow/.local/lib/python3.12/site-packages/airflow/example_dags/example_trigger_target_dag.py
[2025-07-19T08:38:38.468+0000] {processor.py:830} INFO - Processing file /home/airflow/.local/lib/python3.12/site-packages/airflow/example_dags/example_trigger_target_dag.py for tasks to queue
[2025-07-19T08:38:38.469+0000] {logging_mixin.py:188} INFO - [2025-07-19T08:38:38.469+0000] {dagbag.py:545} INFO - Filling up the DagBag from /home/airflow/.local/lib/python3.12/site-packages/airflow/example_dags/example_trigger_target_dag.py
[2025-07-19T08:38:38.474+0000] {processor.py:840} INFO - DAG(s) 'example_trigger_target_dag' retrieved from /home/airflow/.local/lib/python3.12/site-packages/airflow/example_dags/example_trigger_target_dag.py
[2025-07-19T08:38:38.492+0000] {logging_mixin.py:188} INFO - [2025-07-19T08:38:38.492+0000] {dag.py:3096} INFO - Sync 1 DAGs
[2025-07-19T08:38:38.503+0000] {logging_mixin.py:188} INFO - [2025-07-19T08:38:38.503+0000] {dag.py:3954} INFO - Setting next_dagrun for example_trigger_target_dag to None, run_after=None
[2025-07-19T08:38:38.522+0000] {processor.py:183} INFO - Processing /home/airflow/.local/lib/python3.12/site-packages/airflow/example_dags/example_trigger_target_dag.py took 0.060 seconds
[2025-07-19T08:39:08.895+0000] {processor.py:161} INFO - Started process (PID=815) to work on /home/airflow/.local/lib/python3.12/site-packages/airflow/example_dags/example_trigger_target_dag.py
[2025-07-19T08:39:08.897+0000] {processor.py:830} INFO - Processing file /home/airflow/.local/lib/python3.12/site-packages/airflow/example_dags/example_trigger_target_dag.py for tasks to queue
[2025-07-19T08:39:08.899+0000] {logging_mixin.py:188} INFO - [2025-07-19T08:39:08.899+0000] {dagbag.py:545} INFO - Filling up the DagBag from /home/airflow/.local/lib/python3.12/site-packages/airflow/example_dags/example_trigger_target_dag.py
[2025-07-19T08:39:08.908+0000] {processor.py:840} INFO - DAG(s) 'example_trigger_target_dag' retrieved from /home/airflow/.local/lib/python3.12/site-packages/airflow/example_dags/example_trigger_target_dag.py
[2025-07-19T08:39:08.939+0000] {logging_mixin.py:188} INFO - [2025-07-19T08:39:08.938+0000] {dag.py:3096} INFO - Sync 1 DAGs
[2025-07-19T08:39:08.959+0000] {logging_mixin.py:188} INFO - [2025-07-19T08:39:08.959+0000] {dag.py:3954} INFO - Setting next_dagrun for example_trigger_target_dag to None, run_after=None
[2025-07-19T08:39:08.986+0000] {processor.py:183} INFO - Processing /home/airflow/.local/lib/python3.12/site-packages/airflow/example_dags/example_trigger_target_dag.py took 0.100 seconds
[2025-07-19T08:39:39.902+0000] {processor.py:161} INFO - Started process (PID=1077) to work on /home/airflow/.local/lib/python3.12/site-packages/airflow/example_dags/example_trigger_target_dag.py
[2025-07-19T08:39:39.903+0000] {processor.py:830} INFO - Processing file /home/airflow/.local/lib/python3.12/site-packages/airflow/example_dags/example_trigger_target_dag.py for tasks to queue
[2025-07-19T08:39:39.905+0000] {logging_mixin.py:188} INFO - [2025-07-19T08:39:39.905+0000] {dagbag.py:545} INFO - Filling up the DagBag from /home/airflow/.local/lib/python3.12/site-packages/airflow/example_dags/example_trigger_target_dag.py
[2025-07-19T08:39:39.910+0000] {processor.py:840} INFO - DAG(s) 'example_trigger_target_dag' retrieved from /home/airflow/.local/lib/python3.12/site-packages/airflow/example_dags/example_trigger_target_dag.py
[2025-07-19T08:39:39.928+0000] {logging_mixin.py:188} INFO - [2025-07-19T08:39:39.928+0000] {dag.py:3096} INFO - Sync 1 DAGs
[2025-07-19T08:39:39.940+0000] {logging_mixin.py:188} INFO - [2025-07-19T08:39:39.939+0000] {dag.py:3954} INFO - Setting next_dagrun for example_trigger_target_dag to None, run_after=None
[2025-07-19T08:39:39.959+0000] {processor.py:183} INFO - Processing /home/airflow/.local/lib/python3.12/site-packages/airflow/example_dags/example_trigger_target_dag.py took 0.061 seconds
[2025-07-19T08:40:10.211+0000] {processor.py:161} INFO - Started process (PID=1339) to work on /home/airflow/.local/lib/python3.12/site-packages/airflow/example_dags/example_trigger_target_dag.py
[2025-07-19T08:40:10.212+0000] {processor.py:830} INFO - Processing file /home/airflow/.local/lib/python3.12/site-packages/airflow/example_dags/example_trigger_target_dag.py for tasks to queue
[2025-07-19T08:40:10.214+0000] {logging_mixin.py:188} INFO - [2025-07-19T08:40:10.214+0000] {dagbag.py:545} INFO - Filling up the DagBag from /home/airflow/.local/lib/python3.12/site-packages/airflow/example_dags/example_trigger_target_dag.py
[2025-07-19T08:40:10.219+0000] {processor.py:840} INFO - DAG(s) 'example_trigger_target_dag' retrieved from /home/airflow/.local/lib/python3.12/site-packages/airflow/example_dags/example_trigger_target_dag.py
[2025-07-19T08:40:10.240+0000] {logging_mixin.py:188} INFO - [2025-07-19T08:40:10.240+0000] {dag.py:3096} INFO - Sync 1 DAGs
[2025-07-19T08:40:10.253+0000] {logging_mixin.py:188} INFO - [2025-07-19T08:40:10.252+0000] {dag.py:3954} INFO - Setting next_dagrun for example_trigger_target_dag to None, run_after=None
[2025-07-19T08:40:10.274+0000] {processor.py:183} INFO - Processing /home/airflow/.local/lib/python3.12/site-packages/airflow/example_dags/example_trigger_target_dag.py took 0.068 seconds
[2025-07-19T08:40:40.660+0000] {processor.py:161} INFO - Started process (PID=1601) to work on /home/airflow/.local/lib/python3.12/site-packages/airflow/example_dags/example_trigger_target_dag.py
[2025-07-19T08:40:40.661+0000] {processor.py:830} INFO - Processing file /home/airflow/.local/lib/python3.12/site-packages/airflow/example_dags/example_trigger_target_dag.py for tasks to queue
[2025-07-19T08:40:40.662+0000] {logging_mixin.py:188} INFO - [2025-07-19T08:40:40.662+0000] {dagbag.py:545} INFO - Filling up the DagBag from /home/airflow/.local/lib/python3.12/site-packages/airflow/example_dags/example_trigger_target_dag.py
[2025-07-19T08:40:40.668+0000] {processor.py:840} INFO - DAG(s) 'example_trigger_target_dag' retrieved from /home/airflow/.local/lib/python3.12/site-packages/airflow/example_dags/example_trigger_target_dag.py
[2025-07-19T08:40:40.686+0000] {logging_mixin.py:188} INFO - [2025-07-19T08:40:40.686+0000] {dag.py:3096} INFO - Sync 1 DAGs
[2025-07-19T08:40:40.697+0000] {logging_mixin.py:188} INFO - [2025-07-19T08:40:40.697+0000] {dag.py:3954} INFO - Setting next_dagrun for example_trigger_target_dag to None, run_after=None
[2025-07-19T08:40:40.717+0000] {processor.py:183} INFO - Processing /home/airflow/.local/lib/python3.12/site-packages/airflow/example_dags/example_trigger_target_dag.py took 0.063 seconds
[2025-07-19T08:41:11.036+0000] {processor.py:161} INFO - Started process (PID=1863) to work on /home/airflow/.local/lib/python3.12/site-packages/airflow/example_dags/example_trigger_target_dag.py
[2025-07-19T08:41:11.037+0000] {processor.py:830} INFO - Processing file /home/airflow/.local/lib/python3.12/site-packages/airflow/example_dags/example_trigger_target_dag.py for tasks to queue
[2025-07-19T08:41:11.039+0000] {logging_mixin.py:188} INFO - [2025-07-19T08:41:11.039+0000] {dagbag.py:545} INFO - Filling up the DagBag from /home/airflow/.local/lib/python3.12/site-packages/airflow/example_dags/example_trigger_target_dag.py
[2025-07-19T08:41:11.044+0000] {processor.py:840} INFO - DAG(s) 'example_trigger_target_dag' retrieved from /home/airflow/.local/lib/python3.12/site-packages/airflow/example_dags/example_trigger_target_dag.py
[2025-07-19T08:41:11.061+0000] {logging_mixin.py:188} INFO - [2025-07-19T08:41:11.061+0000] {dag.py:3096} INFO - Sync 1 DAGs
[2025-07-19T08:41:11.072+0000] {logging_mixin.py:188} INFO - [2025-07-19T08:41:11.072+0000] {dag.py:3954} INFO - Setting next_dagrun for example_trigger_target_dag to None, run_after=None
[2025-07-19T08:41:11.089+0000] {processor.py:183} INFO - Processing /home/airflow/.local/lib/python3.12/site-packages/airflow/example_dags/example_trigger_target_dag.py took 0.057 seconds
[2025-07-19T08:41:41.508+0000] {processor.py:161} INFO - Started process (PID=2125) to work on /home/airflow/.local/lib/python3.12/site-packages/airflow/example_dags/example_trigger_target_dag.py
[2025-07-19T08:41:41.509+0000] {processor.py:830} INFO - Processing file /home/airflow/.local/lib/python3.12/site-packages/airflow/example_dags/example_trigger_target_dag.py for tasks to queue
[2025-07-19T08:41:41.511+0000] {logging_mixin.py:188} INFO - [2025-07-19T08:41:41.511+0000] {dagbag.py:545} INFO - Filling up the DagBag from /home/airflow/.local/lib/python3.12/site-packages/airflow/example_dags/example_trigger_target_dag.py
[2025-07-19T08:41:41.517+0000] {processor.py:840} INFO - DAG(s) 'example_trigger_target_dag' retrieved from /home/airflow/.local/lib/python3.12/site-packages/airflow/example_dags/example_trigger_target_dag.py
[2025-07-19T08:41:41.536+0000] {logging_mixin.py:188} INFO - [2025-07-19T08:41:41.535+0000] {dag.py:3096} INFO - Sync 1 DAGs
[2025-07-19T08:41:41.547+0000] {logging_mixin.py:188} INFO - [2025-07-19T08:41:41.546+0000] {dag.py:3954} INFO - Setting next_dagrun for example_trigger_target_dag to None, run_after=None
[2025-07-19T08:41:41.563+0000] {processor.py:183} INFO - Processing /home/airflow/.local/lib/python3.12/site-packages/airflow/example_dags/example_trigger_target_dag.py took 0.060 seconds
