[2025-07-19T08:38:05.180+0000] {processor.py:161} INFO - Started process (PID=218) to work on /home/airflow/.local/lib/python3.12/site-packages/airflow/example_dags/example_branch_operator.py
[2025-07-19T08:38:05.183+0000] {processor.py:830} INFO - Processing file /home/airflow/.local/lib/python3.12/site-packages/airflow/example_dags/example_branch_operator.py for tasks to queue
[2025-07-19T08:38:05.185+0000] {logging_mixin.py:188} INFO - [2025-07-19T08:38:05.185+0000] {dagbag.py:545} INFO - Filling up the DagBag from /home/airflow/.local/lib/python3.12/site-packages/airflow/example_dags/example_branch_operator.py
[2025-07-19T08:38:05.253+0000] {processor.py:840} INFO - DAG(s) 'example_branch_operator' retrieved from /home/airflow/.local/lib/python3.12/site-packages/airflow/example_dags/example_branch_operator.py
[2025-07-19T08:38:05.400+0000] {logging_mixin.py:188} INFO - [2025-07-19T08:38:05.398+0000] {override.py:1829} INFO - Created Permission View: can read on DAG:example_branch_operator
[2025-07-19T08:38:05.411+0000] {logging_mixin.py:188} INFO - [2025-07-19T08:38:05.411+0000] {override.py:1829} INFO - Created Permission View: can delete on DAG:example_branch_operator
[2025-07-19T08:38:05.419+0000] {logging_mixin.py:188} INFO - [2025-07-19T08:38:05.419+0000] {override.py:1829} INFO - Created Permission View: can edit on DAG:example_branch_operator
[2025-07-19T08:38:05.420+0000] {logging_mixin.py:188} INFO - [2025-07-19T08:38:05.420+0000] {dag.py:3096} INFO - Sync 1 DAGs
[2025-07-19T08:38:05.435+0000] {logging_mixin.py:188} INFO - [2025-07-19T08:38:05.434+0000] {dag.py:3118} INFO - Creating ORM DAG for example_branch_operator
[2025-07-19T08:38:05.465+0000] {logging_mixin.py:188} INFO - [2025-07-19T08:38:05.463+0000] {dag.py:3954} INFO - Setting next_dagrun for example_branch_operator to 2025-07-18 00:00:00+00:00, run_after=2025-07-19 00:00:00+00:00
[2025-07-19T08:38:05.506+0000] {processor.py:183} INFO - Processing /home/airflow/.local/lib/python3.12/site-packages/airflow/example_dags/example_branch_operator.py took 0.340 seconds
[2025-07-19T08:38:35.656+0000] {processor.py:161} INFO - Started process (PID=482) to work on /home/airflow/.local/lib/python3.12/site-packages/airflow/example_dags/example_branch_operator.py
[2025-07-19T08:38:35.657+0000] {processor.py:830} INFO - Processing file /home/airflow/.local/lib/python3.12/site-packages/airflow/example_dags/example_branch_operator.py for tasks to queue
[2025-07-19T08:38:35.660+0000] {logging_mixin.py:188} INFO - [2025-07-19T08:38:35.659+0000] {dagbag.py:545} INFO - Filling up the DagBag from /home/airflow/.local/lib/python3.12/site-packages/airflow/example_dags/example_branch_operator.py
[2025-07-19T08:38:35.676+0000] {processor.py:840} INFO - DAG(s) 'example_branch_operator' retrieved from /home/airflow/.local/lib/python3.12/site-packages/airflow/example_dags/example_branch_operator.py
[2025-07-19T08:38:35.703+0000] {logging_mixin.py:188} INFO - [2025-07-19T08:38:35.703+0000] {dag.py:3096} INFO - Sync 1 DAGs
[2025-07-19T08:38:35.722+0000] {logging_mixin.py:188} INFO - [2025-07-19T08:38:35.722+0000] {dag.py:3954} INFO - Setting next_dagrun for example_branch_operator to 2025-07-18 00:00:00+00:00, run_after=2025-07-19 00:00:00+00:00
[2025-07-19T08:38:35.738+0000] {processor.py:183} INFO - Processing /home/airflow/.local/lib/python3.12/site-packages/airflow/example_dags/example_branch_operator.py took 0.090 seconds
[2025-07-19T08:39:06.180+0000] {processor.py:161} INFO - Started process (PID=750) to work on /home/airflow/.local/lib/python3.12/site-packages/airflow/example_dags/example_branch_operator.py
[2025-07-19T08:39:06.181+0000] {processor.py:830} INFO - Processing file /home/airflow/.local/lib/python3.12/site-packages/airflow/example_dags/example_branch_operator.py for tasks to queue
[2025-07-19T08:39:06.182+0000] {logging_mixin.py:188} INFO - [2025-07-19T08:39:06.182+0000] {dagbag.py:545} INFO - Filling up the DagBag from /home/airflow/.local/lib/python3.12/site-packages/airflow/example_dags/example_branch_operator.py
[2025-07-19T08:39:06.196+0000] {processor.py:840} INFO - DAG(s) 'example_branch_operator' retrieved from /home/airflow/.local/lib/python3.12/site-packages/airflow/example_dags/example_branch_operator.py
[2025-07-19T08:39:06.221+0000] {logging_mixin.py:188} INFO - [2025-07-19T08:39:06.221+0000] {dag.py:3096} INFO - Sync 1 DAGs
[2025-07-19T08:39:06.240+0000] {logging_mixin.py:188} INFO - [2025-07-19T08:39:06.240+0000] {dag.py:3954} INFO - Setting next_dagrun for example_branch_operator to 2025-07-18 00:00:00+00:00, run_after=2025-07-19 00:00:00+00:00
[2025-07-19T08:39:06.259+0000] {processor.py:183} INFO - Processing /home/airflow/.local/lib/python3.12/site-packages/airflow/example_dags/example_branch_operator.py took 0.084 seconds
[2025-07-19T08:39:37.041+0000] {processor.py:161} INFO - Started process (PID=1010) to work on /home/airflow/.local/lib/python3.12/site-packages/airflow/example_dags/example_branch_operator.py
[2025-07-19T08:39:37.042+0000] {processor.py:830} INFO - Processing file /home/airflow/.local/lib/python3.12/site-packages/airflow/example_dags/example_branch_operator.py for tasks to queue
[2025-07-19T08:39:37.044+0000] {logging_mixin.py:188} INFO - [2025-07-19T08:39:37.043+0000] {dagbag.py:545} INFO - Filling up the DagBag from /home/airflow/.local/lib/python3.12/site-packages/airflow/example_dags/example_branch_operator.py
[2025-07-19T08:39:37.060+0000] {processor.py:840} INFO - DAG(s) 'example_branch_operator' retrieved from /home/airflow/.local/lib/python3.12/site-packages/airflow/example_dags/example_branch_operator.py
[2025-07-19T08:39:37.089+0000] {logging_mixin.py:188} INFO - [2025-07-19T08:39:37.089+0000] {dag.py:3096} INFO - Sync 1 DAGs
[2025-07-19T08:39:37.113+0000] {logging_mixin.py:188} INFO - [2025-07-19T08:39:37.113+0000] {dag.py:3954} INFO - Setting next_dagrun for example_branch_operator to 2025-07-18 00:00:00+00:00, run_after=2025-07-19 00:00:00+00:00
[2025-07-19T08:39:37.134+0000] {processor.py:183} INFO - Processing /home/airflow/.local/lib/python3.12/site-packages/airflow/example_dags/example_branch_operator.py took 0.099 seconds
[2025-07-19T08:40:07.327+0000] {processor.py:161} INFO - Started process (PID=1268) to work on /home/airflow/.local/lib/python3.12/site-packages/airflow/example_dags/example_branch_operator.py
[2025-07-19T08:40:07.328+0000] {processor.py:830} INFO - Processing file /home/airflow/.local/lib/python3.12/site-packages/airflow/example_dags/example_branch_operator.py for tasks to queue
[2025-07-19T08:40:07.330+0000] {logging_mixin.py:188} INFO - [2025-07-19T08:40:07.329+0000] {dagbag.py:545} INFO - Filling up the DagBag from /home/airflow/.local/lib/python3.12/site-packages/airflow/example_dags/example_branch_operator.py
[2025-07-19T08:40:07.343+0000] {processor.py:840} INFO - DAG(s) 'example_branch_operator' retrieved from /home/airflow/.local/lib/python3.12/site-packages/airflow/example_dags/example_branch_operator.py
[2025-07-19T08:40:07.368+0000] {logging_mixin.py:188} INFO - [2025-07-19T08:40:07.367+0000] {dag.py:3096} INFO - Sync 1 DAGs
[2025-07-19T08:40:07.386+0000] {logging_mixin.py:188} INFO - [2025-07-19T08:40:07.386+0000] {dag.py:3954} INFO - Setting next_dagrun for example_branch_operator to 2025-07-18 00:00:00+00:00, run_after=2025-07-19 00:00:00+00:00
[2025-07-19T08:40:07.406+0000] {processor.py:183} INFO - Processing /home/airflow/.local/lib/python3.12/site-packages/airflow/example_dags/example_branch_operator.py took 0.084 seconds
[2025-07-19T08:40:37.660+0000] {processor.py:161} INFO - Started process (PID=1530) to work on /home/airflow/.local/lib/python3.12/site-packages/airflow/example_dags/example_branch_operator.py
[2025-07-19T08:40:37.661+0000] {processor.py:830} INFO - Processing file /home/airflow/.local/lib/python3.12/site-packages/airflow/example_dags/example_branch_operator.py for tasks to queue
[2025-07-19T08:40:37.662+0000] {logging_mixin.py:188} INFO - [2025-07-19T08:40:37.662+0000] {dagbag.py:545} INFO - Filling up the DagBag from /home/airflow/.local/lib/python3.12/site-packages/airflow/example_dags/example_branch_operator.py
[2025-07-19T08:40:37.677+0000] {processor.py:840} INFO - DAG(s) 'example_branch_operator' retrieved from /home/airflow/.local/lib/python3.12/site-packages/airflow/example_dags/example_branch_operator.py
[2025-07-19T08:40:37.703+0000] {logging_mixin.py:188} INFO - [2025-07-19T08:40:37.703+0000] {dag.py:3096} INFO - Sync 1 DAGs
[2025-07-19T08:40:37.726+0000] {logging_mixin.py:188} INFO - [2025-07-19T08:40:37.726+0000] {dag.py:3954} INFO - Setting next_dagrun for example_branch_operator to 2025-07-18 00:00:00+00:00, run_after=2025-07-19 00:00:00+00:00
[2025-07-19T08:40:37.746+0000] {processor.py:183} INFO - Processing /home/airflow/.local/lib/python3.12/site-packages/airflow/example_dags/example_branch_operator.py took 0.093 seconds
[2025-07-19T08:41:08.058+0000] {processor.py:161} INFO - Started process (PID=1792) to work on /home/airflow/.local/lib/python3.12/site-packages/airflow/example_dags/example_branch_operator.py
[2025-07-19T08:41:08.059+0000] {processor.py:830} INFO - Processing file /home/airflow/.local/lib/python3.12/site-packages/airflow/example_dags/example_branch_operator.py for tasks to queue
[2025-07-19T08:41:08.061+0000] {logging_mixin.py:188} INFO - [2025-07-19T08:41:08.061+0000] {dagbag.py:545} INFO - Filling up the DagBag from /home/airflow/.local/lib/python3.12/site-packages/airflow/example_dags/example_branch_operator.py
[2025-07-19T08:41:08.074+0000] {processor.py:840} INFO - DAG(s) 'example_branch_operator' retrieved from /home/airflow/.local/lib/python3.12/site-packages/airflow/example_dags/example_branch_operator.py
[2025-07-19T08:41:08.099+0000] {logging_mixin.py:188} INFO - [2025-07-19T08:41:08.099+0000] {dag.py:3096} INFO - Sync 1 DAGs
[2025-07-19T08:41:08.116+0000] {logging_mixin.py:188} INFO - [2025-07-19T08:41:08.116+0000] {dag.py:3954} INFO - Setting next_dagrun for example_branch_operator to 2025-07-18 00:00:00+00:00, run_after=2025-07-19 00:00:00+00:00
[2025-07-19T08:41:08.136+0000] {processor.py:183} INFO - Processing /home/airflow/.local/lib/python3.12/site-packages/airflow/example_dags/example_branch_operator.py took 0.083 seconds
[2025-07-19T08:41:38.411+0000] {processor.py:161} INFO - Started process (PID=2054) to work on /home/airflow/.local/lib/python3.12/site-packages/airflow/example_dags/example_branch_operator.py
[2025-07-19T08:41:38.412+0000] {processor.py:830} INFO - Processing file /home/airflow/.local/lib/python3.12/site-packages/airflow/example_dags/example_branch_operator.py for tasks to queue
[2025-07-19T08:41:38.413+0000] {logging_mixin.py:188} INFO - [2025-07-19T08:41:38.413+0000] {dagbag.py:545} INFO - Filling up the DagBag from /home/airflow/.local/lib/python3.12/site-packages/airflow/example_dags/example_branch_operator.py
[2025-07-19T08:41:38.426+0000] {processor.py:840} INFO - DAG(s) 'example_branch_operator' retrieved from /home/airflow/.local/lib/python3.12/site-packages/airflow/example_dags/example_branch_operator.py
[2025-07-19T08:41:38.450+0000] {logging_mixin.py:188} INFO - [2025-07-19T08:41:38.450+0000] {dag.py:3096} INFO - Sync 1 DAGs
[2025-07-19T08:41:38.468+0000] {logging_mixin.py:188} INFO - [2025-07-19T08:41:38.467+0000] {dag.py:3954} INFO - Setting next_dagrun for example_branch_operator to 2025-07-18 00:00:00+00:00, run_after=2025-07-19 00:00:00+00:00
[2025-07-19T08:41:38.484+0000] {processor.py:183} INFO - Processing /home/airflow/.local/lib/python3.12/site-packages/airflow/example_dags/example_branch_operator.py took 0.078 seconds
