[2025-07-19T08:38:06.892+0000] {processor.py:161} INFO - Started process (PID=268) to work on /home/airflow/.local/lib/python3.12/site-packages/airflow/example_dags/example_xcom.py
[2025-07-19T08:38:06.893+0000] {processor.py:830} INFO - Processing file /home/airflow/.local/lib/python3.12/site-packages/airflow/example_dags/example_xcom.py for tasks to queue
[2025-07-19T08:38:06.895+0000] {logging_mixin.py:188} INFO - [2025-07-19T08:38:06.895+0000] {dagbag.py:545} INFO - Filling up the DagBag from /home/airflow/.local/lib/python3.12/site-packages/airflow/example_dags/example_xcom.py
[2025-07-19T08:38:06.910+0000] {processor.py:840} INFO - DAG(s) 'example_xcom' retrieved from /home/airflow/.local/lib/python3.12/site-packages/airflow/example_dags/example_xcom.py
[2025-07-19T08:38:07.079+0000] {logging_mixin.py:188} INFO - [2025-07-19T08:38:07.078+0000] {override.py:1829} INFO - Created Permission View: can read on DAG:example_xcom
[2025-07-19T08:38:07.098+0000] {logging_mixin.py:188} INFO - [2025-07-19T08:38:07.097+0000] {override.py:1829} INFO - Created Permission View: can delete on DAG:example_xcom
[2025-07-19T08:38:07.105+0000] {logging_mixin.py:188} INFO - [2025-07-19T08:38:07.105+0000] {override.py:1829} INFO - Created Permission View: can edit on DAG:example_xcom
[2025-07-19T08:38:07.106+0000] {logging_mixin.py:188} INFO - [2025-07-19T08:38:07.106+0000] {dag.py:3096} INFO - Sync 1 DAGs
[2025-07-19T08:38:07.118+0000] {logging_mixin.py:188} INFO - [2025-07-19T08:38:07.117+0000] {dag.py:3118} INFO - Creating ORM DAG for example_xcom
[2025-07-19T08:38:07.128+0000] {logging_mixin.py:188} INFO - [2025-07-19T08:38:07.128+0000] {dag.py:3954} INFO - Setting next_dagrun for example_xcom to 2021-01-01 00:00:00+00:00, run_after=2021-01-01 00:00:00+00:00
[2025-07-19T08:38:07.152+0000] {processor.py:183} INFO - Processing /home/airflow/.local/lib/python3.12/site-packages/airflow/example_dags/example_xcom.py took 0.267 seconds
[2025-07-19T08:38:37.320+0000] {processor.py:161} INFO - Started process (PID=530) to work on /home/airflow/.local/lib/python3.12/site-packages/airflow/example_dags/example_xcom.py
[2025-07-19T08:38:37.321+0000] {processor.py:830} INFO - Processing file /home/airflow/.local/lib/python3.12/site-packages/airflow/example_dags/example_xcom.py for tasks to queue
[2025-07-19T08:38:37.323+0000] {logging_mixin.py:188} INFO - [2025-07-19T08:38:37.323+0000] {dagbag.py:545} INFO - Filling up the DagBag from /home/airflow/.local/lib/python3.12/site-packages/airflow/example_dags/example_xcom.py
[2025-07-19T08:38:37.330+0000] {processor.py:840} INFO - DAG(s) 'example_xcom' retrieved from /home/airflow/.local/lib/python3.12/site-packages/airflow/example_dags/example_xcom.py
[2025-07-19T08:38:37.348+0000] {logging_mixin.py:188} INFO - [2025-07-19T08:38:37.348+0000] {dag.py:3096} INFO - Sync 1 DAGs
[2025-07-19T08:38:37.366+0000] {logging_mixin.py:188} INFO - [2025-07-19T08:38:37.366+0000] {dag.py:3954} INFO - Setting next_dagrun for example_xcom to 2021-01-01 00:00:00+00:00, run_after=2021-01-01 00:00:00+00:00
[2025-07-19T08:38:37.382+0000] {processor.py:183} INFO - Processing /home/airflow/.local/lib/python3.12/site-packages/airflow/example_dags/example_xcom.py took 0.067 seconds
[2025-07-19T08:39:07.735+0000] {processor.py:161} INFO - Started process (PID=798) to work on /home/airflow/.local/lib/python3.12/site-packages/airflow/example_dags/example_xcom.py
[2025-07-19T08:39:07.736+0000] {processor.py:830} INFO - Processing file /home/airflow/.local/lib/python3.12/site-packages/airflow/example_dags/example_xcom.py for tasks to queue
[2025-07-19T08:39:07.737+0000] {logging_mixin.py:188} INFO - [2025-07-19T08:39:07.737+0000] {dagbag.py:545} INFO - Filling up the DagBag from /home/airflow/.local/lib/python3.12/site-packages/airflow/example_dags/example_xcom.py
[2025-07-19T08:39:07.744+0000] {processor.py:840} INFO - DAG(s) 'example_xcom' retrieved from /home/airflow/.local/lib/python3.12/site-packages/airflow/example_dags/example_xcom.py
[2025-07-19T08:39:07.763+0000] {logging_mixin.py:188} INFO - [2025-07-19T08:39:07.763+0000] {dag.py:3096} INFO - Sync 1 DAGs
[2025-07-19T08:39:07.782+0000] {logging_mixin.py:188} INFO - [2025-07-19T08:39:07.782+0000] {dag.py:3954} INFO - Setting next_dagrun for example_xcom to 2021-01-01 00:00:00+00:00, run_after=2021-01-01 00:00:00+00:00
[2025-07-19T08:39:07.798+0000] {processor.py:183} INFO - Processing /home/airflow/.local/lib/python3.12/site-packages/airflow/example_dags/example_xcom.py took 0.069 seconds
[2025-07-19T08:39:38.685+0000] {processor.py:161} INFO - Started process (PID=1060) to work on /home/airflow/.local/lib/python3.12/site-packages/airflow/example_dags/example_xcom.py
[2025-07-19T08:39:38.686+0000] {processor.py:830} INFO - Processing file /home/airflow/.local/lib/python3.12/site-packages/airflow/example_dags/example_xcom.py for tasks to queue
[2025-07-19T08:39:38.687+0000] {logging_mixin.py:188} INFO - [2025-07-19T08:39:38.687+0000] {dagbag.py:545} INFO - Filling up the DagBag from /home/airflow/.local/lib/python3.12/site-packages/airflow/example_dags/example_xcom.py
[2025-07-19T08:39:38.694+0000] {processor.py:840} INFO - DAG(s) 'example_xcom' retrieved from /home/airflow/.local/lib/python3.12/site-packages/airflow/example_dags/example_xcom.py
[2025-07-19T08:39:38.715+0000] {logging_mixin.py:188} INFO - [2025-07-19T08:39:38.715+0000] {dag.py:3096} INFO - Sync 1 DAGs
[2025-07-19T08:39:38.735+0000] {logging_mixin.py:188} INFO - [2025-07-19T08:39:38.735+0000] {dag.py:3954} INFO - Setting next_dagrun for example_xcom to 2021-01-01 00:00:00+00:00, run_after=2021-01-01 00:00:00+00:00
[2025-07-19T08:39:38.754+0000] {processor.py:183} INFO - Processing /home/airflow/.local/lib/python3.12/site-packages/airflow/example_dags/example_xcom.py took 0.074 seconds
[2025-07-19T08:40:09.091+0000] {processor.py:161} INFO - Started process (PID=1324) to work on /home/airflow/.local/lib/python3.12/site-packages/airflow/example_dags/example_xcom.py
[2025-07-19T08:40:09.092+0000] {processor.py:830} INFO - Processing file /home/airflow/.local/lib/python3.12/site-packages/airflow/example_dags/example_xcom.py for tasks to queue
[2025-07-19T08:40:09.094+0000] {logging_mixin.py:188} INFO - [2025-07-19T08:40:09.094+0000] {dagbag.py:545} INFO - Filling up the DagBag from /home/airflow/.local/lib/python3.12/site-packages/airflow/example_dags/example_xcom.py
[2025-07-19T08:40:09.101+0000] {processor.py:840} INFO - DAG(s) 'example_xcom' retrieved from /home/airflow/.local/lib/python3.12/site-packages/airflow/example_dags/example_xcom.py
[2025-07-19T08:40:09.120+0000] {logging_mixin.py:188} INFO - [2025-07-19T08:40:09.119+0000] {dag.py:3096} INFO - Sync 1 DAGs
[2025-07-19T08:40:09.141+0000] {logging_mixin.py:188} INFO - [2025-07-19T08:40:09.140+0000] {dag.py:3954} INFO - Setting next_dagrun for example_xcom to 2021-01-01 00:00:00+00:00, run_after=2021-01-01 00:00:00+00:00
[2025-07-19T08:40:09.159+0000] {processor.py:183} INFO - Processing /home/airflow/.local/lib/python3.12/site-packages/airflow/example_dags/example_xcom.py took 0.074 seconds
[2025-07-19T08:40:39.531+0000] {processor.py:161} INFO - Started process (PID=1584) to work on /home/airflow/.local/lib/python3.12/site-packages/airflow/example_dags/example_xcom.py
[2025-07-19T08:40:39.532+0000] {processor.py:830} INFO - Processing file /home/airflow/.local/lib/python3.12/site-packages/airflow/example_dags/example_xcom.py for tasks to queue
[2025-07-19T08:40:39.534+0000] {logging_mixin.py:188} INFO - [2025-07-19T08:40:39.534+0000] {dagbag.py:545} INFO - Filling up the DagBag from /home/airflow/.local/lib/python3.12/site-packages/airflow/example_dags/example_xcom.py
[2025-07-19T08:40:39.541+0000] {processor.py:840} INFO - DAG(s) 'example_xcom' retrieved from /home/airflow/.local/lib/python3.12/site-packages/airflow/example_dags/example_xcom.py
[2025-07-19T08:40:39.560+0000] {logging_mixin.py:188} INFO - [2025-07-19T08:40:39.559+0000] {dag.py:3096} INFO - Sync 1 DAGs
[2025-07-19T08:40:39.579+0000] {logging_mixin.py:188} INFO - [2025-07-19T08:40:39.578+0000] {dag.py:3954} INFO - Setting next_dagrun for example_xcom to 2021-01-01 00:00:00+00:00, run_after=2021-01-01 00:00:00+00:00
[2025-07-19T08:40:39.596+0000] {processor.py:183} INFO - Processing /home/airflow/.local/lib/python3.12/site-packages/airflow/example_dags/example_xcom.py took 0.070 seconds
[2025-07-19T08:41:09.893+0000] {processor.py:161} INFO - Started process (PID=1846) to work on /home/airflow/.local/lib/python3.12/site-packages/airflow/example_dags/example_xcom.py
[2025-07-19T08:41:09.894+0000] {processor.py:830} INFO - Processing file /home/airflow/.local/lib/python3.12/site-packages/airflow/example_dags/example_xcom.py for tasks to queue
[2025-07-19T08:41:09.896+0000] {logging_mixin.py:188} INFO - [2025-07-19T08:41:09.896+0000] {dagbag.py:545} INFO - Filling up the DagBag from /home/airflow/.local/lib/python3.12/site-packages/airflow/example_dags/example_xcom.py
[2025-07-19T08:41:09.903+0000] {processor.py:840} INFO - DAG(s) 'example_xcom' retrieved from /home/airflow/.local/lib/python3.12/site-packages/airflow/example_dags/example_xcom.py
[2025-07-19T08:41:09.921+0000] {logging_mixin.py:188} INFO - [2025-07-19T08:41:09.920+0000] {dag.py:3096} INFO - Sync 1 DAGs
[2025-07-19T08:41:09.938+0000] {logging_mixin.py:188} INFO - [2025-07-19T08:41:09.938+0000] {dag.py:3954} INFO - Setting next_dagrun for example_xcom to 2021-01-01 00:00:00+00:00, run_after=2021-01-01 00:00:00+00:00
[2025-07-19T08:41:09.956+0000] {processor.py:183} INFO - Processing /home/airflow/.local/lib/python3.12/site-packages/airflow/example_dags/example_xcom.py took 0.068 seconds
[2025-07-19T08:41:40.158+0000] {processor.py:161} INFO - Started process (PID=2108) to work on /home/airflow/.local/lib/python3.12/site-packages/airflow/example_dags/example_xcom.py
[2025-07-19T08:41:40.159+0000] {processor.py:830} INFO - Processing file /home/airflow/.local/lib/python3.12/site-packages/airflow/example_dags/example_xcom.py for tasks to queue
[2025-07-19T08:41:40.161+0000] {logging_mixin.py:188} INFO - [2025-07-19T08:41:40.161+0000] {dagbag.py:545} INFO - Filling up the DagBag from /home/airflow/.local/lib/python3.12/site-packages/airflow/example_dags/example_xcom.py
[2025-07-19T08:41:40.168+0000] {processor.py:840} INFO - DAG(s) 'example_xcom' retrieved from /home/airflow/.local/lib/python3.12/site-packages/airflow/example_dags/example_xcom.py
[2025-07-19T08:41:40.188+0000] {logging_mixin.py:188} INFO - [2025-07-19T08:41:40.188+0000] {dag.py:3096} INFO - Sync 1 DAGs
[2025-07-19T08:41:40.210+0000] {logging_mixin.py:188} INFO - [2025-07-19T08:41:40.209+0000] {dag.py:3954} INFO - Setting next_dagrun for example_xcom to 2021-01-01 00:00:00+00:00, run_after=2021-01-01 00:00:00+00:00
[2025-07-19T08:41:40.231+0000] {processor.py:183} INFO - Processing /home/airflow/.local/lib/python3.12/site-packages/airflow/example_dags/example_xcom.py took 0.078 seconds
