[2025-07-19T08:38:03.645+0000] {processor.py:161} INFO - Started process (PID=183) to work on /home/airflow/.local/lib/python3.12/site-packages/airflow/example_dags/example_dynamic_task_mapping_with_no_taskflow_operators.py
[2025-07-19T08:38:03.646+0000] {processor.py:830} INFO - Processing file /home/airflow/.local/lib/python3.12/site-packages/airflow/example_dags/example_dynamic_task_mapping_with_no_taskflow_operators.py for tasks to queue
[2025-07-19T08:38:03.648+0000] {logging_mixin.py:188} INFO - [2025-07-19T08:38:03.648+0000] {dagbag.py:545} INFO - Filling up the DagBag from /home/airflow/.local/lib/python3.12/site-packages/airflow/example_dags/example_dynamic_task_mapping_with_no_taskflow_operators.py
[2025-07-19T08:38:03.657+0000] {processor.py:840} INFO - DAG(s) 'example_dynamic_task_mapping_with_no_taskflow_operators' retrieved from /home/airflow/.local/lib/python3.12/site-packages/airflow/example_dags/example_dynamic_task_mapping_with_no_taskflow_operators.py
[2025-07-19T08:38:03.801+0000] {logging_mixin.py:188} INFO - [2025-07-19T08:38:03.800+0000] {override.py:1829} INFO - Created Permission View: can read on DAG:example_dynamic_task_mapping_with_no_taskflow_operators
[2025-07-19T08:38:03.812+0000] {logging_mixin.py:188} INFO - [2025-07-19T08:38:03.812+0000] {override.py:1829} INFO - Created Permission View: can delete on DAG:example_dynamic_task_mapping_with_no_taskflow_operators
[2025-07-19T08:38:03.823+0000] {logging_mixin.py:188} INFO - [2025-07-19T08:38:03.823+0000] {override.py:1829} INFO - Created Permission View: can edit on DAG:example_dynamic_task_mapping_with_no_taskflow_operators
[2025-07-19T08:38:03.824+0000] {logging_mixin.py:188} INFO - [2025-07-19T08:38:03.824+0000] {dag.py:3096} INFO - Sync 1 DAGs
[2025-07-19T08:38:03.846+0000] {logging_mixin.py:188} INFO - [2025-07-19T08:38:03.845+0000] {dag.py:3118} INFO - Creating ORM DAG for example_dynamic_task_mapping_with_no_taskflow_operators
[2025-07-19T08:38:03.861+0000] {logging_mixin.py:188} INFO - [2025-07-19T08:38:03.861+0000] {dag.py:3954} INFO - Setting next_dagrun for example_dynamic_task_mapping_with_no_taskflow_operators to 2025-07-18 00:00:00+00:00, run_after=2025-07-19 00:00:00+00:00
[2025-07-19T08:38:03.878+0000] {processor.py:183} INFO - Processing /home/airflow/.local/lib/python3.12/site-packages/airflow/example_dags/example_dynamic_task_mapping_with_no_taskflow_operators.py took 0.238 seconds
[2025-07-19T08:38:34.921+0000] {processor.py:161} INFO - Started process (PID=444) to work on /home/airflow/.local/lib/python3.12/site-packages/airflow/example_dags/example_dynamic_task_mapping_with_no_taskflow_operators.py
[2025-07-19T08:38:34.924+0000] {processor.py:830} INFO - Processing file /home/airflow/.local/lib/python3.12/site-packages/airflow/example_dags/example_dynamic_task_mapping_with_no_taskflow_operators.py for tasks to queue
[2025-07-19T08:38:34.928+0000] {logging_mixin.py:188} INFO - [2025-07-19T08:38:34.927+0000] {dagbag.py:545} INFO - Filling up the DagBag from /home/airflow/.local/lib/python3.12/site-packages/airflow/example_dags/example_dynamic_task_mapping_with_no_taskflow_operators.py
[2025-07-19T08:38:34.941+0000] {processor.py:840} INFO - DAG(s) 'example_dynamic_task_mapping_with_no_taskflow_operators' retrieved from /home/airflow/.local/lib/python3.12/site-packages/airflow/example_dags/example_dynamic_task_mapping_with_no_taskflow_operators.py
[2025-07-19T08:38:34.969+0000] {logging_mixin.py:188} INFO - [2025-07-19T08:38:34.969+0000] {dag.py:3096} INFO - Sync 1 DAGs
[2025-07-19T08:38:35.003+0000] {logging_mixin.py:188} INFO - [2025-07-19T08:38:35.003+0000] {dag.py:3954} INFO - Setting next_dagrun for example_dynamic_task_mapping_with_no_taskflow_operators to 2025-07-18 00:00:00+00:00, run_after=2025-07-19 00:00:00+00:00
[2025-07-19T08:38:35.027+0000] {processor.py:183} INFO - Processing /home/airflow/.local/lib/python3.12/site-packages/airflow/example_dags/example_dynamic_task_mapping_with_no_taskflow_operators.py took 0.118 seconds
[2025-07-19T08:39:05.226+0000] {processor.py:161} INFO - Started process (PID=709) to work on /home/airflow/.local/lib/python3.12/site-packages/airflow/example_dags/example_dynamic_task_mapping_with_no_taskflow_operators.py
[2025-07-19T08:39:05.228+0000] {processor.py:830} INFO - Processing file /home/airflow/.local/lib/python3.12/site-packages/airflow/example_dags/example_dynamic_task_mapping_with_no_taskflow_operators.py for tasks to queue
[2025-07-19T08:39:05.230+0000] {logging_mixin.py:188} INFO - [2025-07-19T08:39:05.229+0000] {dagbag.py:545} INFO - Filling up the DagBag from /home/airflow/.local/lib/python3.12/site-packages/airflow/example_dags/example_dynamic_task_mapping_with_no_taskflow_operators.py
[2025-07-19T08:39:05.237+0000] {processor.py:840} INFO - DAG(s) 'example_dynamic_task_mapping_with_no_taskflow_operators' retrieved from /home/airflow/.local/lib/python3.12/site-packages/airflow/example_dags/example_dynamic_task_mapping_with_no_taskflow_operators.py
[2025-07-19T08:39:05.257+0000] {logging_mixin.py:188} INFO - [2025-07-19T08:39:05.257+0000] {dag.py:3096} INFO - Sync 1 DAGs
[2025-07-19T08:39:05.278+0000] {logging_mixin.py:188} INFO - [2025-07-19T08:39:05.278+0000] {dag.py:3954} INFO - Setting next_dagrun for example_dynamic_task_mapping_with_no_taskflow_operators to 2025-07-18 00:00:00+00:00, run_after=2025-07-19 00:00:00+00:00
[2025-07-19T08:39:05.298+0000] {processor.py:183} INFO - Processing /home/airflow/.local/lib/python3.12/site-packages/airflow/example_dags/example_dynamic_task_mapping_with_no_taskflow_operators.py took 0.077 seconds
[2025-07-19T08:39:35.625+0000] {processor.py:161} INFO - Started process (PID=971) to work on /home/airflow/.local/lib/python3.12/site-packages/airflow/example_dags/example_dynamic_task_mapping_with_no_taskflow_operators.py
[2025-07-19T08:39:35.626+0000] {processor.py:830} INFO - Processing file /home/airflow/.local/lib/python3.12/site-packages/airflow/example_dags/example_dynamic_task_mapping_with_no_taskflow_operators.py for tasks to queue
[2025-07-19T08:39:35.627+0000] {logging_mixin.py:188} INFO - [2025-07-19T08:39:35.627+0000] {dagbag.py:545} INFO - Filling up the DagBag from /home/airflow/.local/lib/python3.12/site-packages/airflow/example_dags/example_dynamic_task_mapping_with_no_taskflow_operators.py
[2025-07-19T08:39:35.634+0000] {processor.py:840} INFO - DAG(s) 'example_dynamic_task_mapping_with_no_taskflow_operators' retrieved from /home/airflow/.local/lib/python3.12/site-packages/airflow/example_dags/example_dynamic_task_mapping_with_no_taskflow_operators.py
[2025-07-19T08:39:35.653+0000] {logging_mixin.py:188} INFO - [2025-07-19T08:39:35.652+0000] {dag.py:3096} INFO - Sync 1 DAGs
[2025-07-19T08:39:35.673+0000] {logging_mixin.py:188} INFO - [2025-07-19T08:39:35.673+0000] {dag.py:3954} INFO - Setting next_dagrun for example_dynamic_task_mapping_with_no_taskflow_operators to 2025-07-18 00:00:00+00:00, run_after=2025-07-19 00:00:00+00:00
[2025-07-19T08:39:35.694+0000] {processor.py:183} INFO - Processing /home/airflow/.local/lib/python3.12/site-packages/airflow/example_dags/example_dynamic_task_mapping_with_no_taskflow_operators.py took 0.075 seconds
[2025-07-19T08:40:06.016+0000] {processor.py:161} INFO - Started process (PID=1233) to work on /home/airflow/.local/lib/python3.12/site-packages/airflow/example_dags/example_dynamic_task_mapping_with_no_taskflow_operators.py
[2025-07-19T08:40:06.017+0000] {processor.py:830} INFO - Processing file /home/airflow/.local/lib/python3.12/site-packages/airflow/example_dags/example_dynamic_task_mapping_with_no_taskflow_operators.py for tasks to queue
[2025-07-19T08:40:06.019+0000] {logging_mixin.py:188} INFO - [2025-07-19T08:40:06.018+0000] {dagbag.py:545} INFO - Filling up the DagBag from /home/airflow/.local/lib/python3.12/site-packages/airflow/example_dags/example_dynamic_task_mapping_with_no_taskflow_operators.py
[2025-07-19T08:40:06.024+0000] {processor.py:840} INFO - DAG(s) 'example_dynamic_task_mapping_with_no_taskflow_operators' retrieved from /home/airflow/.local/lib/python3.12/site-packages/airflow/example_dags/example_dynamic_task_mapping_with_no_taskflow_operators.py
[2025-07-19T08:40:06.043+0000] {logging_mixin.py:188} INFO - [2025-07-19T08:40:06.043+0000] {dag.py:3096} INFO - Sync 1 DAGs
[2025-07-19T08:40:06.063+0000] {logging_mixin.py:188} INFO - [2025-07-19T08:40:06.063+0000] {dag.py:3954} INFO - Setting next_dagrun for example_dynamic_task_mapping_with_no_taskflow_operators to 2025-07-18 00:00:00+00:00, run_after=2025-07-19 00:00:00+00:00
[2025-07-19T08:40:06.082+0000] {processor.py:183} INFO - Processing /home/airflow/.local/lib/python3.12/site-packages/airflow/example_dags/example_dynamic_task_mapping_with_no_taskflow_operators.py took 0.071 seconds
[2025-07-19T08:40:36.345+0000] {processor.py:161} INFO - Started process (PID=1495) to work on /home/airflow/.local/lib/python3.12/site-packages/airflow/example_dags/example_dynamic_task_mapping_with_no_taskflow_operators.py
[2025-07-19T08:40:36.346+0000] {processor.py:830} INFO - Processing file /home/airflow/.local/lib/python3.12/site-packages/airflow/example_dags/example_dynamic_task_mapping_with_no_taskflow_operators.py for tasks to queue
[2025-07-19T08:40:36.348+0000] {logging_mixin.py:188} INFO - [2025-07-19T08:40:36.348+0000] {dagbag.py:545} INFO - Filling up the DagBag from /home/airflow/.local/lib/python3.12/site-packages/airflow/example_dags/example_dynamic_task_mapping_with_no_taskflow_operators.py
[2025-07-19T08:40:36.353+0000] {processor.py:840} INFO - DAG(s) 'example_dynamic_task_mapping_with_no_taskflow_operators' retrieved from /home/airflow/.local/lib/python3.12/site-packages/airflow/example_dags/example_dynamic_task_mapping_with_no_taskflow_operators.py
[2025-07-19T08:40:36.373+0000] {logging_mixin.py:188} INFO - [2025-07-19T08:40:36.373+0000] {dag.py:3096} INFO - Sync 1 DAGs
[2025-07-19T08:40:36.393+0000] {logging_mixin.py:188} INFO - [2025-07-19T08:40:36.393+0000] {dag.py:3954} INFO - Setting next_dagrun for example_dynamic_task_mapping_with_no_taskflow_operators to 2025-07-18 00:00:00+00:00, run_after=2025-07-19 00:00:00+00:00
[2025-07-19T08:40:36.413+0000] {processor.py:183} INFO - Processing /home/airflow/.local/lib/python3.12/site-packages/airflow/example_dags/example_dynamic_task_mapping_with_no_taskflow_operators.py took 0.073 seconds
[2025-07-19T08:41:06.751+0000] {processor.py:161} INFO - Started process (PID=1757) to work on /home/airflow/.local/lib/python3.12/site-packages/airflow/example_dags/example_dynamic_task_mapping_with_no_taskflow_operators.py
[2025-07-19T08:41:06.752+0000] {processor.py:830} INFO - Processing file /home/airflow/.local/lib/python3.12/site-packages/airflow/example_dags/example_dynamic_task_mapping_with_no_taskflow_operators.py for tasks to queue
[2025-07-19T08:41:06.754+0000] {logging_mixin.py:188} INFO - [2025-07-19T08:41:06.754+0000] {dagbag.py:545} INFO - Filling up the DagBag from /home/airflow/.local/lib/python3.12/site-packages/airflow/example_dags/example_dynamic_task_mapping_with_no_taskflow_operators.py
[2025-07-19T08:41:06.760+0000] {processor.py:840} INFO - DAG(s) 'example_dynamic_task_mapping_with_no_taskflow_operators' retrieved from /home/airflow/.local/lib/python3.12/site-packages/airflow/example_dags/example_dynamic_task_mapping_with_no_taskflow_operators.py
[2025-07-19T08:41:06.789+0000] {logging_mixin.py:188} INFO - [2025-07-19T08:41:06.789+0000] {dag.py:3096} INFO - Sync 1 DAGs
[2025-07-19T08:41:06.813+0000] {logging_mixin.py:188} INFO - [2025-07-19T08:41:06.812+0000] {dag.py:3954} INFO - Setting next_dagrun for example_dynamic_task_mapping_with_no_taskflow_operators to 2025-07-18 00:00:00+00:00, run_after=2025-07-19 00:00:00+00:00
[2025-07-19T08:41:06.829+0000] {processor.py:183} INFO - Processing /home/airflow/.local/lib/python3.12/site-packages/airflow/example_dags/example_dynamic_task_mapping_with_no_taskflow_operators.py took 0.083 seconds
[2025-07-19T08:41:37.109+0000] {processor.py:161} INFO - Started process (PID=2019) to work on /home/airflow/.local/lib/python3.12/site-packages/airflow/example_dags/example_dynamic_task_mapping_with_no_taskflow_operators.py
[2025-07-19T08:41:37.110+0000] {processor.py:830} INFO - Processing file /home/airflow/.local/lib/python3.12/site-packages/airflow/example_dags/example_dynamic_task_mapping_with_no_taskflow_operators.py for tasks to queue
[2025-07-19T08:41:37.112+0000] {logging_mixin.py:188} INFO - [2025-07-19T08:41:37.112+0000] {dagbag.py:545} INFO - Filling up the DagBag from /home/airflow/.local/lib/python3.12/site-packages/airflow/example_dags/example_dynamic_task_mapping_with_no_taskflow_operators.py
[2025-07-19T08:41:37.119+0000] {processor.py:840} INFO - DAG(s) 'example_dynamic_task_mapping_with_no_taskflow_operators' retrieved from /home/airflow/.local/lib/python3.12/site-packages/airflow/example_dags/example_dynamic_task_mapping_with_no_taskflow_operators.py
[2025-07-19T08:41:37.137+0000] {logging_mixin.py:188} INFO - [2025-07-19T08:41:37.137+0000] {dag.py:3096} INFO - Sync 1 DAGs
[2025-07-19T08:41:37.156+0000] {logging_mixin.py:188} INFO - [2025-07-19T08:41:37.155+0000] {dag.py:3954} INFO - Setting next_dagrun for example_dynamic_task_mapping_with_no_taskflow_operators to 2025-07-18 00:00:00+00:00, run_after=2025-07-19 00:00:00+00:00
[2025-07-19T08:41:37.174+0000] {processor.py:183} INFO - Processing /home/airflow/.local/lib/python3.12/site-packages/airflow/example_dags/example_dynamic_task_mapping_with_no_taskflow_operators.py took 0.071 seconds
[2025-07-19T08:42:07.530+0000] {processor.py:161} INFO - Started process (PID=2281) to work on /home/airflow/.local/lib/python3.12/site-packages/airflow/example_dags/example_dynamic_task_mapping_with_no_taskflow_operators.py
[2025-07-19T08:42:07.531+0000] {processor.py:830} INFO - Processing file /home/airflow/.local/lib/python3.12/site-packages/airflow/example_dags/example_dynamic_task_mapping_with_no_taskflow_operators.py for tasks to queue
[2025-07-19T08:42:07.534+0000] {logging_mixin.py:188} INFO - [2025-07-19T08:42:07.534+0000] {dagbag.py:545} INFO - Filling up the DagBag from /home/airflow/.local/lib/python3.12/site-packages/airflow/example_dags/example_dynamic_task_mapping_with_no_taskflow_operators.py
[2025-07-19T08:42:07.541+0000] {processor.py:840} INFO - DAG(s) 'example_dynamic_task_mapping_with_no_taskflow_operators' retrieved from /home/airflow/.local/lib/python3.12/site-packages/airflow/example_dags/example_dynamic_task_mapping_with_no_taskflow_operators.py
[2025-07-19T08:42:07.560+0000] {logging_mixin.py:188} INFO - [2025-07-19T08:42:07.560+0000] {dag.py:3096} INFO - Sync 1 DAGs
[2025-07-19T08:42:07.581+0000] {logging_mixin.py:188} INFO - [2025-07-19T08:42:07.581+0000] {dag.py:3954} INFO - Setting next_dagrun for example_dynamic_task_mapping_with_no_taskflow_operators to 2025-07-18 00:00:00+00:00, run_after=2025-07-19 00:00:00+00:00
[2025-07-19T08:42:07.601+0000] {processor.py:183} INFO - Processing /home/airflow/.local/lib/python3.12/site-packages/airflow/example_dags/example_dynamic_task_mapping_with_no_taskflow_operators.py took 0.077 seconds
