[2025-07-19T08:38:07.831+0000] {processor.py:161} INFO - Started process (PID=303) to work on /home/airflow/.local/lib/python3.12/site-packages/airflow/example_dags/example_branch_python_dop_operator_3.py
[2025-07-19T08:38:07.832+0000] {processor.py:830} INFO - Processing file /home/airflow/.local/lib/python3.12/site-packages/airflow/example_dags/example_branch_python_dop_operator_3.py for tasks to queue
[2025-07-19T08:38:07.835+0000] {logging_mixin.py:188} INFO - [2025-07-19T08:38:07.834+0000] {dagbag.py:545} INFO - Filling up the DagBag from /home/airflow/.local/lib/python3.12/site-packages/airflow/example_dags/example_branch_python_dop_operator_3.py
[2025-07-19T08:38:07.848+0000] {processor.py:840} INFO - DAG(s) 'example_branch_dop_operator_v3' retrieved from /home/airflow/.local/lib/python3.12/site-packages/airflow/example_dags/example_branch_python_dop_operator_3.py
[2025-07-19T08:38:07.960+0000] {logging_mixin.py:188} INFO - [2025-07-19T08:38:07.959+0000] {override.py:1829} INFO - Created Permission View: can read on DAG:example_branch_dop_operator_v3
[2025-07-19T08:38:07.971+0000] {logging_mixin.py:188} INFO - [2025-07-19T08:38:07.971+0000] {override.py:1829} INFO - Created Permission View: can delete on DAG:example_branch_dop_operator_v3
[2025-07-19T08:38:07.977+0000] {logging_mixin.py:188} INFO - [2025-07-19T08:38:07.977+0000] {override.py:1829} INFO - Created Permission View: can edit on DAG:example_branch_dop_operator_v3
[2025-07-19T08:38:07.978+0000] {logging_mixin.py:188} INFO - [2025-07-19T08:38:07.978+0000] {dag.py:3096} INFO - Sync 1 DAGs
[2025-07-19T08:38:07.989+0000] {logging_mixin.py:188} INFO - [2025-07-19T08:38:07.988+0000] {dag.py:3118} INFO - Creating ORM DAG for example_branch_dop_operator_v3
[2025-07-19T08:38:08.001+0000] {logging_mixin.py:188} INFO - [2025-07-19T08:38:08.001+0000] {dag.py:3954} INFO - Setting next_dagrun for example_branch_dop_operator_v3 to 2025-07-19 08:37:00+00:00, run_after=2025-07-19 08:38:00+00:00
[2025-07-19T08:38:08.019+0000] {processor.py:183} INFO - Processing /home/airflow/.local/lib/python3.12/site-packages/airflow/example_dags/example_branch_python_dop_operator_3.py took 0.196 seconds
[2025-07-19T08:38:38.634+0000] {processor.py:161} INFO - Started process (PID=565) to work on /home/airflow/.local/lib/python3.12/site-packages/airflow/example_dags/example_branch_python_dop_operator_3.py
[2025-07-19T08:38:38.635+0000] {processor.py:830} INFO - Processing file /home/airflow/.local/lib/python3.12/site-packages/airflow/example_dags/example_branch_python_dop_operator_3.py for tasks to queue
[2025-07-19T08:38:38.637+0000] {logging_mixin.py:188} INFO - [2025-07-19T08:38:38.637+0000] {dagbag.py:545} INFO - Filling up the DagBag from /home/airflow/.local/lib/python3.12/site-packages/airflow/example_dags/example_branch_python_dop_operator_3.py
[2025-07-19T08:38:38.645+0000] {processor.py:840} INFO - DAG(s) 'example_branch_dop_operator_v3' retrieved from /home/airflow/.local/lib/python3.12/site-packages/airflow/example_dags/example_branch_python_dop_operator_3.py
[2025-07-19T08:38:38.664+0000] {logging_mixin.py:188} INFO - [2025-07-19T08:38:38.664+0000] {dag.py:3096} INFO - Sync 1 DAGs
[2025-07-19T08:38:38.686+0000] {logging_mixin.py:188} INFO - [2025-07-19T08:38:38.685+0000] {dag.py:3954} INFO - Setting next_dagrun for example_branch_dop_operator_v3 to 2025-07-19 08:37:00+00:00, run_after=2025-07-19 08:38:00+00:00
[2025-07-19T08:38:38.702+0000] {processor.py:183} INFO - Processing /home/airflow/.local/lib/python3.12/site-packages/airflow/example_dags/example_branch_python_dop_operator_3.py took 0.073 seconds
[2025-07-19T08:39:09.105+0000] {processor.py:161} INFO - Started process (PID=833) to work on /home/airflow/.local/lib/python3.12/site-packages/airflow/example_dags/example_branch_python_dop_operator_3.py
[2025-07-19T08:39:09.107+0000] {processor.py:830} INFO - Processing file /home/airflow/.local/lib/python3.12/site-packages/airflow/example_dags/example_branch_python_dop_operator_3.py for tasks to queue
[2025-07-19T08:39:09.108+0000] {logging_mixin.py:188} INFO - [2025-07-19T08:39:09.108+0000] {dagbag.py:545} INFO - Filling up the DagBag from /home/airflow/.local/lib/python3.12/site-packages/airflow/example_dags/example_branch_python_dop_operator_3.py
[2025-07-19T08:39:09.117+0000] {processor.py:840} INFO - DAG(s) 'example_branch_dop_operator_v3' retrieved from /home/airflow/.local/lib/python3.12/site-packages/airflow/example_dags/example_branch_python_dop_operator_3.py
[2025-07-19T08:39:09.141+0000] {logging_mixin.py:188} INFO - [2025-07-19T08:39:09.140+0000] {dag.py:3096} INFO - Sync 1 DAGs
[2025-07-19T08:39:09.172+0000] {logging_mixin.py:188} INFO - [2025-07-19T08:39:09.172+0000] {dag.py:3954} INFO - Setting next_dagrun for example_branch_dop_operator_v3 to 2025-07-19 08:38:00+00:00, run_after=2025-07-19 08:39:00+00:00
[2025-07-19T08:39:09.197+0000] {processor.py:183} INFO - Processing /home/airflow/.local/lib/python3.12/site-packages/airflow/example_dags/example_branch_python_dop_operator_3.py took 0.097 seconds
[2025-07-19T08:39:40.082+0000] {processor.py:161} INFO - Started process (PID=1095) to work on /home/airflow/.local/lib/python3.12/site-packages/airflow/example_dags/example_branch_python_dop_operator_3.py
[2025-07-19T08:39:40.083+0000] {processor.py:830} INFO - Processing file /home/airflow/.local/lib/python3.12/site-packages/airflow/example_dags/example_branch_python_dop_operator_3.py for tasks to queue
[2025-07-19T08:39:40.085+0000] {logging_mixin.py:188} INFO - [2025-07-19T08:39:40.084+0000] {dagbag.py:545} INFO - Filling up the DagBag from /home/airflow/.local/lib/python3.12/site-packages/airflow/example_dags/example_branch_python_dop_operator_3.py
[2025-07-19T08:39:40.092+0000] {processor.py:840} INFO - DAG(s) 'example_branch_dop_operator_v3' retrieved from /home/airflow/.local/lib/python3.12/site-packages/airflow/example_dags/example_branch_python_dop_operator_3.py
[2025-07-19T08:39:40.110+0000] {logging_mixin.py:188} INFO - [2025-07-19T08:39:40.110+0000] {dag.py:3096} INFO - Sync 1 DAGs
[2025-07-19T08:39:40.131+0000] {logging_mixin.py:188} INFO - [2025-07-19T08:39:40.130+0000] {dag.py:3954} INFO - Setting next_dagrun for example_branch_dop_operator_v3 to 2025-07-19 08:38:00+00:00, run_after=2025-07-19 08:39:00+00:00
[2025-07-19T08:39:40.148+0000] {processor.py:183} INFO - Processing /home/airflow/.local/lib/python3.12/site-packages/airflow/example_dags/example_branch_python_dop_operator_3.py took 0.071 seconds
[2025-07-19T08:40:10.400+0000] {processor.py:161} INFO - Started process (PID=1357) to work on /home/airflow/.local/lib/python3.12/site-packages/airflow/example_dags/example_branch_python_dop_operator_3.py
[2025-07-19T08:40:10.401+0000] {processor.py:830} INFO - Processing file /home/airflow/.local/lib/python3.12/site-packages/airflow/example_dags/example_branch_python_dop_operator_3.py for tasks to queue
[2025-07-19T08:40:10.403+0000] {logging_mixin.py:188} INFO - [2025-07-19T08:40:10.402+0000] {dagbag.py:545} INFO - Filling up the DagBag from /home/airflow/.local/lib/python3.12/site-packages/airflow/example_dags/example_branch_python_dop_operator_3.py
[2025-07-19T08:40:10.411+0000] {processor.py:840} INFO - DAG(s) 'example_branch_dop_operator_v3' retrieved from /home/airflow/.local/lib/python3.12/site-packages/airflow/example_dags/example_branch_python_dop_operator_3.py
[2025-07-19T08:40:10.432+0000] {logging_mixin.py:188} INFO - [2025-07-19T08:40:10.431+0000] {dag.py:3096} INFO - Sync 1 DAGs
[2025-07-19T08:40:10.455+0000] {logging_mixin.py:188} INFO - [2025-07-19T08:40:10.454+0000] {dag.py:3954} INFO - Setting next_dagrun for example_branch_dop_operator_v3 to 2025-07-19 08:39:00+00:00, run_after=2025-07-19 08:40:00+00:00
[2025-07-19T08:40:10.475+0000] {processor.py:183} INFO - Processing /home/airflow/.local/lib/python3.12/site-packages/airflow/example_dags/example_branch_python_dop_operator_3.py took 0.081 seconds
[2025-07-19T08:40:40.849+0000] {processor.py:161} INFO - Started process (PID=1619) to work on /home/airflow/.local/lib/python3.12/site-packages/airflow/example_dags/example_branch_python_dop_operator_3.py
[2025-07-19T08:40:40.850+0000] {processor.py:830} INFO - Processing file /home/airflow/.local/lib/python3.12/site-packages/airflow/example_dags/example_branch_python_dop_operator_3.py for tasks to queue
[2025-07-19T08:40:40.853+0000] {logging_mixin.py:188} INFO - [2025-07-19T08:40:40.852+0000] {dagbag.py:545} INFO - Filling up the DagBag from /home/airflow/.local/lib/python3.12/site-packages/airflow/example_dags/example_branch_python_dop_operator_3.py
[2025-07-19T08:40:40.860+0000] {processor.py:840} INFO - DAG(s) 'example_branch_dop_operator_v3' retrieved from /home/airflow/.local/lib/python3.12/site-packages/airflow/example_dags/example_branch_python_dop_operator_3.py
[2025-07-19T08:40:40.880+0000] {logging_mixin.py:188} INFO - [2025-07-19T08:40:40.879+0000] {dag.py:3096} INFO - Sync 1 DAGs
[2025-07-19T08:40:40.908+0000] {logging_mixin.py:188} INFO - [2025-07-19T08:40:40.908+0000] {dag.py:3954} INFO - Setting next_dagrun for example_branch_dop_operator_v3 to 2025-07-19 08:39:00+00:00, run_after=2025-07-19 08:40:00+00:00
[2025-07-19T08:40:40.924+0000] {processor.py:183} INFO - Processing /home/airflow/.local/lib/python3.12/site-packages/airflow/example_dags/example_branch_python_dop_operator_3.py took 0.080 seconds
[2025-07-19T08:41:11.203+0000] {processor.py:161} INFO - Started process (PID=1881) to work on /home/airflow/.local/lib/python3.12/site-packages/airflow/example_dags/example_branch_python_dop_operator_3.py
[2025-07-19T08:41:11.204+0000] {processor.py:830} INFO - Processing file /home/airflow/.local/lib/python3.12/site-packages/airflow/example_dags/example_branch_python_dop_operator_3.py for tasks to queue
[2025-07-19T08:41:11.206+0000] {logging_mixin.py:188} INFO - [2025-07-19T08:41:11.206+0000] {dagbag.py:545} INFO - Filling up the DagBag from /home/airflow/.local/lib/python3.12/site-packages/airflow/example_dags/example_branch_python_dop_operator_3.py
[2025-07-19T08:41:11.213+0000] {processor.py:840} INFO - DAG(s) 'example_branch_dop_operator_v3' retrieved from /home/airflow/.local/lib/python3.12/site-packages/airflow/example_dags/example_branch_python_dop_operator_3.py
[2025-07-19T08:41:11.233+0000] {logging_mixin.py:188} INFO - [2025-07-19T08:41:11.233+0000] {dag.py:3096} INFO - Sync 1 DAGs
[2025-07-19T08:41:11.257+0000] {logging_mixin.py:188} INFO - [2025-07-19T08:41:11.257+0000] {dag.py:3954} INFO - Setting next_dagrun for example_branch_dop_operator_v3 to 2025-07-19 08:40:00+00:00, run_after=2025-07-19 08:41:00+00:00
[2025-07-19T08:41:11.275+0000] {processor.py:183} INFO - Processing /home/airflow/.local/lib/python3.12/site-packages/airflow/example_dags/example_branch_python_dop_operator_3.py took 0.078 seconds
[2025-07-19T08:41:41.678+0000] {processor.py:161} INFO - Started process (PID=2143) to work on /home/airflow/.local/lib/python3.12/site-packages/airflow/example_dags/example_branch_python_dop_operator_3.py
[2025-07-19T08:41:41.679+0000] {processor.py:830} INFO - Processing file /home/airflow/.local/lib/python3.12/site-packages/airflow/example_dags/example_branch_python_dop_operator_3.py for tasks to queue
[2025-07-19T08:41:41.681+0000] {logging_mixin.py:188} INFO - [2025-07-19T08:41:41.681+0000] {dagbag.py:545} INFO - Filling up the DagBag from /home/airflow/.local/lib/python3.12/site-packages/airflow/example_dags/example_branch_python_dop_operator_3.py
[2025-07-19T08:41:41.688+0000] {processor.py:840} INFO - DAG(s) 'example_branch_dop_operator_v3' retrieved from /home/airflow/.local/lib/python3.12/site-packages/airflow/example_dags/example_branch_python_dop_operator_3.py
[2025-07-19T08:41:41.708+0000] {logging_mixin.py:188} INFO - [2025-07-19T08:41:41.708+0000] {dag.py:3096} INFO - Sync 1 DAGs
[2025-07-19T08:41:41.732+0000] {logging_mixin.py:188} INFO - [2025-07-19T08:41:41.732+0000] {dag.py:3954} INFO - Setting next_dagrun for example_branch_dop_operator_v3 to 2025-07-19 08:40:00+00:00, run_after=2025-07-19 08:41:00+00:00
[2025-07-19T08:41:41.750+0000] {processor.py:183} INFO - Processing /home/airflow/.local/lib/python3.12/site-packages/airflow/example_dags/example_branch_python_dop_operator_3.py took 0.077 seconds
