[2025-07-19T08:38:05.281+0000] {processor.py:161} INFO - Started process (PID=223) to work on /home/airflow/.local/lib/python3.12/site-packages/airflow/example_dags/example_python_operator.py
[2025-07-19T08:38:05.282+0000] {processor.py:830} INFO - Processing file /home/airflow/.local/lib/python3.12/site-packages/airflow/example_dags/example_python_operator.py for tasks to queue
[2025-07-19T08:38:05.286+0000] {logging_mixin.py:188} INFO - [2025-07-19T08:38:05.285+0000] {dagbag.py:545} INFO - Filling up the DagBag from /home/airflow/.local/lib/python3.12/site-packages/airflow/example_dags/example_python_operator.py
[2025-07-19T08:38:05.308+0000] {processor.py:840} INFO - DAG(s) 'example_python_operator' retrieved from /home/airflow/.local/lib/python3.12/site-packages/airflow/example_dags/example_python_operator.py
[2025-07-19T08:38:05.440+0000] {logging_mixin.py:188} INFO - [2025-07-19T08:38:05.438+0000] {override.py:1829} INFO - Created Permission View: can read on DAG:example_python_operator
[2025-07-19T08:38:05.475+0000] {logging_mixin.py:188} INFO - [2025-07-19T08:38:05.474+0000] {override.py:1829} INFO - Created Permission View: can delete on DAG:example_python_operator
[2025-07-19T08:38:05.490+0000] {logging_mixin.py:188} INFO - [2025-07-19T08:38:05.490+0000] {override.py:1829} INFO - Created Permission View: can edit on DAG:example_python_operator
[2025-07-19T08:38:05.491+0000] {logging_mixin.py:188} INFO - [2025-07-19T08:38:05.491+0000] {dag.py:3096} INFO - Sync 1 DAGs
[2025-07-19T08:38:05.511+0000] {logging_mixin.py:188} INFO - [2025-07-19T08:38:05.511+0000] {dag.py:3118} INFO - Creating ORM DAG for example_python_operator
[2025-07-19T08:38:05.513+0000] {logging_mixin.py:188} INFO - [2025-07-19T08:38:05.513+0000] {dag.py:3954} INFO - Setting next_dagrun for example_python_operator to None, run_after=None
[2025-07-19T08:38:05.556+0000] {processor.py:183} INFO - Processing /home/airflow/.local/lib/python3.12/site-packages/airflow/example_dags/example_python_operator.py took 0.284 seconds
[2025-07-19T08:38:35.773+0000] {processor.py:161} INFO - Started process (PID=487) to work on /home/airflow/.local/lib/python3.12/site-packages/airflow/example_dags/example_python_operator.py
[2025-07-19T08:38:35.774+0000] {processor.py:830} INFO - Processing file /home/airflow/.local/lib/python3.12/site-packages/airflow/example_dags/example_python_operator.py for tasks to queue
[2025-07-19T08:38:35.776+0000] {logging_mixin.py:188} INFO - [2025-07-19T08:38:35.775+0000] {dagbag.py:545} INFO - Filling up the DagBag from /home/airflow/.local/lib/python3.12/site-packages/airflow/example_dags/example_python_operator.py
[2025-07-19T08:38:35.786+0000] {processor.py:840} INFO - DAG(s) 'example_python_operator' retrieved from /home/airflow/.local/lib/python3.12/site-packages/airflow/example_dags/example_python_operator.py
[2025-07-19T08:38:35.806+0000] {logging_mixin.py:188} INFO - [2025-07-19T08:38:35.806+0000] {dag.py:3096} INFO - Sync 1 DAGs
[2025-07-19T08:38:35.817+0000] {logging_mixin.py:188} INFO - [2025-07-19T08:38:35.817+0000] {dag.py:3954} INFO - Setting next_dagrun for example_python_operator to None, run_after=None
[2025-07-19T08:38:35.834+0000] {processor.py:183} INFO - Processing /home/airflow/.local/lib/python3.12/site-packages/airflow/example_dags/example_python_operator.py took 0.068 seconds
[2025-07-19T08:39:06.294+0000] {processor.py:161} INFO - Started process (PID=755) to work on /home/airflow/.local/lib/python3.12/site-packages/airflow/example_dags/example_python_operator.py
[2025-07-19T08:39:06.295+0000] {processor.py:830} INFO - Processing file /home/airflow/.local/lib/python3.12/site-packages/airflow/example_dags/example_python_operator.py for tasks to queue
[2025-07-19T08:39:06.296+0000] {logging_mixin.py:188} INFO - [2025-07-19T08:39:06.296+0000] {dagbag.py:545} INFO - Filling up the DagBag from /home/airflow/.local/lib/python3.12/site-packages/airflow/example_dags/example_python_operator.py
[2025-07-19T08:39:06.305+0000] {processor.py:840} INFO - DAG(s) 'example_python_operator' retrieved from /home/airflow/.local/lib/python3.12/site-packages/airflow/example_dags/example_python_operator.py
[2025-07-19T08:39:06.325+0000] {logging_mixin.py:188} INFO - [2025-07-19T08:39:06.324+0000] {dag.py:3096} INFO - Sync 1 DAGs
[2025-07-19T08:39:06.336+0000] {logging_mixin.py:188} INFO - [2025-07-19T08:39:06.336+0000] {dag.py:3954} INFO - Setting next_dagrun for example_python_operator to None, run_after=None
[2025-07-19T08:39:06.352+0000] {processor.py:183} INFO - Processing /home/airflow/.local/lib/python3.12/site-packages/airflow/example_dags/example_python_operator.py took 0.063 seconds
[2025-07-19T08:39:37.167+0000] {processor.py:161} INFO - Started process (PID=1015) to work on /home/airflow/.local/lib/python3.12/site-packages/airflow/example_dags/example_python_operator.py
[2025-07-19T08:39:37.168+0000] {processor.py:830} INFO - Processing file /home/airflow/.local/lib/python3.12/site-packages/airflow/example_dags/example_python_operator.py for tasks to queue
[2025-07-19T08:39:37.170+0000] {logging_mixin.py:188} INFO - [2025-07-19T08:39:37.170+0000] {dagbag.py:545} INFO - Filling up the DagBag from /home/airflow/.local/lib/python3.12/site-packages/airflow/example_dags/example_python_operator.py
[2025-07-19T08:39:37.181+0000] {processor.py:840} INFO - DAG(s) 'example_python_operator' retrieved from /home/airflow/.local/lib/python3.12/site-packages/airflow/example_dags/example_python_operator.py
[2025-07-19T08:39:37.205+0000] {logging_mixin.py:188} INFO - [2025-07-19T08:39:37.205+0000] {dag.py:3096} INFO - Sync 1 DAGs
[2025-07-19T08:39:37.219+0000] {logging_mixin.py:188} INFO - [2025-07-19T08:39:37.219+0000] {dag.py:3954} INFO - Setting next_dagrun for example_python_operator to None, run_after=None
[2025-07-19T08:39:37.240+0000] {processor.py:183} INFO - Processing /home/airflow/.local/lib/python3.12/site-packages/airflow/example_dags/example_python_operator.py took 0.080 seconds
[2025-07-19T08:40:07.446+0000] {processor.py:161} INFO - Started process (PID=1276) to work on /home/airflow/.local/lib/python3.12/site-packages/airflow/example_dags/example_python_operator.py
[2025-07-19T08:40:07.447+0000] {processor.py:830} INFO - Processing file /home/airflow/.local/lib/python3.12/site-packages/airflow/example_dags/example_python_operator.py for tasks to queue
[2025-07-19T08:40:07.449+0000] {logging_mixin.py:188} INFO - [2025-07-19T08:40:07.449+0000] {dagbag.py:545} INFO - Filling up the DagBag from /home/airflow/.local/lib/python3.12/site-packages/airflow/example_dags/example_python_operator.py
[2025-07-19T08:40:07.458+0000] {processor.py:840} INFO - DAG(s) 'example_python_operator' retrieved from /home/airflow/.local/lib/python3.12/site-packages/airflow/example_dags/example_python_operator.py
[2025-07-19T08:40:07.480+0000] {logging_mixin.py:188} INFO - [2025-07-19T08:40:07.480+0000] {dag.py:3096} INFO - Sync 1 DAGs
[2025-07-19T08:40:07.493+0000] {logging_mixin.py:188} INFO - [2025-07-19T08:40:07.493+0000] {dag.py:3954} INFO - Setting next_dagrun for example_python_operator to None, run_after=None
[2025-07-19T08:40:07.510+0000] {processor.py:183} INFO - Processing /home/airflow/.local/lib/python3.12/site-packages/airflow/example_dags/example_python_operator.py took 0.069 seconds
[2025-07-19T08:40:37.789+0000] {processor.py:161} INFO - Started process (PID=1535) to work on /home/airflow/.local/lib/python3.12/site-packages/airflow/example_dags/example_python_operator.py
[2025-07-19T08:40:37.790+0000] {processor.py:830} INFO - Processing file /home/airflow/.local/lib/python3.12/site-packages/airflow/example_dags/example_python_operator.py for tasks to queue
[2025-07-19T08:40:37.792+0000] {logging_mixin.py:188} INFO - [2025-07-19T08:40:37.792+0000] {dagbag.py:545} INFO - Filling up the DagBag from /home/airflow/.local/lib/python3.12/site-packages/airflow/example_dags/example_python_operator.py
[2025-07-19T08:40:37.802+0000] {processor.py:840} INFO - DAG(s) 'example_python_operator' retrieved from /home/airflow/.local/lib/python3.12/site-packages/airflow/example_dags/example_python_operator.py
[2025-07-19T08:40:37.826+0000] {logging_mixin.py:188} INFO - [2025-07-19T08:40:37.826+0000] {dag.py:3096} INFO - Sync 1 DAGs
[2025-07-19T08:40:37.840+0000] {logging_mixin.py:188} INFO - [2025-07-19T08:40:37.839+0000] {dag.py:3954} INFO - Setting next_dagrun for example_python_operator to None, run_after=None
[2025-07-19T08:40:37.858+0000] {processor.py:183} INFO - Processing /home/airflow/.local/lib/python3.12/site-packages/airflow/example_dags/example_python_operator.py took 0.075 seconds
[2025-07-19T08:41:08.170+0000] {processor.py:161} INFO - Started process (PID=1797) to work on /home/airflow/.local/lib/python3.12/site-packages/airflow/example_dags/example_python_operator.py
[2025-07-19T08:41:08.171+0000] {processor.py:830} INFO - Processing file /home/airflow/.local/lib/python3.12/site-packages/airflow/example_dags/example_python_operator.py for tasks to queue
[2025-07-19T08:41:08.173+0000] {logging_mixin.py:188} INFO - [2025-07-19T08:41:08.173+0000] {dagbag.py:545} INFO - Filling up the DagBag from /home/airflow/.local/lib/python3.12/site-packages/airflow/example_dags/example_python_operator.py
[2025-07-19T08:41:08.183+0000] {processor.py:840} INFO - DAG(s) 'example_python_operator' retrieved from /home/airflow/.local/lib/python3.12/site-packages/airflow/example_dags/example_python_operator.py
[2025-07-19T08:41:08.203+0000] {logging_mixin.py:188} INFO - [2025-07-19T08:41:08.203+0000] {dag.py:3096} INFO - Sync 1 DAGs
[2025-07-19T08:41:08.213+0000] {logging_mixin.py:188} INFO - [2025-07-19T08:41:08.213+0000] {dag.py:3954} INFO - Setting next_dagrun for example_python_operator to None, run_after=None
[2025-07-19T08:41:08.230+0000] {processor.py:183} INFO - Processing /home/airflow/.local/lib/python3.12/site-packages/airflow/example_dags/example_python_operator.py took 0.067 seconds
[2025-07-19T08:41:38.519+0000] {processor.py:161} INFO - Started process (PID=2059) to work on /home/airflow/.local/lib/python3.12/site-packages/airflow/example_dags/example_python_operator.py
[2025-07-19T08:41:38.520+0000] {processor.py:830} INFO - Processing file /home/airflow/.local/lib/python3.12/site-packages/airflow/example_dags/example_python_operator.py for tasks to queue
[2025-07-19T08:41:38.522+0000] {logging_mixin.py:188} INFO - [2025-07-19T08:41:38.522+0000] {dagbag.py:545} INFO - Filling up the DagBag from /home/airflow/.local/lib/python3.12/site-packages/airflow/example_dags/example_python_operator.py
[2025-07-19T08:41:38.533+0000] {processor.py:840} INFO - DAG(s) 'example_python_operator' retrieved from /home/airflow/.local/lib/python3.12/site-packages/airflow/example_dags/example_python_operator.py
[2025-07-19T08:41:38.566+0000] {logging_mixin.py:188} INFO - [2025-07-19T08:41:38.566+0000] {dag.py:3096} INFO - Sync 1 DAGs
[2025-07-19T08:41:38.579+0000] {logging_mixin.py:188} INFO - [2025-07-19T08:41:38.579+0000] {dag.py:3954} INFO - Setting next_dagrun for example_python_operator to None, run_after=None
[2025-07-19T08:41:38.604+0000] {processor.py:183} INFO - Processing /home/airflow/.local/lib/python3.12/site-packages/airflow/example_dags/example_python_operator.py took 0.091 seconds
