[2025-07-19T08:38:08.703+0000] {processor.py:161} INFO - Started process (PID=328) to work on /home/airflow/.local/lib/python3.12/site-packages/airflow/example_dags/example_setup_teardown.py
[2025-07-19T08:38:08.704+0000] {processor.py:830} INFO - Processing file /home/airflow/.local/lib/python3.12/site-packages/airflow/example_dags/example_setup_teardown.py for tasks to queue
[2025-07-19T08:38:08.706+0000] {logging_mixin.py:188} INFO - [2025-07-19T08:38:08.706+0000] {dagbag.py:545} INFO - Filling up the DagBag from /home/airflow/.local/lib/python3.12/site-packages/airflow/example_dags/example_setup_teardown.py
[2025-07-19T08:38:08.713+0000] {processor.py:840} INFO - DAG(s) 'example_setup_teardown' retrieved from /home/airflow/.local/lib/python3.12/site-packages/airflow/example_dags/example_setup_teardown.py
[2025-07-19T08:38:08.808+0000] {logging_mixin.py:188} INFO - [2025-07-19T08:38:08.807+0000] {override.py:1829} INFO - Created Permission View: can read on DAG:example_setup_teardown
[2025-07-19T08:38:08.816+0000] {logging_mixin.py:188} INFO - [2025-07-19T08:38:08.816+0000] {override.py:1829} INFO - Created Permission View: can delete on DAG:example_setup_teardown
[2025-07-19T08:38:08.822+0000] {logging_mixin.py:188} INFO - [2025-07-19T08:38:08.822+0000] {override.py:1829} INFO - Created Permission View: can edit on DAG:example_setup_teardown
[2025-07-19T08:38:08.823+0000] {logging_mixin.py:188} INFO - [2025-07-19T08:38:08.823+0000] {dag.py:3096} INFO - Sync 1 DAGs
[2025-07-19T08:38:08.832+0000] {logging_mixin.py:188} INFO - [2025-07-19T08:38:08.831+0000] {dag.py:3118} INFO - Creating ORM DAG for example_setup_teardown
[2025-07-19T08:38:08.842+0000] {logging_mixin.py:188} INFO - [2025-07-19T08:38:08.841+0000] {dag.py:3954} INFO - Setting next_dagrun for example_setup_teardown to 2025-07-18 00:00:00+00:00, run_after=2025-07-19 00:00:00+00:00
[2025-07-19T08:38:08.863+0000] {processor.py:183} INFO - Processing /home/airflow/.local/lib/python3.12/site-packages/airflow/example_dags/example_setup_teardown.py took 0.165 seconds
[2025-07-19T08:38:39.050+0000] {processor.py:161} INFO - Started process (PID=592) to work on /home/airflow/.local/lib/python3.12/site-packages/airflow/example_dags/example_setup_teardown.py
[2025-07-19T08:38:39.051+0000] {processor.py:830} INFO - Processing file /home/airflow/.local/lib/python3.12/site-packages/airflow/example_dags/example_setup_teardown.py for tasks to queue
[2025-07-19T08:38:39.053+0000] {logging_mixin.py:188} INFO - [2025-07-19T08:38:39.052+0000] {dagbag.py:545} INFO - Filling up the DagBag from /home/airflow/.local/lib/python3.12/site-packages/airflow/example_dags/example_setup_teardown.py
[2025-07-19T08:38:39.058+0000] {processor.py:840} INFO - DAG(s) 'example_setup_teardown' retrieved from /home/airflow/.local/lib/python3.12/site-packages/airflow/example_dags/example_setup_teardown.py
[2025-07-19T08:38:39.078+0000] {logging_mixin.py:188} INFO - [2025-07-19T08:38:39.077+0000] {dag.py:3096} INFO - Sync 1 DAGs
[2025-07-19T08:38:39.096+0000] {logging_mixin.py:188} INFO - [2025-07-19T08:38:39.096+0000] {dag.py:3954} INFO - Setting next_dagrun for example_setup_teardown to 2025-07-18 00:00:00+00:00, run_after=2025-07-19 00:00:00+00:00
[2025-07-19T08:38:39.115+0000] {processor.py:183} INFO - Processing /home/airflow/.local/lib/python3.12/site-packages/airflow/example_dags/example_setup_teardown.py took 0.070 seconds
[2025-07-19T08:39:09.453+0000] {processor.py:161} INFO - Started process (PID=858) to work on /home/airflow/.local/lib/python3.12/site-packages/airflow/example_dags/example_setup_teardown.py
[2025-07-19T08:39:09.454+0000] {processor.py:830} INFO - Processing file /home/airflow/.local/lib/python3.12/site-packages/airflow/example_dags/example_setup_teardown.py for tasks to queue
[2025-07-19T08:39:09.456+0000] {logging_mixin.py:188} INFO - [2025-07-19T08:39:09.455+0000] {dagbag.py:545} INFO - Filling up the DagBag from /home/airflow/.local/lib/python3.12/site-packages/airflow/example_dags/example_setup_teardown.py
[2025-07-19T08:39:09.462+0000] {processor.py:840} INFO - DAG(s) 'example_setup_teardown' retrieved from /home/airflow/.local/lib/python3.12/site-packages/airflow/example_dags/example_setup_teardown.py
[2025-07-19T08:39:09.484+0000] {logging_mixin.py:188} INFO - [2025-07-19T08:39:09.483+0000] {dag.py:3096} INFO - Sync 1 DAGs
[2025-07-19T08:39:09.506+0000] {logging_mixin.py:188} INFO - [2025-07-19T08:39:09.506+0000] {dag.py:3954} INFO - Setting next_dagrun for example_setup_teardown to 2025-07-18 00:00:00+00:00, run_after=2025-07-19 00:00:00+00:00
[2025-07-19T08:39:09.526+0000] {processor.py:183} INFO - Processing /home/airflow/.local/lib/python3.12/site-packages/airflow/example_dags/example_setup_teardown.py took 0.079 seconds
[2025-07-19T08:39:40.405+0000] {processor.py:161} INFO - Started process (PID=1120) to work on /home/airflow/.local/lib/python3.12/site-packages/airflow/example_dags/example_setup_teardown.py
[2025-07-19T08:39:40.406+0000] {processor.py:830} INFO - Processing file /home/airflow/.local/lib/python3.12/site-packages/airflow/example_dags/example_setup_teardown.py for tasks to queue
[2025-07-19T08:39:40.408+0000] {logging_mixin.py:188} INFO - [2025-07-19T08:39:40.408+0000] {dagbag.py:545} INFO - Filling up the DagBag from /home/airflow/.local/lib/python3.12/site-packages/airflow/example_dags/example_setup_teardown.py
[2025-07-19T08:39:40.415+0000] {processor.py:840} INFO - DAG(s) 'example_setup_teardown' retrieved from /home/airflow/.local/lib/python3.12/site-packages/airflow/example_dags/example_setup_teardown.py
[2025-07-19T08:39:40.438+0000] {logging_mixin.py:188} INFO - [2025-07-19T08:39:40.438+0000] {dag.py:3096} INFO - Sync 1 DAGs
[2025-07-19T08:39:40.459+0000] {logging_mixin.py:188} INFO - [2025-07-19T08:39:40.458+0000] {dag.py:3954} INFO - Setting next_dagrun for example_setup_teardown to 2025-07-18 00:00:00+00:00, run_after=2025-07-19 00:00:00+00:00
[2025-07-19T08:39:40.479+0000] {processor.py:183} INFO - Processing /home/airflow/.local/lib/python3.12/site-packages/airflow/example_dags/example_setup_teardown.py took 0.080 seconds
[2025-07-19T08:40:10.735+0000] {processor.py:161} INFO - Started process (PID=1382) to work on /home/airflow/.local/lib/python3.12/site-packages/airflow/example_dags/example_setup_teardown.py
[2025-07-19T08:40:10.737+0000] {processor.py:830} INFO - Processing file /home/airflow/.local/lib/python3.12/site-packages/airflow/example_dags/example_setup_teardown.py for tasks to queue
[2025-07-19T08:40:10.741+0000] {logging_mixin.py:188} INFO - [2025-07-19T08:40:10.740+0000] {dagbag.py:545} INFO - Filling up the DagBag from /home/airflow/.local/lib/python3.12/site-packages/airflow/example_dags/example_setup_teardown.py
[2025-07-19T08:40:10.749+0000] {processor.py:840} INFO - DAG(s) 'example_setup_teardown' retrieved from /home/airflow/.local/lib/python3.12/site-packages/airflow/example_dags/example_setup_teardown.py
[2025-07-19T08:40:10.775+0000] {logging_mixin.py:188} INFO - [2025-07-19T08:40:10.775+0000] {dag.py:3096} INFO - Sync 1 DAGs
[2025-07-19T08:40:10.799+0000] {logging_mixin.py:188} INFO - [2025-07-19T08:40:10.799+0000] {dag.py:3954} INFO - Setting next_dagrun for example_setup_teardown to 2025-07-18 00:00:00+00:00, run_after=2025-07-19 00:00:00+00:00
[2025-07-19T08:40:10.820+0000] {processor.py:183} INFO - Processing /home/airflow/.local/lib/python3.12/site-packages/airflow/example_dags/example_setup_teardown.py took 0.092 seconds
[2025-07-19T08:40:41.153+0000] {processor.py:161} INFO - Started process (PID=1644) to work on /home/airflow/.local/lib/python3.12/site-packages/airflow/example_dags/example_setup_teardown.py
[2025-07-19T08:40:41.154+0000] {processor.py:830} INFO - Processing file /home/airflow/.local/lib/python3.12/site-packages/airflow/example_dags/example_setup_teardown.py for tasks to queue
[2025-07-19T08:40:41.155+0000] {logging_mixin.py:188} INFO - [2025-07-19T08:40:41.155+0000] {dagbag.py:545} INFO - Filling up the DagBag from /home/airflow/.local/lib/python3.12/site-packages/airflow/example_dags/example_setup_teardown.py
[2025-07-19T08:40:41.161+0000] {processor.py:840} INFO - DAG(s) 'example_setup_teardown' retrieved from /home/airflow/.local/lib/python3.12/site-packages/airflow/example_dags/example_setup_teardown.py
[2025-07-19T08:40:41.181+0000] {logging_mixin.py:188} INFO - [2025-07-19T08:40:41.181+0000] {dag.py:3096} INFO - Sync 1 DAGs
[2025-07-19T08:40:41.200+0000] {logging_mixin.py:188} INFO - [2025-07-19T08:40:41.200+0000] {dag.py:3954} INFO - Setting next_dagrun for example_setup_teardown to 2025-07-18 00:00:00+00:00, run_after=2025-07-19 00:00:00+00:00
[2025-07-19T08:40:41.219+0000] {processor.py:183} INFO - Processing /home/airflow/.local/lib/python3.12/site-packages/airflow/example_dags/example_setup_teardown.py took 0.072 seconds
[2025-07-19T08:41:11.492+0000] {processor.py:161} INFO - Started process (PID=1906) to work on /home/airflow/.local/lib/python3.12/site-packages/airflow/example_dags/example_setup_teardown.py
[2025-07-19T08:41:11.493+0000] {processor.py:830} INFO - Processing file /home/airflow/.local/lib/python3.12/site-packages/airflow/example_dags/example_setup_teardown.py for tasks to queue
[2025-07-19T08:41:11.495+0000] {logging_mixin.py:188} INFO - [2025-07-19T08:41:11.495+0000] {dagbag.py:545} INFO - Filling up the DagBag from /home/airflow/.local/lib/python3.12/site-packages/airflow/example_dags/example_setup_teardown.py
[2025-07-19T08:41:11.500+0000] {processor.py:840} INFO - DAG(s) 'example_setup_teardown' retrieved from /home/airflow/.local/lib/python3.12/site-packages/airflow/example_dags/example_setup_teardown.py
[2025-07-19T08:41:11.521+0000] {logging_mixin.py:188} INFO - [2025-07-19T08:41:11.521+0000] {dag.py:3096} INFO - Sync 1 DAGs
[2025-07-19T08:41:11.540+0000] {logging_mixin.py:188} INFO - [2025-07-19T08:41:11.539+0000] {dag.py:3954} INFO - Setting next_dagrun for example_setup_teardown to 2025-07-18 00:00:00+00:00, run_after=2025-07-19 00:00:00+00:00
[2025-07-19T08:41:11.559+0000] {processor.py:183} INFO - Processing /home/airflow/.local/lib/python3.12/site-packages/airflow/example_dags/example_setup_teardown.py took 0.072 seconds
[2025-07-19T08:41:41.929+0000] {processor.py:161} INFO - Started process (PID=2168) to work on /home/airflow/.local/lib/python3.12/site-packages/airflow/example_dags/example_setup_teardown.py
[2025-07-19T08:41:41.930+0000] {processor.py:830} INFO - Processing file /home/airflow/.local/lib/python3.12/site-packages/airflow/example_dags/example_setup_teardown.py for tasks to queue
[2025-07-19T08:41:41.932+0000] {logging_mixin.py:188} INFO - [2025-07-19T08:41:41.932+0000] {dagbag.py:545} INFO - Filling up the DagBag from /home/airflow/.local/lib/python3.12/site-packages/airflow/example_dags/example_setup_teardown.py
[2025-07-19T08:41:41.938+0000] {processor.py:840} INFO - DAG(s) 'example_setup_teardown' retrieved from /home/airflow/.local/lib/python3.12/site-packages/airflow/example_dags/example_setup_teardown.py
[2025-07-19T08:41:41.957+0000] {logging_mixin.py:188} INFO - [2025-07-19T08:41:41.957+0000] {dag.py:3096} INFO - Sync 1 DAGs
[2025-07-19T08:41:41.976+0000] {logging_mixin.py:188} INFO - [2025-07-19T08:41:41.976+0000] {dag.py:3954} INFO - Setting next_dagrun for example_setup_teardown to 2025-07-18 00:00:00+00:00, run_after=2025-07-19 00:00:00+00:00
[2025-07-19T08:41:41.996+0000] {processor.py:183} INFO - Processing /home/airflow/.local/lib/python3.12/site-packages/airflow/example_dags/example_setup_teardown.py took 0.073 seconds
