[2025-07-19T08:38:09.251+0000] {processor.py:161} INFO - Started process (PID=353) to work on /home/airflow/.local/lib/python3.12/site-packages/airflow/example_dags/example_datasets.py
[2025-07-19T08:38:09.252+0000] {processor.py:830} INFO - Processing file /home/airflow/.local/lib/python3.12/site-packages/airflow/example_dags/example_datasets.py for tasks to queue
[2025-07-19T08:38:09.253+0000] {logging_mixin.py:188} INFO - [2025-07-19T08:38:09.253+0000] {dagbag.py:545} INFO - Filling up the DagBag from /home/airflow/.local/lib/python3.12/site-packages/airflow/example_dags/example_datasets.py
[2025-07-19T08:38:09.272+0000] {processor.py:840} INFO - DAG(s) 'consume_1_or_2_with_dataset_expressions', 'dataset_consumes_1_never_scheduled', 'dataset_consumes_unknown_never_scheduled', 'consume_1_and_2_with_dataset_expressions', 'dataset_produces_1', 'conditional_dataset_and_time_based_timetable', 'dataset_consumes_1_and_2', 'dataset_produces_2', 'dataset_consumes_1', 'consume_1_or_both_2_and_3_with_dataset_expressions' retrieved from /home/airflow/.local/lib/python3.12/site-packages/airflow/example_dags/example_datasets.py
[2025-07-19T08:38:09.368+0000] {logging_mixin.py:188} INFO - [2025-07-19T08:38:09.367+0000] {override.py:1829} INFO - Created Permission View: can read on DAG:consume_1_or_2_with_dataset_expressions
[2025-07-19T08:38:09.378+0000] {logging_mixin.py:188} INFO - [2025-07-19T08:38:09.377+0000] {override.py:1829} INFO - Created Permission View: can delete on DAG:consume_1_or_2_with_dataset_expressions
[2025-07-19T08:38:09.383+0000] {logging_mixin.py:188} INFO - [2025-07-19T08:38:09.383+0000] {override.py:1829} INFO - Created Permission View: can edit on DAG:consume_1_or_2_with_dataset_expressions
[2025-07-19T08:38:09.394+0000] {logging_mixin.py:188} INFO - [2025-07-19T08:38:09.394+0000] {override.py:1829} INFO - Created Permission View: can read on DAG:dataset_consumes_1_never_scheduled
[2025-07-19T08:38:09.400+0000] {logging_mixin.py:188} INFO - [2025-07-19T08:38:09.399+0000] {override.py:1829} INFO - Created Permission View: can delete on DAG:dataset_consumes_1_never_scheduled
[2025-07-19T08:38:09.406+0000] {logging_mixin.py:188} INFO - [2025-07-19T08:38:09.405+0000] {override.py:1829} INFO - Created Permission View: can edit on DAG:dataset_consumes_1_never_scheduled
[2025-07-19T08:38:09.417+0000] {logging_mixin.py:188} INFO - [2025-07-19T08:38:09.416+0000] {override.py:1829} INFO - Created Permission View: can read on DAG:dataset_consumes_unknown_never_scheduled
[2025-07-19T08:38:09.423+0000] {logging_mixin.py:188} INFO - [2025-07-19T08:38:09.422+0000] {override.py:1829} INFO - Created Permission View: can delete on DAG:dataset_consumes_unknown_never_scheduled
[2025-07-19T08:38:09.428+0000] {logging_mixin.py:188} INFO - [2025-07-19T08:38:09.428+0000] {override.py:1829} INFO - Created Permission View: can edit on DAG:dataset_consumes_unknown_never_scheduled
[2025-07-19T08:38:09.439+0000] {logging_mixin.py:188} INFO - [2025-07-19T08:38:09.439+0000] {override.py:1829} INFO - Created Permission View: can read on DAG:consume_1_and_2_with_dataset_expressions
[2025-07-19T08:38:09.445+0000] {logging_mixin.py:188} INFO - [2025-07-19T08:38:09.445+0000] {override.py:1829} INFO - Created Permission View: can delete on DAG:consume_1_and_2_with_dataset_expressions
[2025-07-19T08:38:09.451+0000] {logging_mixin.py:188} INFO - [2025-07-19T08:38:09.451+0000] {override.py:1829} INFO - Created Permission View: can edit on DAG:consume_1_and_2_with_dataset_expressions
[2025-07-19T08:38:09.463+0000] {logging_mixin.py:188} INFO - [2025-07-19T08:38:09.463+0000] {override.py:1829} INFO - Created Permission View: can read on DAG:dataset_produces_1
[2025-07-19T08:38:09.470+0000] {logging_mixin.py:188} INFO - [2025-07-19T08:38:09.470+0000] {override.py:1829} INFO - Created Permission View: can delete on DAG:dataset_produces_1
[2025-07-19T08:38:09.476+0000] {logging_mixin.py:188} INFO - [2025-07-19T08:38:09.476+0000] {override.py:1829} INFO - Created Permission View: can edit on DAG:dataset_produces_1
[2025-07-19T08:38:09.487+0000] {logging_mixin.py:188} INFO - [2025-07-19T08:38:09.487+0000] {override.py:1829} INFO - Created Permission View: can read on DAG:conditional_dataset_and_time_based_timetable
[2025-07-19T08:38:09.493+0000] {logging_mixin.py:188} INFO - [2025-07-19T08:38:09.493+0000] {override.py:1829} INFO - Created Permission View: can delete on DAG:conditional_dataset_and_time_based_timetable
[2025-07-19T08:38:09.499+0000] {logging_mixin.py:188} INFO - [2025-07-19T08:38:09.499+0000] {override.py:1829} INFO - Created Permission View: can edit on DAG:conditional_dataset_and_time_based_timetable
[2025-07-19T08:38:09.510+0000] {logging_mixin.py:188} INFO - [2025-07-19T08:38:09.510+0000] {override.py:1829} INFO - Created Permission View: can read on DAG:dataset_consumes_1_and_2
[2025-07-19T08:38:09.516+0000] {logging_mixin.py:188} INFO - [2025-07-19T08:38:09.516+0000] {override.py:1829} INFO - Created Permission View: can delete on DAG:dataset_consumes_1_and_2
[2025-07-19T08:38:09.521+0000] {logging_mixin.py:188} INFO - [2025-07-19T08:38:09.521+0000] {override.py:1829} INFO - Created Permission View: can edit on DAG:dataset_consumes_1_and_2
[2025-07-19T08:38:09.532+0000] {logging_mixin.py:188} INFO - [2025-07-19T08:38:09.531+0000] {override.py:1829} INFO - Created Permission View: can read on DAG:dataset_produces_2
[2025-07-19T08:38:09.537+0000] {logging_mixin.py:188} INFO - [2025-07-19T08:38:09.536+0000] {override.py:1829} INFO - Created Permission View: can delete on DAG:dataset_produces_2
[2025-07-19T08:38:09.542+0000] {logging_mixin.py:188} INFO - [2025-07-19T08:38:09.541+0000] {override.py:1829} INFO - Created Permission View: can edit on DAG:dataset_produces_2
[2025-07-19T08:38:09.551+0000] {logging_mixin.py:188} INFO - [2025-07-19T08:38:09.551+0000] {override.py:1829} INFO - Created Permission View: can read on DAG:dataset_consumes_1
[2025-07-19T08:38:09.558+0000] {logging_mixin.py:188} INFO - [2025-07-19T08:38:09.557+0000] {override.py:1829} INFO - Created Permission View: can delete on DAG:dataset_consumes_1
[2025-07-19T08:38:09.563+0000] {logging_mixin.py:188} INFO - [2025-07-19T08:38:09.563+0000] {override.py:1829} INFO - Created Permission View: can edit on DAG:dataset_consumes_1
[2025-07-19T08:38:09.576+0000] {logging_mixin.py:188} INFO - [2025-07-19T08:38:09.575+0000] {override.py:1829} INFO - Created Permission View: can read on DAG:consume_1_or_both_2_and_3_with_dataset_expressions
[2025-07-19T08:38:09.583+0000] {logging_mixin.py:188} INFO - [2025-07-19T08:38:09.582+0000] {override.py:1829} INFO - Created Permission View: can delete on DAG:consume_1_or_both_2_and_3_with_dataset_expressions
[2025-07-19T08:38:09.588+0000] {logging_mixin.py:188} INFO - [2025-07-19T08:38:09.588+0000] {override.py:1829} INFO - Created Permission View: can edit on DAG:consume_1_or_both_2_and_3_with_dataset_expressions
[2025-07-19T08:38:09.589+0000] {logging_mixin.py:188} INFO - [2025-07-19T08:38:09.589+0000] {dag.py:3096} INFO - Sync 10 DAGs
[2025-07-19T08:38:09.598+0000] {logging_mixin.py:188} INFO - [2025-07-19T08:38:09.598+0000] {dag.py:3118} INFO - Creating ORM DAG for dataset_consumes_1_never_scheduled
[2025-07-19T08:38:09.599+0000] {logging_mixin.py:188} INFO - [2025-07-19T08:38:09.599+0000] {dag.py:3118} INFO - Creating ORM DAG for dataset_consumes_1_and_2
[2025-07-19T08:38:09.599+0000] {logging_mixin.py:188} INFO - [2025-07-19T08:38:09.599+0000] {dag.py:3118} INFO - Creating ORM DAG for dataset_produces_2
[2025-07-19T08:38:09.600+0000] {logging_mixin.py:188} INFO - [2025-07-19T08:38:09.600+0000] {dag.py:3118} INFO - Creating ORM DAG for consume_1_or_2_with_dataset_expressions
[2025-07-19T08:38:09.601+0000] {logging_mixin.py:188} INFO - [2025-07-19T08:38:09.601+0000] {dag.py:3118} INFO - Creating ORM DAG for consume_1_and_2_with_dataset_expressions
[2025-07-19T08:38:09.601+0000] {logging_mixin.py:188} INFO - [2025-07-19T08:38:09.601+0000] {dag.py:3118} INFO - Creating ORM DAG for conditional_dataset_and_time_based_timetable
[2025-07-19T08:38:09.602+0000] {logging_mixin.py:188} INFO - [2025-07-19T08:38:09.602+0000] {dag.py:3118} INFO - Creating ORM DAG for consume_1_or_both_2_and_3_with_dataset_expressions
[2025-07-19T08:38:09.602+0000] {logging_mixin.py:188} INFO - [2025-07-19T08:38:09.602+0000] {dag.py:3118} INFO - Creating ORM DAG for dataset_consumes_1
[2025-07-19T08:38:09.603+0000] {logging_mixin.py:188} INFO - [2025-07-19T08:38:09.603+0000] {dag.py:3118} INFO - Creating ORM DAG for dataset_consumes_unknown_never_scheduled
[2025-07-19T08:38:09.603+0000] {logging_mixin.py:188} INFO - [2025-07-19T08:38:09.603+0000] {dag.py:3118} INFO - Creating ORM DAG for dataset_produces_1
[2025-07-19T08:38:09.612+0000] {logging_mixin.py:188} INFO - [2025-07-19T08:38:09.612+0000] {dag.py:3954} INFO - Setting next_dagrun for conditional_dataset_and_time_based_timetable to 2025-07-16 01:00:00+00:00, run_after=2025-07-16 01:00:00+00:00
[2025-07-19T08:38:09.614+0000] {logging_mixin.py:188} INFO - [2025-07-19T08:38:09.613+0000] {dag.py:3954} INFO - Setting next_dagrun for consume_1_and_2_with_dataset_expressions to None, run_after=None
[2025-07-19T08:38:09.614+0000] {logging_mixin.py:188} INFO - [2025-07-19T08:38:09.614+0000] {dag.py:3954} INFO - Setting next_dagrun for consume_1_or_2_with_dataset_expressions to None, run_after=None
[2025-07-19T08:38:09.615+0000] {logging_mixin.py:188} INFO - [2025-07-19T08:38:09.615+0000] {dag.py:3954} INFO - Setting next_dagrun for consume_1_or_both_2_and_3_with_dataset_expressions to None, run_after=None
[2025-07-19T08:38:09.615+0000] {logging_mixin.py:188} INFO - [2025-07-19T08:38:09.615+0000] {dag.py:3954} INFO - Setting next_dagrun for dataset_consumes_1 to None, run_after=None
[2025-07-19T08:38:09.616+0000] {logging_mixin.py:188} INFO - [2025-07-19T08:38:09.616+0000] {dag.py:3954} INFO - Setting next_dagrun for dataset_consumes_1_and_2 to None, run_after=None
[2025-07-19T08:38:09.617+0000] {logging_mixin.py:188} INFO - [2025-07-19T08:38:09.617+0000] {dag.py:3954} INFO - Setting next_dagrun for dataset_consumes_1_never_scheduled to None, run_after=None
[2025-07-19T08:38:09.617+0000] {logging_mixin.py:188} INFO - [2025-07-19T08:38:09.617+0000] {dag.py:3954} INFO - Setting next_dagrun for dataset_consumes_unknown_never_scheduled to None, run_after=None
[2025-07-19T08:38:09.618+0000] {logging_mixin.py:188} INFO - [2025-07-19T08:38:09.618+0000] {dag.py:3954} INFO - Setting next_dagrun for dataset_produces_1 to 2025-07-18 00:00:00+00:00, run_after=2025-07-19 00:00:00+00:00
[2025-07-19T08:38:09.619+0000] {logging_mixin.py:188} INFO - [2025-07-19T08:38:09.619+0000] {dag.py:3954} INFO - Setting next_dagrun for dataset_produces_2 to None, run_after=None
[2025-07-19T08:38:09.658+0000] {processor.py:183} INFO - Processing /home/airflow/.local/lib/python3.12/site-packages/airflow/example_dags/example_datasets.py took 0.413 seconds
[2025-07-19T08:38:40.369+0000] {processor.py:161} INFO - Started process (PID=617) to work on /home/airflow/.local/lib/python3.12/site-packages/airflow/example_dags/example_datasets.py
[2025-07-19T08:38:40.370+0000] {processor.py:830} INFO - Processing file /home/airflow/.local/lib/python3.12/site-packages/airflow/example_dags/example_datasets.py for tasks to queue
[2025-07-19T08:38:40.372+0000] {logging_mixin.py:188} INFO - [2025-07-19T08:38:40.371+0000] {dagbag.py:545} INFO - Filling up the DagBag from /home/airflow/.local/lib/python3.12/site-packages/airflow/example_dags/example_datasets.py
[2025-07-19T08:38:40.383+0000] {processor.py:840} INFO - DAG(s) 'dataset_consumes_1_never_scheduled', 'consume_1_or_2_with_dataset_expressions', 'dataset_consumes_1_and_2', 'dataset_produces_2', 'dataset_consumes_1', 'dataset_consumes_unknown_never_scheduled', 'conditional_dataset_and_time_based_timetable', 'consume_1_or_both_2_and_3_with_dataset_expressions', 'consume_1_and_2_with_dataset_expressions', 'dataset_produces_1' retrieved from /home/airflow/.local/lib/python3.12/site-packages/airflow/example_dags/example_datasets.py
[2025-07-19T08:38:40.422+0000] {logging_mixin.py:188} INFO - [2025-07-19T08:38:40.421+0000] {dag.py:3096} INFO - Sync 10 DAGs
[2025-07-19T08:38:40.449+0000] {logging_mixin.py:188} INFO - [2025-07-19T08:38:40.449+0000] {dag.py:3954} INFO - Setting next_dagrun for conditional_dataset_and_time_based_timetable to 2025-07-16 01:00:00+00:00, run_after=2025-07-16 01:00:00+00:00
[2025-07-19T08:38:40.453+0000] {logging_mixin.py:188} INFO - [2025-07-19T08:38:40.453+0000] {dag.py:3954} INFO - Setting next_dagrun for consume_1_and_2_with_dataset_expressions to None, run_after=None
[2025-07-19T08:38:40.454+0000] {logging_mixin.py:188} INFO - [2025-07-19T08:38:40.454+0000] {dag.py:3954} INFO - Setting next_dagrun for consume_1_or_2_with_dataset_expressions to None, run_after=None
[2025-07-19T08:38:40.455+0000] {logging_mixin.py:188} INFO - [2025-07-19T08:38:40.455+0000] {dag.py:3954} INFO - Setting next_dagrun for consume_1_or_both_2_and_3_with_dataset_expressions to None, run_after=None
[2025-07-19T08:38:40.457+0000] {logging_mixin.py:188} INFO - [2025-07-19T08:38:40.456+0000] {dag.py:3954} INFO - Setting next_dagrun for dataset_consumes_1 to None, run_after=None
[2025-07-19T08:38:40.458+0000] {logging_mixin.py:188} INFO - [2025-07-19T08:38:40.458+0000] {dag.py:3954} INFO - Setting next_dagrun for dataset_consumes_1_and_2 to None, run_after=None
[2025-07-19T08:38:40.459+0000] {logging_mixin.py:188} INFO - [2025-07-19T08:38:40.459+0000] {dag.py:3954} INFO - Setting next_dagrun for dataset_consumes_1_never_scheduled to None, run_after=None
[2025-07-19T08:38:40.460+0000] {logging_mixin.py:188} INFO - [2025-07-19T08:38:40.460+0000] {dag.py:3954} INFO - Setting next_dagrun for dataset_consumes_unknown_never_scheduled to None, run_after=None
[2025-07-19T08:38:40.461+0000] {logging_mixin.py:188} INFO - [2025-07-19T08:38:40.461+0000] {dag.py:3954} INFO - Setting next_dagrun for dataset_produces_1 to 2025-07-18 00:00:00+00:00, run_after=2025-07-19 00:00:00+00:00
[2025-07-19T08:38:40.462+0000] {logging_mixin.py:188} INFO - [2025-07-19T08:38:40.462+0000] {dag.py:3954} INFO - Setting next_dagrun for dataset_produces_2 to None, run_after=None
[2025-07-19T08:38:40.490+0000] {processor.py:183} INFO - Processing /home/airflow/.local/lib/python3.12/site-packages/airflow/example_dags/example_datasets.py took 0.126 seconds
[2025-07-19T08:39:10.826+0000] {processor.py:161} INFO - Started process (PID=885) to work on /home/airflow/.local/lib/python3.12/site-packages/airflow/example_dags/example_datasets.py
[2025-07-19T08:39:10.827+0000] {processor.py:830} INFO - Processing file /home/airflow/.local/lib/python3.12/site-packages/airflow/example_dags/example_datasets.py for tasks to queue
[2025-07-19T08:39:10.829+0000] {logging_mixin.py:188} INFO - [2025-07-19T08:39:10.828+0000] {dagbag.py:545} INFO - Filling up the DagBag from /home/airflow/.local/lib/python3.12/site-packages/airflow/example_dags/example_datasets.py
[2025-07-19T08:39:10.841+0000] {processor.py:840} INFO - DAG(s) 'consume_1_and_2_with_dataset_expressions', 'consume_1_or_2_with_dataset_expressions', 'dataset_consumes_1_never_scheduled', 'dataset_produces_2', 'dataset_consumes_1', 'dataset_produces_1', 'dataset_consumes_unknown_never_scheduled', 'dataset_consumes_1_and_2', 'conditional_dataset_and_time_based_timetable', 'consume_1_or_both_2_and_3_with_dataset_expressions' retrieved from /home/airflow/.local/lib/python3.12/site-packages/airflow/example_dags/example_datasets.py
[2025-07-19T08:39:10.880+0000] {logging_mixin.py:188} INFO - [2025-07-19T08:39:10.880+0000] {dag.py:3096} INFO - Sync 10 DAGs
[2025-07-19T08:39:10.901+0000] {logging_mixin.py:188} INFO - [2025-07-19T08:39:10.901+0000] {dag.py:3954} INFO - Setting next_dagrun for conditional_dataset_and_time_based_timetable to 2025-07-16 01:00:00+00:00, run_after=2025-07-16 01:00:00+00:00
[2025-07-19T08:39:10.906+0000] {logging_mixin.py:188} INFO - [2025-07-19T08:39:10.905+0000] {dag.py:3954} INFO - Setting next_dagrun for consume_1_and_2_with_dataset_expressions to None, run_after=None
[2025-07-19T08:39:10.908+0000] {logging_mixin.py:188} INFO - [2025-07-19T08:39:10.907+0000] {dag.py:3954} INFO - Setting next_dagrun for consume_1_or_2_with_dataset_expressions to None, run_after=None
[2025-07-19T08:39:10.909+0000] {logging_mixin.py:188} INFO - [2025-07-19T08:39:10.909+0000] {dag.py:3954} INFO - Setting next_dagrun for consume_1_or_both_2_and_3_with_dataset_expressions to None, run_after=None
[2025-07-19T08:39:10.911+0000] {logging_mixin.py:188} INFO - [2025-07-19T08:39:10.911+0000] {dag.py:3954} INFO - Setting next_dagrun for dataset_consumes_1 to None, run_after=None
[2025-07-19T08:39:10.912+0000] {logging_mixin.py:188} INFO - [2025-07-19T08:39:10.912+0000] {dag.py:3954} INFO - Setting next_dagrun for dataset_consumes_1_and_2 to None, run_after=None
[2025-07-19T08:39:10.913+0000] {logging_mixin.py:188} INFO - [2025-07-19T08:39:10.913+0000] {dag.py:3954} INFO - Setting next_dagrun for dataset_consumes_1_never_scheduled to None, run_after=None
[2025-07-19T08:39:10.915+0000] {logging_mixin.py:188} INFO - [2025-07-19T08:39:10.915+0000] {dag.py:3954} INFO - Setting next_dagrun for dataset_consumes_unknown_never_scheduled to None, run_after=None
[2025-07-19T08:39:10.917+0000] {logging_mixin.py:188} INFO - [2025-07-19T08:39:10.917+0000] {dag.py:3954} INFO - Setting next_dagrun for dataset_produces_1 to 2025-07-18 00:00:00+00:00, run_after=2025-07-19 00:00:00+00:00
[2025-07-19T08:39:10.918+0000] {logging_mixin.py:188} INFO - [2025-07-19T08:39:10.918+0000] {dag.py:3954} INFO - Setting next_dagrun for dataset_produces_2 to None, run_after=None
[2025-07-19T08:39:10.947+0000] {processor.py:183} INFO - Processing /home/airflow/.local/lib/python3.12/site-packages/airflow/example_dags/example_datasets.py took 0.126 seconds
[2025-07-19T08:39:41.745+0000] {processor.py:161} INFO - Started process (PID=1147) to work on /home/airflow/.local/lib/python3.12/site-packages/airflow/example_dags/example_datasets.py
[2025-07-19T08:39:41.746+0000] {processor.py:830} INFO - Processing file /home/airflow/.local/lib/python3.12/site-packages/airflow/example_dags/example_datasets.py for tasks to queue
[2025-07-19T08:39:41.748+0000] {logging_mixin.py:188} INFO - [2025-07-19T08:39:41.748+0000] {dagbag.py:545} INFO - Filling up the DagBag from /home/airflow/.local/lib/python3.12/site-packages/airflow/example_dags/example_datasets.py
[2025-07-19T08:39:41.761+0000] {processor.py:840} INFO - DAG(s) 'dataset_produces_2', 'dataset_consumes_1_never_scheduled', 'consume_1_or_2_with_dataset_expressions', 'dataset_consumes_1', 'consume_1_and_2_with_dataset_expressions', 'dataset_produces_1', 'consume_1_or_both_2_and_3_with_dataset_expressions', 'conditional_dataset_and_time_based_timetable', 'dataset_consumes_unknown_never_scheduled', 'dataset_consumes_1_and_2' retrieved from /home/airflow/.local/lib/python3.12/site-packages/airflow/example_dags/example_datasets.py
[2025-07-19T08:39:41.821+0000] {logging_mixin.py:188} INFO - [2025-07-19T08:39:41.821+0000] {dag.py:3096} INFO - Sync 10 DAGs
[2025-07-19T08:39:41.848+0000] {logging_mixin.py:188} INFO - [2025-07-19T08:39:41.848+0000] {dag.py:3954} INFO - Setting next_dagrun for conditional_dataset_and_time_based_timetable to 2025-07-16 01:00:00+00:00, run_after=2025-07-16 01:00:00+00:00
[2025-07-19T08:39:41.853+0000] {logging_mixin.py:188} INFO - [2025-07-19T08:39:41.853+0000] {dag.py:3954} INFO - Setting next_dagrun for consume_1_and_2_with_dataset_expressions to None, run_after=None
[2025-07-19T08:39:41.855+0000] {logging_mixin.py:188} INFO - [2025-07-19T08:39:41.855+0000] {dag.py:3954} INFO - Setting next_dagrun for consume_1_or_2_with_dataset_expressions to None, run_after=None
[2025-07-19T08:39:41.857+0000] {logging_mixin.py:188} INFO - [2025-07-19T08:39:41.857+0000] {dag.py:3954} INFO - Setting next_dagrun for consume_1_or_both_2_and_3_with_dataset_expressions to None, run_after=None
[2025-07-19T08:39:41.859+0000] {logging_mixin.py:188} INFO - [2025-07-19T08:39:41.859+0000] {dag.py:3954} INFO - Setting next_dagrun for dataset_consumes_1 to None, run_after=None
[2025-07-19T08:39:41.860+0000] {logging_mixin.py:188} INFO - [2025-07-19T08:39:41.860+0000] {dag.py:3954} INFO - Setting next_dagrun for dataset_consumes_1_and_2 to None, run_after=None
[2025-07-19T08:39:41.862+0000] {logging_mixin.py:188} INFO - [2025-07-19T08:39:41.862+0000] {dag.py:3954} INFO - Setting next_dagrun for dataset_consumes_1_never_scheduled to None, run_after=None
[2025-07-19T08:39:41.864+0000] {logging_mixin.py:188} INFO - [2025-07-19T08:39:41.864+0000] {dag.py:3954} INFO - Setting next_dagrun for dataset_consumes_unknown_never_scheduled to None, run_after=None
[2025-07-19T08:39:41.866+0000] {logging_mixin.py:188} INFO - [2025-07-19T08:39:41.866+0000] {dag.py:3954} INFO - Setting next_dagrun for dataset_produces_1 to 2025-07-18 00:00:00+00:00, run_after=2025-07-19 00:00:00+00:00
[2025-07-19T08:39:41.868+0000] {logging_mixin.py:188} INFO - [2025-07-19T08:39:41.868+0000] {dag.py:3954} INFO - Setting next_dagrun for dataset_produces_2 to None, run_after=None
[2025-07-19T08:39:41.900+0000] {processor.py:183} INFO - Processing /home/airflow/.local/lib/python3.12/site-packages/airflow/example_dags/example_datasets.py took 0.161 seconds
[2025-07-19T08:40:12.078+0000] {processor.py:161} INFO - Started process (PID=1409) to work on /home/airflow/.local/lib/python3.12/site-packages/airflow/example_dags/example_datasets.py
[2025-07-19T08:40:12.079+0000] {processor.py:830} INFO - Processing file /home/airflow/.local/lib/python3.12/site-packages/airflow/example_dags/example_datasets.py for tasks to queue
[2025-07-19T08:40:12.081+0000] {logging_mixin.py:188} INFO - [2025-07-19T08:40:12.081+0000] {dagbag.py:545} INFO - Filling up the DagBag from /home/airflow/.local/lib/python3.12/site-packages/airflow/example_dags/example_datasets.py
[2025-07-19T08:40:12.097+0000] {processor.py:840} INFO - DAG(s) 'dataset_produces_2', 'conditional_dataset_and_time_based_timetable', 'consume_1_and_2_with_dataset_expressions', 'dataset_consumes_1', 'consume_1_or_2_with_dataset_expressions', 'consume_1_or_both_2_and_3_with_dataset_expressions', 'dataset_consumes_1_never_scheduled', 'dataset_consumes_unknown_never_scheduled', 'dataset_consumes_1_and_2', 'dataset_produces_1' retrieved from /home/airflow/.local/lib/python3.12/site-packages/airflow/example_dags/example_datasets.py
[2025-07-19T08:40:12.145+0000] {logging_mixin.py:188} INFO - [2025-07-19T08:40:12.145+0000] {dag.py:3096} INFO - Sync 10 DAGs
[2025-07-19T08:40:12.167+0000] {logging_mixin.py:188} INFO - [2025-07-19T08:40:12.167+0000] {dag.py:3954} INFO - Setting next_dagrun for conditional_dataset_and_time_based_timetable to 2025-07-16 01:00:00+00:00, run_after=2025-07-16 01:00:00+00:00
[2025-07-19T08:40:12.171+0000] {logging_mixin.py:188} INFO - [2025-07-19T08:40:12.171+0000] {dag.py:3954} INFO - Setting next_dagrun for consume_1_and_2_with_dataset_expressions to None, run_after=None
[2025-07-19T08:40:12.175+0000] {logging_mixin.py:188} INFO - [2025-07-19T08:40:12.174+0000] {dag.py:3954} INFO - Setting next_dagrun for consume_1_or_2_with_dataset_expressions to None, run_after=None
[2025-07-19T08:40:12.176+0000] {logging_mixin.py:188} INFO - [2025-07-19T08:40:12.176+0000] {dag.py:3954} INFO - Setting next_dagrun for consume_1_or_both_2_and_3_with_dataset_expressions to None, run_after=None
[2025-07-19T08:40:12.177+0000] {logging_mixin.py:188} INFO - [2025-07-19T08:40:12.177+0000] {dag.py:3954} INFO - Setting next_dagrun for dataset_consumes_1 to None, run_after=None
[2025-07-19T08:40:12.178+0000] {logging_mixin.py:188} INFO - [2025-07-19T08:40:12.178+0000] {dag.py:3954} INFO - Setting next_dagrun for dataset_consumes_1_and_2 to None, run_after=None
[2025-07-19T08:40:12.179+0000] {logging_mixin.py:188} INFO - [2025-07-19T08:40:12.179+0000] {dag.py:3954} INFO - Setting next_dagrun for dataset_consumes_1_never_scheduled to None, run_after=None
[2025-07-19T08:40:12.181+0000] {logging_mixin.py:188} INFO - [2025-07-19T08:40:12.181+0000] {dag.py:3954} INFO - Setting next_dagrun for dataset_consumes_unknown_never_scheduled to None, run_after=None
[2025-07-19T08:40:12.183+0000] {logging_mixin.py:188} INFO - [2025-07-19T08:40:12.183+0000] {dag.py:3954} INFO - Setting next_dagrun for dataset_produces_1 to 2025-07-18 00:00:00+00:00, run_after=2025-07-19 00:00:00+00:00
[2025-07-19T08:40:12.184+0000] {logging_mixin.py:188} INFO - [2025-07-19T08:40:12.184+0000] {dag.py:3954} INFO - Setting next_dagrun for dataset_produces_2 to None, run_after=None
[2025-07-19T08:40:12.214+0000] {processor.py:183} INFO - Processing /home/airflow/.local/lib/python3.12/site-packages/airflow/example_dags/example_datasets.py took 0.142 seconds
[2025-07-19T08:40:42.489+0000] {processor.py:161} INFO - Started process (PID=1671) to work on /home/airflow/.local/lib/python3.12/site-packages/airflow/example_dags/example_datasets.py
[2025-07-19T08:40:42.490+0000] {processor.py:830} INFO - Processing file /home/airflow/.local/lib/python3.12/site-packages/airflow/example_dags/example_datasets.py for tasks to queue
[2025-07-19T08:40:42.491+0000] {logging_mixin.py:188} INFO - [2025-07-19T08:40:42.491+0000] {dagbag.py:545} INFO - Filling up the DagBag from /home/airflow/.local/lib/python3.12/site-packages/airflow/example_dags/example_datasets.py
[2025-07-19T08:40:42.503+0000] {processor.py:840} INFO - DAG(s) 'dataset_consumes_1_and_2', 'dataset_consumes_1_never_scheduled', 'consume_1_or_2_with_dataset_expressions', 'dataset_produces_2', 'consume_1_and_2_with_dataset_expressions', 'consume_1_or_both_2_and_3_with_dataset_expressions', 'conditional_dataset_and_time_based_timetable', 'dataset_produces_1', 'dataset_consumes_unknown_never_scheduled', 'dataset_consumes_1' retrieved from /home/airflow/.local/lib/python3.12/site-packages/airflow/example_dags/example_datasets.py
[2025-07-19T08:40:42.541+0000] {logging_mixin.py:188} INFO - [2025-07-19T08:40:42.540+0000] {dag.py:3096} INFO - Sync 10 DAGs
[2025-07-19T08:40:42.560+0000] {logging_mixin.py:188} INFO - [2025-07-19T08:40:42.560+0000] {dag.py:3954} INFO - Setting next_dagrun for conditional_dataset_and_time_based_timetable to 2025-07-16 01:00:00+00:00, run_after=2025-07-16 01:00:00+00:00
[2025-07-19T08:40:42.564+0000] {logging_mixin.py:188} INFO - [2025-07-19T08:40:42.564+0000] {dag.py:3954} INFO - Setting next_dagrun for consume_1_and_2_with_dataset_expressions to None, run_after=None
[2025-07-19T08:40:42.566+0000] {logging_mixin.py:188} INFO - [2025-07-19T08:40:42.565+0000] {dag.py:3954} INFO - Setting next_dagrun for consume_1_or_2_with_dataset_expressions to None, run_after=None
[2025-07-19T08:40:42.567+0000] {logging_mixin.py:188} INFO - [2025-07-19T08:40:42.567+0000] {dag.py:3954} INFO - Setting next_dagrun for consume_1_or_both_2_and_3_with_dataset_expressions to None, run_after=None
[2025-07-19T08:40:42.568+0000] {logging_mixin.py:188} INFO - [2025-07-19T08:40:42.568+0000] {dag.py:3954} INFO - Setting next_dagrun for dataset_consumes_1 to None, run_after=None
[2025-07-19T08:40:42.569+0000] {logging_mixin.py:188} INFO - [2025-07-19T08:40:42.569+0000] {dag.py:3954} INFO - Setting next_dagrun for dataset_consumes_1_and_2 to None, run_after=None
[2025-07-19T08:40:42.570+0000] {logging_mixin.py:188} INFO - [2025-07-19T08:40:42.570+0000] {dag.py:3954} INFO - Setting next_dagrun for dataset_consumes_1_never_scheduled to None, run_after=None
[2025-07-19T08:40:42.571+0000] {logging_mixin.py:188} INFO - [2025-07-19T08:40:42.571+0000] {dag.py:3954} INFO - Setting next_dagrun for dataset_consumes_unknown_never_scheduled to None, run_after=None
[2025-07-19T08:40:42.574+0000] {logging_mixin.py:188} INFO - [2025-07-19T08:40:42.574+0000] {dag.py:3954} INFO - Setting next_dagrun for dataset_produces_1 to 2025-07-18 00:00:00+00:00, run_after=2025-07-19 00:00:00+00:00
[2025-07-19T08:40:42.575+0000] {logging_mixin.py:188} INFO - [2025-07-19T08:40:42.575+0000] {dag.py:3954} INFO - Setting next_dagrun for dataset_produces_2 to None, run_after=None
[2025-07-19T08:40:42.602+0000] {processor.py:183} INFO - Processing /home/airflow/.local/lib/python3.12/site-packages/airflow/example_dags/example_datasets.py took 0.118 seconds
[2025-07-19T08:41:12.805+0000] {processor.py:161} INFO - Started process (PID=1933) to work on /home/airflow/.local/lib/python3.12/site-packages/airflow/example_dags/example_datasets.py
[2025-07-19T08:41:12.806+0000] {processor.py:830} INFO - Processing file /home/airflow/.local/lib/python3.12/site-packages/airflow/example_dags/example_datasets.py for tasks to queue
[2025-07-19T08:41:12.808+0000] {logging_mixin.py:188} INFO - [2025-07-19T08:41:12.808+0000] {dagbag.py:545} INFO - Filling up the DagBag from /home/airflow/.local/lib/python3.12/site-packages/airflow/example_dags/example_datasets.py
[2025-07-19T08:41:12.820+0000] {processor.py:840} INFO - DAG(s) 'dataset_consumes_1_never_scheduled', 'dataset_consumes_1', 'consume_1_and_2_with_dataset_expressions', 'dataset_consumes_1_and_2', 'dataset_produces_2', 'dataset_produces_1', 'dataset_consumes_unknown_never_scheduled', 'consume_1_or_both_2_and_3_with_dataset_expressions', 'consume_1_or_2_with_dataset_expressions', 'conditional_dataset_and_time_based_timetable' retrieved from /home/airflow/.local/lib/python3.12/site-packages/airflow/example_dags/example_datasets.py
[2025-07-19T08:41:12.871+0000] {logging_mixin.py:188} INFO - [2025-07-19T08:41:12.871+0000] {dag.py:3096} INFO - Sync 10 DAGs
[2025-07-19T08:41:12.903+0000] {logging_mixin.py:188} INFO - [2025-07-19T08:41:12.902+0000] {dag.py:3954} INFO - Setting next_dagrun for conditional_dataset_and_time_based_timetable to 2025-07-16 01:00:00+00:00, run_after=2025-07-16 01:00:00+00:00
[2025-07-19T08:41:12.910+0000] {logging_mixin.py:188} INFO - [2025-07-19T08:41:12.909+0000] {dag.py:3954} INFO - Setting next_dagrun for consume_1_and_2_with_dataset_expressions to None, run_after=None
[2025-07-19T08:41:12.913+0000] {logging_mixin.py:188} INFO - [2025-07-19T08:41:12.912+0000] {dag.py:3954} INFO - Setting next_dagrun for consume_1_or_2_with_dataset_expressions to None, run_after=None
[2025-07-19T08:41:12.916+0000] {logging_mixin.py:188} INFO - [2025-07-19T08:41:12.915+0000] {dag.py:3954} INFO - Setting next_dagrun for consume_1_or_both_2_and_3_with_dataset_expressions to None, run_after=None
[2025-07-19T08:41:12.919+0000] {logging_mixin.py:188} INFO - [2025-07-19T08:41:12.918+0000] {dag.py:3954} INFO - Setting next_dagrun for dataset_consumes_1 to None, run_after=None
[2025-07-19T08:41:12.922+0000] {logging_mixin.py:188} INFO - [2025-07-19T08:41:12.921+0000] {dag.py:3954} INFO - Setting next_dagrun for dataset_consumes_1_and_2 to None, run_after=None
[2025-07-19T08:41:12.927+0000] {logging_mixin.py:188} INFO - [2025-07-19T08:41:12.927+0000] {dag.py:3954} INFO - Setting next_dagrun for dataset_consumes_1_never_scheduled to None, run_after=None
[2025-07-19T08:41:12.930+0000] {logging_mixin.py:188} INFO - [2025-07-19T08:41:12.930+0000] {dag.py:3954} INFO - Setting next_dagrun for dataset_consumes_unknown_never_scheduled to None, run_after=None
[2025-07-19T08:41:12.934+0000] {logging_mixin.py:188} INFO - [2025-07-19T08:41:12.934+0000] {dag.py:3954} INFO - Setting next_dagrun for dataset_produces_1 to 2025-07-18 00:00:00+00:00, run_after=2025-07-19 00:00:00+00:00
[2025-07-19T08:41:12.938+0000] {logging_mixin.py:188} INFO - [2025-07-19T08:41:12.937+0000] {dag.py:3954} INFO - Setting next_dagrun for dataset_produces_2 to None, run_after=None
[2025-07-19T08:41:12.987+0000] {processor.py:183} INFO - Processing /home/airflow/.local/lib/python3.12/site-packages/airflow/example_dags/example_datasets.py took 0.188 seconds
[2025-07-19T08:41:43.243+0000] {processor.py:161} INFO - Started process (PID=2195) to work on /home/airflow/.local/lib/python3.12/site-packages/airflow/example_dags/example_datasets.py
[2025-07-19T08:41:43.244+0000] {processor.py:830} INFO - Processing file /home/airflow/.local/lib/python3.12/site-packages/airflow/example_dags/example_datasets.py for tasks to queue
[2025-07-19T08:41:43.247+0000] {logging_mixin.py:188} INFO - [2025-07-19T08:41:43.246+0000] {dagbag.py:545} INFO - Filling up the DagBag from /home/airflow/.local/lib/python3.12/site-packages/airflow/example_dags/example_datasets.py
[2025-07-19T08:41:43.261+0000] {processor.py:840} INFO - DAG(s) 'consume_1_or_2_with_dataset_expressions', 'dataset_consumes_1', 'dataset_produces_2', 'dataset_consumes_unknown_never_scheduled', 'conditional_dataset_and_time_based_timetable', 'consume_1_and_2_with_dataset_expressions', 'consume_1_or_both_2_and_3_with_dataset_expressions', 'dataset_consumes_1_and_2', 'dataset_consumes_1_never_scheduled', 'dataset_produces_1' retrieved from /home/airflow/.local/lib/python3.12/site-packages/airflow/example_dags/example_datasets.py
[2025-07-19T08:41:43.315+0000] {logging_mixin.py:188} INFO - [2025-07-19T08:41:43.315+0000] {dag.py:3096} INFO - Sync 10 DAGs
[2025-07-19T08:41:43.338+0000] {logging_mixin.py:188} INFO - [2025-07-19T08:41:43.338+0000] {dag.py:3954} INFO - Setting next_dagrun for conditional_dataset_and_time_based_timetable to 2025-07-16 01:00:00+00:00, run_after=2025-07-16 01:00:00+00:00
[2025-07-19T08:41:43.342+0000] {logging_mixin.py:188} INFO - [2025-07-19T08:41:43.342+0000] {dag.py:3954} INFO - Setting next_dagrun for consume_1_and_2_with_dataset_expressions to None, run_after=None
[2025-07-19T08:41:43.344+0000] {logging_mixin.py:188} INFO - [2025-07-19T08:41:43.343+0000] {dag.py:3954} INFO - Setting next_dagrun for consume_1_or_2_with_dataset_expressions to None, run_after=None
[2025-07-19T08:41:43.345+0000] {logging_mixin.py:188} INFO - [2025-07-19T08:41:43.345+0000] {dag.py:3954} INFO - Setting next_dagrun for consume_1_or_both_2_and_3_with_dataset_expressions to None, run_after=None
[2025-07-19T08:41:43.346+0000] {logging_mixin.py:188} INFO - [2025-07-19T08:41:43.346+0000] {dag.py:3954} INFO - Setting next_dagrun for dataset_consumes_1 to None, run_after=None
[2025-07-19T08:41:43.347+0000] {logging_mixin.py:188} INFO - [2025-07-19T08:41:43.347+0000] {dag.py:3954} INFO - Setting next_dagrun for dataset_consumes_1_and_2 to None, run_after=None
[2025-07-19T08:41:43.348+0000] {logging_mixin.py:188} INFO - [2025-07-19T08:41:43.348+0000] {dag.py:3954} INFO - Setting next_dagrun for dataset_consumes_1_never_scheduled to None, run_after=None
[2025-07-19T08:41:43.349+0000] {logging_mixin.py:188} INFO - [2025-07-19T08:41:43.349+0000] {dag.py:3954} INFO - Setting next_dagrun for dataset_consumes_unknown_never_scheduled to None, run_after=None
[2025-07-19T08:41:43.351+0000] {logging_mixin.py:188} INFO - [2025-07-19T08:41:43.351+0000] {dag.py:3954} INFO - Setting next_dagrun for dataset_produces_1 to 2025-07-18 00:00:00+00:00, run_after=2025-07-19 00:00:00+00:00
[2025-07-19T08:41:43.352+0000] {logging_mixin.py:188} INFO - [2025-07-19T08:41:43.352+0000] {dag.py:3954} INFO - Setting next_dagrun for dataset_produces_2 to None, run_after=None
[2025-07-19T08:41:43.378+0000] {processor.py:183} INFO - Processing /home/airflow/.local/lib/python3.12/site-packages/airflow/example_dags/example_datasets.py took 0.141 seconds
