[2025-07-19T08:38:07.828+0000] {processor.py:161} INFO - Started process (PID=300) to work on /home/airflow/.local/lib/python3.12/site-packages/airflow/example_dags/example_params_trigger_ui.py
[2025-07-19T08:38:07.830+0000] {processor.py:830} INFO - Processing file /home/airflow/.local/lib/python3.12/site-packages/airflow/example_dags/example_params_trigger_ui.py for tasks to queue
[2025-07-19T08:38:07.832+0000] {logging_mixin.py:188} INFO - [2025-07-19T08:38:07.832+0000] {dagbag.py:545} INFO - Filling up the DagBag from /home/airflow/.local/lib/python3.12/site-packages/airflow/example_dags/example_params_trigger_ui.py
[2025-07-19T08:38:07.852+0000] {processor.py:840} INFO - DAG(s) 'example_params_trigger_ui' retrieved from /home/airflow/.local/lib/python3.12/site-packages/airflow/example_dags/example_params_trigger_ui.py
[2025-07-19T08:38:07.982+0000] {logging_mixin.py:188} INFO - [2025-07-19T08:38:07.981+0000] {override.py:1829} INFO - Created Permission View: can read on DAG:example_params_trigger_ui
[2025-07-19T08:38:07.991+0000] {logging_mixin.py:188} INFO - [2025-07-19T08:38:07.991+0000] {override.py:1829} INFO - Created Permission View: can delete on DAG:example_params_trigger_ui
[2025-07-19T08:38:07.997+0000] {logging_mixin.py:188} INFO - [2025-07-19T08:38:07.997+0000] {override.py:1829} INFO - Created Permission View: can edit on DAG:example_params_trigger_ui
[2025-07-19T08:38:07.998+0000] {logging_mixin.py:188} INFO - [2025-07-19T08:38:07.998+0000] {dag.py:3096} INFO - Sync 1 DAGs
[2025-07-19T08:38:08.009+0000] {logging_mixin.py:188} INFO - [2025-07-19T08:38:08.008+0000] {dag.py:3118} INFO - Creating ORM DAG for example_params_trigger_ui
[2025-07-19T08:38:08.010+0000] {logging_mixin.py:188} INFO - [2025-07-19T08:38:08.009+0000] {dag.py:3954} INFO - Setting next_dagrun for example_params_trigger_ui to None, run_after=None
[2025-07-19T08:38:08.028+0000] {processor.py:183} INFO - Processing /home/airflow/.local/lib/python3.12/site-packages/airflow/example_dags/example_params_trigger_ui.py took 0.206 seconds
[2025-07-19T08:38:38.559+0000] {processor.py:161} INFO - Started process (PID=560) to work on /home/airflow/.local/lib/python3.12/site-packages/airflow/example_dags/example_params_trigger_ui.py
[2025-07-19T08:38:38.560+0000] {processor.py:830} INFO - Processing file /home/airflow/.local/lib/python3.12/site-packages/airflow/example_dags/example_params_trigger_ui.py for tasks to queue
[2025-07-19T08:38:38.562+0000] {logging_mixin.py:188} INFO - [2025-07-19T08:38:38.561+0000] {dagbag.py:545} INFO - Filling up the DagBag from /home/airflow/.local/lib/python3.12/site-packages/airflow/example_dags/example_params_trigger_ui.py
[2025-07-19T08:38:38.576+0000] {processor.py:840} INFO - DAG(s) 'example_params_trigger_ui' retrieved from /home/airflow/.local/lib/python3.12/site-packages/airflow/example_dags/example_params_trigger_ui.py
[2025-07-19T08:38:38.613+0000] {logging_mixin.py:188} INFO - [2025-07-19T08:38:38.613+0000] {dag.py:3096} INFO - Sync 1 DAGs
[2025-07-19T08:38:38.625+0000] {logging_mixin.py:188} INFO - [2025-07-19T08:38:38.625+0000] {dag.py:3954} INFO - Setting next_dagrun for example_params_trigger_ui to None, run_after=None
[2025-07-19T08:38:38.643+0000] {processor.py:183} INFO - Processing /home/airflow/.local/lib/python3.12/site-packages/airflow/example_dags/example_params_trigger_ui.py took 0.089 seconds
[2025-07-19T08:39:09.032+0000] {processor.py:161} INFO - Started process (PID=828) to work on /home/airflow/.local/lib/python3.12/site-packages/airflow/example_dags/example_params_trigger_ui.py
[2025-07-19T08:39:09.033+0000] {processor.py:830} INFO - Processing file /home/airflow/.local/lib/python3.12/site-packages/airflow/example_dags/example_params_trigger_ui.py for tasks to queue
[2025-07-19T08:39:09.035+0000] {logging_mixin.py:188} INFO - [2025-07-19T08:39:09.034+0000] {dagbag.py:545} INFO - Filling up the DagBag from /home/airflow/.local/lib/python3.12/site-packages/airflow/example_dags/example_params_trigger_ui.py
[2025-07-19T08:39:09.047+0000] {processor.py:840} INFO - DAG(s) 'example_params_trigger_ui' retrieved from /home/airflow/.local/lib/python3.12/site-packages/airflow/example_dags/example_params_trigger_ui.py
[2025-07-19T08:39:09.086+0000] {logging_mixin.py:188} INFO - [2025-07-19T08:39:09.086+0000] {dag.py:3096} INFO - Sync 1 DAGs
[2025-07-19T08:39:09.101+0000] {logging_mixin.py:188} INFO - [2025-07-19T08:39:09.101+0000] {dag.py:3954} INFO - Setting next_dagrun for example_params_trigger_ui to None, run_after=None
[2025-07-19T08:39:09.120+0000] {processor.py:183} INFO - Processing /home/airflow/.local/lib/python3.12/site-packages/airflow/example_dags/example_params_trigger_ui.py took 0.094 seconds
[2025-07-19T08:39:40.082+0000] {processor.py:161} INFO - Started process (PID=1092) to work on /home/airflow/.local/lib/python3.12/site-packages/airflow/example_dags/example_params_trigger_ui.py
[2025-07-19T08:39:40.083+0000] {processor.py:830} INFO - Processing file /home/airflow/.local/lib/python3.12/site-packages/airflow/example_dags/example_params_trigger_ui.py for tasks to queue
[2025-07-19T08:39:40.084+0000] {logging_mixin.py:188} INFO - [2025-07-19T08:39:40.084+0000] {dagbag.py:545} INFO - Filling up the DagBag from /home/airflow/.local/lib/python3.12/site-packages/airflow/example_dags/example_params_trigger_ui.py
[2025-07-19T08:39:40.096+0000] {processor.py:840} INFO - DAG(s) 'example_params_trigger_ui' retrieved from /home/airflow/.local/lib/python3.12/site-packages/airflow/example_dags/example_params_trigger_ui.py
[2025-07-19T08:39:40.133+0000] {logging_mixin.py:188} INFO - [2025-07-19T08:39:40.133+0000] {dag.py:3096} INFO - Sync 1 DAGs
[2025-07-19T08:39:40.144+0000] {logging_mixin.py:188} INFO - [2025-07-19T08:39:40.144+0000] {dag.py:3954} INFO - Setting next_dagrun for example_params_trigger_ui to None, run_after=None
[2025-07-19T08:39:40.162+0000] {processor.py:183} INFO - Processing /home/airflow/.local/lib/python3.12/site-packages/airflow/example_dags/example_params_trigger_ui.py took 0.085 seconds
[2025-07-19T08:40:10.317+0000] {processor.py:161} INFO - Started process (PID=1352) to work on /home/airflow/.local/lib/python3.12/site-packages/airflow/example_dags/example_params_trigger_ui.py
[2025-07-19T08:40:10.318+0000] {processor.py:830} INFO - Processing file /home/airflow/.local/lib/python3.12/site-packages/airflow/example_dags/example_params_trigger_ui.py for tasks to queue
[2025-07-19T08:40:10.320+0000] {logging_mixin.py:188} INFO - [2025-07-19T08:40:10.319+0000] {dagbag.py:545} INFO - Filling up the DagBag from /home/airflow/.local/lib/python3.12/site-packages/airflow/example_dags/example_params_trigger_ui.py
[2025-07-19T08:40:10.334+0000] {processor.py:840} INFO - DAG(s) 'example_params_trigger_ui' retrieved from /home/airflow/.local/lib/python3.12/site-packages/airflow/example_dags/example_params_trigger_ui.py
[2025-07-19T08:40:10.377+0000] {logging_mixin.py:188} INFO - [2025-07-19T08:40:10.377+0000] {dag.py:3096} INFO - Sync 1 DAGs
[2025-07-19T08:40:10.390+0000] {logging_mixin.py:188} INFO - [2025-07-19T08:40:10.390+0000] {dag.py:3954} INFO - Setting next_dagrun for example_params_trigger_ui to None, run_after=None
[2025-07-19T08:40:10.411+0000] {processor.py:183} INFO - Processing /home/airflow/.local/lib/python3.12/site-packages/airflow/example_dags/example_params_trigger_ui.py took 0.099 seconds
[2025-07-19T08:40:40.760+0000] {processor.py:161} INFO - Started process (PID=1614) to work on /home/airflow/.local/lib/python3.12/site-packages/airflow/example_dags/example_params_trigger_ui.py
[2025-07-19T08:40:40.761+0000] {processor.py:830} INFO - Processing file /home/airflow/.local/lib/python3.12/site-packages/airflow/example_dags/example_params_trigger_ui.py for tasks to queue
[2025-07-19T08:40:40.763+0000] {logging_mixin.py:188} INFO - [2025-07-19T08:40:40.763+0000] {dagbag.py:545} INFO - Filling up the DagBag from /home/airflow/.local/lib/python3.12/site-packages/airflow/example_dags/example_params_trigger_ui.py
[2025-07-19T08:40:40.775+0000] {processor.py:840} INFO - DAG(s) 'example_params_trigger_ui' retrieved from /home/airflow/.local/lib/python3.12/site-packages/airflow/example_dags/example_params_trigger_ui.py
[2025-07-19T08:40:40.820+0000] {logging_mixin.py:188} INFO - [2025-07-19T08:40:40.820+0000] {dag.py:3096} INFO - Sync 1 DAGs
[2025-07-19T08:40:40.832+0000] {logging_mixin.py:188} INFO - [2025-07-19T08:40:40.832+0000] {dag.py:3954} INFO - Setting next_dagrun for example_params_trigger_ui to None, run_after=None
[2025-07-19T08:40:40.849+0000] {processor.py:183} INFO - Processing /home/airflow/.local/lib/python3.12/site-packages/airflow/example_dags/example_params_trigger_ui.py took 0.095 seconds
[2025-07-19T08:41:11.129+0000] {processor.py:161} INFO - Started process (PID=1876) to work on /home/airflow/.local/lib/python3.12/site-packages/airflow/example_dags/example_params_trigger_ui.py
[2025-07-19T08:41:11.130+0000] {processor.py:830} INFO - Processing file /home/airflow/.local/lib/python3.12/site-packages/airflow/example_dags/example_params_trigger_ui.py for tasks to queue
[2025-07-19T08:41:11.132+0000] {logging_mixin.py:188} INFO - [2025-07-19T08:41:11.131+0000] {dagbag.py:545} INFO - Filling up the DagBag from /home/airflow/.local/lib/python3.12/site-packages/airflow/example_dags/example_params_trigger_ui.py
[2025-07-19T08:41:11.144+0000] {processor.py:840} INFO - DAG(s) 'example_params_trigger_ui' retrieved from /home/airflow/.local/lib/python3.12/site-packages/airflow/example_dags/example_params_trigger_ui.py
[2025-07-19T08:41:11.180+0000] {logging_mixin.py:188} INFO - [2025-07-19T08:41:11.180+0000] {dag.py:3096} INFO - Sync 1 DAGs
[2025-07-19T08:41:11.192+0000] {logging_mixin.py:188} INFO - [2025-07-19T08:41:11.192+0000] {dag.py:3954} INFO - Setting next_dagrun for example_params_trigger_ui to None, run_after=None
[2025-07-19T08:41:11.211+0000] {processor.py:183} INFO - Processing /home/airflow/.local/lib/python3.12/site-packages/airflow/example_dags/example_params_trigger_ui.py took 0.087 seconds
[2025-07-19T08:41:41.605+0000] {processor.py:161} INFO - Started process (PID=2138) to work on /home/airflow/.local/lib/python3.12/site-packages/airflow/example_dags/example_params_trigger_ui.py
[2025-07-19T08:41:41.606+0000] {processor.py:830} INFO - Processing file /home/airflow/.local/lib/python3.12/site-packages/airflow/example_dags/example_params_trigger_ui.py for tasks to queue
[2025-07-19T08:41:41.607+0000] {logging_mixin.py:188} INFO - [2025-07-19T08:41:41.607+0000] {dagbag.py:545} INFO - Filling up the DagBag from /home/airflow/.local/lib/python3.12/site-packages/airflow/example_dags/example_params_trigger_ui.py
[2025-07-19T08:41:41.623+0000] {processor.py:840} INFO - DAG(s) 'example_params_trigger_ui' retrieved from /home/airflow/.local/lib/python3.12/site-packages/airflow/example_dags/example_params_trigger_ui.py
[2025-07-19T08:41:41.665+0000] {logging_mixin.py:188} INFO - [2025-07-19T08:41:41.664+0000] {dag.py:3096} INFO - Sync 1 DAGs
[2025-07-19T08:41:41.677+0000] {logging_mixin.py:188} INFO - [2025-07-19T08:41:41.677+0000] {dag.py:3954} INFO - Setting next_dagrun for example_params_trigger_ui to None, run_after=None
[2025-07-19T08:41:41.695+0000] {processor.py:183} INFO - Processing /home/airflow/.local/lib/python3.12/site-packages/airflow/example_dags/example_params_trigger_ui.py took 0.096 seconds
