[2025-07-19T08:38:03.367+0000] {processor.py:161} INFO - Started process (PID=178) to work on /home/airflow/.local/lib/python3.12/site-packages/airflow/example_dags/example_complex.py
[2025-07-19T08:38:03.368+0000] {processor.py:830} INFO - Processing file /home/airflow/.local/lib/python3.12/site-packages/airflow/example_dags/example_complex.py for tasks to queue
[2025-07-19T08:38:03.371+0000] {logging_mixin.py:188} INFO - [2025-07-19T08:38:03.370+0000] {dagbag.py:545} INFO - Filling up the DagBag from /home/airflow/.local/lib/python3.12/site-packages/airflow/example_dags/example_complex.py
[2025-07-19T08:38:03.384+0000] {processor.py:840} INFO - DAG(s) 'example_complex' retrieved from /home/airflow/.local/lib/python3.12/site-packages/airflow/example_dags/example_complex.py
[2025-07-19T08:38:03.536+0000] {logging_mixin.py:188} INFO - [2025-07-19T08:38:03.535+0000] {override.py:1829} INFO - Created Permission View: can read on DAG:example_complex
[2025-07-19T08:38:03.549+0000] {logging_mixin.py:188} INFO - [2025-07-19T08:38:03.548+0000] {override.py:1829} INFO - Created Permission View: can delete on DAG:example_complex
[2025-07-19T08:38:03.560+0000] {logging_mixin.py:188} INFO - [2025-07-19T08:38:03.559+0000] {override.py:1829} INFO - Created Permission View: can edit on DAG:example_complex
[2025-07-19T08:38:03.561+0000] {logging_mixin.py:188} INFO - [2025-07-19T08:38:03.561+0000] {dag.py:3096} INFO - Sync 1 DAGs
[2025-07-19T08:38:03.577+0000] {logging_mixin.py:188} INFO - [2025-07-19T08:38:03.577+0000] {dag.py:3118} INFO - Creating ORM DAG for example_complex
[2025-07-19T08:38:03.578+0000] {logging_mixin.py:188} INFO - [2025-07-19T08:38:03.578+0000] {dag.py:3954} INFO - Setting next_dagrun for example_complex to None, run_after=None
[2025-07-19T08:38:03.607+0000] {processor.py:183} INFO - Processing /home/airflow/.local/lib/python3.12/site-packages/airflow/example_dags/example_complex.py took 0.247 seconds
[2025-07-19T08:38:33.709+0000] {processor.py:161} INFO - Started process (PID=434) to work on /home/airflow/.local/lib/python3.12/site-packages/airflow/example_dags/example_complex.py
[2025-07-19T08:38:33.710+0000] {processor.py:830} INFO - Processing file /home/airflow/.local/lib/python3.12/site-packages/airflow/example_dags/example_complex.py for tasks to queue
[2025-07-19T08:38:33.713+0000] {logging_mixin.py:188} INFO - [2025-07-19T08:38:33.712+0000] {dagbag.py:545} INFO - Filling up the DagBag from /home/airflow/.local/lib/python3.12/site-packages/airflow/example_dags/example_complex.py
[2025-07-19T08:38:33.726+0000] {processor.py:840} INFO - DAG(s) 'example_complex' retrieved from /home/airflow/.local/lib/python3.12/site-packages/airflow/example_dags/example_complex.py
[2025-07-19T08:38:33.781+0000] {logging_mixin.py:188} INFO - [2025-07-19T08:38:33.780+0000] {dag.py:3096} INFO - Sync 1 DAGs
[2025-07-19T08:38:33.806+0000] {logging_mixin.py:188} INFO - [2025-07-19T08:38:33.805+0000] {dag.py:3954} INFO - Setting next_dagrun for example_complex to None, run_after=None
[2025-07-19T08:38:33.831+0000] {processor.py:183} INFO - Processing /home/airflow/.local/lib/python3.12/site-packages/airflow/example_dags/example_complex.py took 0.131 seconds
[2025-07-19T08:39:04.198+0000] {processor.py:161} INFO - Started process (PID=702) to work on /home/airflow/.local/lib/python3.12/site-packages/airflow/example_dags/example_complex.py
[2025-07-19T08:39:04.199+0000] {processor.py:830} INFO - Processing file /home/airflow/.local/lib/python3.12/site-packages/airflow/example_dags/example_complex.py for tasks to queue
[2025-07-19T08:39:04.201+0000] {logging_mixin.py:188} INFO - [2025-07-19T08:39:04.201+0000] {dagbag.py:545} INFO - Filling up the DagBag from /home/airflow/.local/lib/python3.12/site-packages/airflow/example_dags/example_complex.py
[2025-07-19T08:39:04.211+0000] {processor.py:840} INFO - DAG(s) 'example_complex' retrieved from /home/airflow/.local/lib/python3.12/site-packages/airflow/example_dags/example_complex.py
[2025-07-19T08:39:04.243+0000] {logging_mixin.py:188} INFO - [2025-07-19T08:39:04.243+0000] {dag.py:3096} INFO - Sync 1 DAGs
[2025-07-19T08:39:04.257+0000] {logging_mixin.py:188} INFO - [2025-07-19T08:39:04.257+0000] {dag.py:3954} INFO - Setting next_dagrun for example_complex to None, run_after=None
[2025-07-19T08:39:04.280+0000] {processor.py:183} INFO - Processing /home/airflow/.local/lib/python3.12/site-packages/airflow/example_dags/example_complex.py took 0.089 seconds
[2025-07-19T08:39:34.600+0000] {processor.py:161} INFO - Started process (PID=964) to work on /home/airflow/.local/lib/python3.12/site-packages/airflow/example_dags/example_complex.py
[2025-07-19T08:39:34.601+0000] {processor.py:830} INFO - Processing file /home/airflow/.local/lib/python3.12/site-packages/airflow/example_dags/example_complex.py for tasks to queue
[2025-07-19T08:39:34.603+0000] {logging_mixin.py:188} INFO - [2025-07-19T08:39:34.603+0000] {dagbag.py:545} INFO - Filling up the DagBag from /home/airflow/.local/lib/python3.12/site-packages/airflow/example_dags/example_complex.py
[2025-07-19T08:39:34.612+0000] {processor.py:840} INFO - DAG(s) 'example_complex' retrieved from /home/airflow/.local/lib/python3.12/site-packages/airflow/example_dags/example_complex.py
[2025-07-19T08:39:34.645+0000] {logging_mixin.py:188} INFO - [2025-07-19T08:39:34.644+0000] {dag.py:3096} INFO - Sync 1 DAGs
[2025-07-19T08:39:34.659+0000] {logging_mixin.py:188} INFO - [2025-07-19T08:39:34.659+0000] {dag.py:3954} INFO - Setting next_dagrun for example_complex to None, run_after=None
[2025-07-19T08:39:34.681+0000] {processor.py:183} INFO - Processing /home/airflow/.local/lib/python3.12/site-packages/airflow/example_dags/example_complex.py took 0.086 seconds
[2025-07-19T08:40:04.995+0000] {processor.py:161} INFO - Started process (PID=1226) to work on /home/airflow/.local/lib/python3.12/site-packages/airflow/example_dags/example_complex.py
[2025-07-19T08:40:04.996+0000] {processor.py:830} INFO - Processing file /home/airflow/.local/lib/python3.12/site-packages/airflow/example_dags/example_complex.py for tasks to queue
[2025-07-19T08:40:04.998+0000] {logging_mixin.py:188} INFO - [2025-07-19T08:40:04.997+0000] {dagbag.py:545} INFO - Filling up the DagBag from /home/airflow/.local/lib/python3.12/site-packages/airflow/example_dags/example_complex.py
[2025-07-19T08:40:05.007+0000] {processor.py:840} INFO - DAG(s) 'example_complex' retrieved from /home/airflow/.local/lib/python3.12/site-packages/airflow/example_dags/example_complex.py
[2025-07-19T08:40:05.034+0000] {logging_mixin.py:188} INFO - [2025-07-19T08:40:05.034+0000] {dag.py:3096} INFO - Sync 1 DAGs
[2025-07-19T08:40:05.046+0000] {logging_mixin.py:188} INFO - [2025-07-19T08:40:05.045+0000] {dag.py:3954} INFO - Setting next_dagrun for example_complex to None, run_after=None
[2025-07-19T08:40:05.065+0000] {processor.py:183} INFO - Processing /home/airflow/.local/lib/python3.12/site-packages/airflow/example_dags/example_complex.py took 0.075 seconds
[2025-07-19T08:40:35.323+0000] {processor.py:161} INFO - Started process (PID=1488) to work on /home/airflow/.local/lib/python3.12/site-packages/airflow/example_dags/example_complex.py
[2025-07-19T08:40:35.324+0000] {processor.py:830} INFO - Processing file /home/airflow/.local/lib/python3.12/site-packages/airflow/example_dags/example_complex.py for tasks to queue
[2025-07-19T08:40:35.325+0000] {logging_mixin.py:188} INFO - [2025-07-19T08:40:35.325+0000] {dagbag.py:545} INFO - Filling up the DagBag from /home/airflow/.local/lib/python3.12/site-packages/airflow/example_dags/example_complex.py
[2025-07-19T08:40:35.333+0000] {processor.py:840} INFO - DAG(s) 'example_complex' retrieved from /home/airflow/.local/lib/python3.12/site-packages/airflow/example_dags/example_complex.py
[2025-07-19T08:40:35.362+0000] {logging_mixin.py:188} INFO - [2025-07-19T08:40:35.361+0000] {dag.py:3096} INFO - Sync 1 DAGs
[2025-07-19T08:40:35.373+0000] {logging_mixin.py:188} INFO - [2025-07-19T08:40:35.372+0000] {dag.py:3954} INFO - Setting next_dagrun for example_complex to None, run_after=None
[2025-07-19T08:40:35.391+0000] {processor.py:183} INFO - Processing /home/airflow/.local/lib/python3.12/site-packages/airflow/example_dags/example_complex.py took 0.074 seconds
[2025-07-19T08:41:05.732+0000] {processor.py:161} INFO - Started process (PID=1750) to work on /home/airflow/.local/lib/python3.12/site-packages/airflow/example_dags/example_complex.py
[2025-07-19T08:41:05.732+0000] {processor.py:830} INFO - Processing file /home/airflow/.local/lib/python3.12/site-packages/airflow/example_dags/example_complex.py for tasks to queue
[2025-07-19T08:41:05.734+0000] {logging_mixin.py:188} INFO - [2025-07-19T08:41:05.734+0000] {dagbag.py:545} INFO - Filling up the DagBag from /home/airflow/.local/lib/python3.12/site-packages/airflow/example_dags/example_complex.py
[2025-07-19T08:41:05.743+0000] {processor.py:840} INFO - DAG(s) 'example_complex' retrieved from /home/airflow/.local/lib/python3.12/site-packages/airflow/example_dags/example_complex.py
[2025-07-19T08:41:05.773+0000] {logging_mixin.py:188} INFO - [2025-07-19T08:41:05.772+0000] {dag.py:3096} INFO - Sync 1 DAGs
[2025-07-19T08:41:05.788+0000] {logging_mixin.py:188} INFO - [2025-07-19T08:41:05.788+0000] {dag.py:3954} INFO - Setting next_dagrun for example_complex to None, run_after=None
[2025-07-19T08:41:05.812+0000] {processor.py:183} INFO - Processing /home/airflow/.local/lib/python3.12/site-packages/airflow/example_dags/example_complex.py took 0.085 seconds
[2025-07-19T08:41:36.095+0000] {processor.py:161} INFO - Started process (PID=2012) to work on /home/airflow/.local/lib/python3.12/site-packages/airflow/example_dags/example_complex.py
[2025-07-19T08:41:36.096+0000] {processor.py:830} INFO - Processing file /home/airflow/.local/lib/python3.12/site-packages/airflow/example_dags/example_complex.py for tasks to queue
[2025-07-19T08:41:36.097+0000] {logging_mixin.py:188} INFO - [2025-07-19T08:41:36.097+0000] {dagbag.py:545} INFO - Filling up the DagBag from /home/airflow/.local/lib/python3.12/site-packages/airflow/example_dags/example_complex.py
[2025-07-19T08:41:36.106+0000] {processor.py:840} INFO - DAG(s) 'example_complex' retrieved from /home/airflow/.local/lib/python3.12/site-packages/airflow/example_dags/example_complex.py
[2025-07-19T08:41:36.132+0000] {logging_mixin.py:188} INFO - [2025-07-19T08:41:36.131+0000] {dag.py:3096} INFO - Sync 1 DAGs
[2025-07-19T08:41:36.143+0000] {logging_mixin.py:188} INFO - [2025-07-19T08:41:36.143+0000] {dag.py:3954} INFO - Setting next_dagrun for example_complex to None, run_after=None
[2025-07-19T08:41:36.165+0000] {processor.py:183} INFO - Processing /home/airflow/.local/lib/python3.12/site-packages/airflow/example_dags/example_complex.py took 0.075 seconds
[2025-07-19T08:42:06.510+0000] {processor.py:161} INFO - Started process (PID=2274) to work on /home/airflow/.local/lib/python3.12/site-packages/airflow/example_dags/example_complex.py
[2025-07-19T08:42:06.511+0000] {processor.py:830} INFO - Processing file /home/airflow/.local/lib/python3.12/site-packages/airflow/example_dags/example_complex.py for tasks to queue
[2025-07-19T08:42:06.512+0000] {logging_mixin.py:188} INFO - [2025-07-19T08:42:06.512+0000] {dagbag.py:545} INFO - Filling up the DagBag from /home/airflow/.local/lib/python3.12/site-packages/airflow/example_dags/example_complex.py
[2025-07-19T08:42:06.521+0000] {processor.py:840} INFO - DAG(s) 'example_complex' retrieved from /home/airflow/.local/lib/python3.12/site-packages/airflow/example_dags/example_complex.py
[2025-07-19T08:42:06.548+0000] {logging_mixin.py:188} INFO - [2025-07-19T08:42:06.548+0000] {dag.py:3096} INFO - Sync 1 DAGs
[2025-07-19T08:42:06.559+0000] {logging_mixin.py:188} INFO - [2025-07-19T08:42:06.559+0000] {dag.py:3954} INFO - Setting next_dagrun for example_complex to None, run_after=None
[2025-07-19T08:42:06.579+0000] {processor.py:183} INFO - Processing /home/airflow/.local/lib/python3.12/site-packages/airflow/example_dags/example_complex.py took 0.075 seconds
