[2025-07-19T08:38:08.815+0000] {processor.py:161} INFO - Started process (PID=333) to work on /home/airflow/.local/lib/python3.12/site-packages/airflow/example_dags/example_bash_operator.py
[2025-07-19T08:38:08.816+0000] {processor.py:830} INFO - Processing file /home/airflow/.local/lib/python3.12/site-packages/airflow/example_dags/example_bash_operator.py for tasks to queue
[2025-07-19T08:38:08.818+0000] {logging_mixin.py:188} INFO - [2025-07-19T08:38:08.817+0000] {dagbag.py:545} INFO - Filling up the DagBag from /home/airflow/.local/lib/python3.12/site-packages/airflow/example_dags/example_bash_operator.py
[2025-07-19T08:38:08.828+0000] {processor.py:840} INFO - DAG(s) 'example_bash_operator' retrieved from /home/airflow/.local/lib/python3.12/site-packages/airflow/example_dags/example_bash_operator.py
[2025-07-19T08:38:08.969+0000] {logging_mixin.py:188} INFO - [2025-07-19T08:38:08.969+0000] {override.py:1829} INFO - Created Permission View: can read on DAG:example_bash_operator
[2025-07-19T08:38:08.982+0000] {logging_mixin.py:188} INFO - [2025-07-19T08:38:08.982+0000] {override.py:1829} INFO - Created Permission View: can delete on DAG:example_bash_operator
[2025-07-19T08:38:08.990+0000] {logging_mixin.py:188} INFO - [2025-07-19T08:38:08.990+0000] {override.py:1829} INFO - Created Permission View: can edit on DAG:example_bash_operator
[2025-07-19T08:38:08.990+0000] {logging_mixin.py:188} INFO - [2025-07-19T08:38:08.990+0000] {dag.py:3096} INFO - Sync 1 DAGs
[2025-07-19T08:38:09.000+0000] {logging_mixin.py:188} INFO - [2025-07-19T08:38:08.999+0000] {dag.py:3118} INFO - Creating ORM DAG for example_bash_operator
[2025-07-19T08:38:09.008+0000] {logging_mixin.py:188} INFO - [2025-07-19T08:38:09.008+0000] {dag.py:3954} INFO - Setting next_dagrun for example_bash_operator to 2025-07-18 00:00:00+00:00, run_after=2025-07-19 00:00:00+00:00
[2025-07-19T08:38:09.024+0000] {processor.py:183} INFO - Processing /home/airflow/.local/lib/python3.12/site-packages/airflow/example_dags/example_bash_operator.py took 0.214 seconds
[2025-07-19T08:38:39.149+0000] {processor.py:161} INFO - Started process (PID=597) to work on /home/airflow/.local/lib/python3.12/site-packages/airflow/example_dags/example_bash_operator.py
[2025-07-19T08:38:39.150+0000] {processor.py:830} INFO - Processing file /home/airflow/.local/lib/python3.12/site-packages/airflow/example_dags/example_bash_operator.py for tasks to queue
[2025-07-19T08:38:39.152+0000] {logging_mixin.py:188} INFO - [2025-07-19T08:38:39.151+0000] {dagbag.py:545} INFO - Filling up the DagBag from /home/airflow/.local/lib/python3.12/site-packages/airflow/example_dags/example_bash_operator.py
[2025-07-19T08:38:39.161+0000] {processor.py:840} INFO - DAG(s) 'example_bash_operator' retrieved from /home/airflow/.local/lib/python3.12/site-packages/airflow/example_dags/example_bash_operator.py
[2025-07-19T08:38:39.185+0000] {logging_mixin.py:188} INFO - [2025-07-19T08:38:39.185+0000] {dag.py:3096} INFO - Sync 1 DAGs
[2025-07-19T08:38:39.207+0000] {logging_mixin.py:188} INFO - [2025-07-19T08:38:39.207+0000] {dag.py:3954} INFO - Setting next_dagrun for example_bash_operator to 2025-07-18 00:00:00+00:00, run_after=2025-07-19 00:00:00+00:00
[2025-07-19T08:38:39.226+0000] {processor.py:183} INFO - Processing /home/airflow/.local/lib/python3.12/site-packages/airflow/example_dags/example_bash_operator.py took 0.082 seconds
[2025-07-19T08:39:09.558+0000] {processor.py:161} INFO - Started process (PID=863) to work on /home/airflow/.local/lib/python3.12/site-packages/airflow/example_dags/example_bash_operator.py
[2025-07-19T08:39:09.559+0000] {processor.py:830} INFO - Processing file /home/airflow/.local/lib/python3.12/site-packages/airflow/example_dags/example_bash_operator.py for tasks to queue
[2025-07-19T08:39:09.561+0000] {logging_mixin.py:188} INFO - [2025-07-19T08:39:09.561+0000] {dagbag.py:545} INFO - Filling up the DagBag from /home/airflow/.local/lib/python3.12/site-packages/airflow/example_dags/example_bash_operator.py
[2025-07-19T08:39:09.572+0000] {processor.py:840} INFO - DAG(s) 'example_bash_operator' retrieved from /home/airflow/.local/lib/python3.12/site-packages/airflow/example_dags/example_bash_operator.py
[2025-07-19T08:39:09.605+0000] {logging_mixin.py:188} INFO - [2025-07-19T08:39:09.605+0000] {dag.py:3096} INFO - Sync 1 DAGs
[2025-07-19T08:39:09.634+0000] {logging_mixin.py:188} INFO - [2025-07-19T08:39:09.634+0000] {dag.py:3954} INFO - Setting next_dagrun for example_bash_operator to 2025-07-18 00:00:00+00:00, run_after=2025-07-19 00:00:00+00:00
[2025-07-19T08:39:09.662+0000] {processor.py:183} INFO - Processing /home/airflow/.local/lib/python3.12/site-packages/airflow/example_dags/example_bash_operator.py took 0.110 seconds
[2025-07-19T08:39:40.509+0000] {processor.py:161} INFO - Started process (PID=1125) to work on /home/airflow/.local/lib/python3.12/site-packages/airflow/example_dags/example_bash_operator.py
[2025-07-19T08:39:40.510+0000] {processor.py:830} INFO - Processing file /home/airflow/.local/lib/python3.12/site-packages/airflow/example_dags/example_bash_operator.py for tasks to queue
[2025-07-19T08:39:40.512+0000] {logging_mixin.py:188} INFO - [2025-07-19T08:39:40.512+0000] {dagbag.py:545} INFO - Filling up the DagBag from /home/airflow/.local/lib/python3.12/site-packages/airflow/example_dags/example_bash_operator.py
[2025-07-19T08:39:40.524+0000] {processor.py:840} INFO - DAG(s) 'example_bash_operator' retrieved from /home/airflow/.local/lib/python3.12/site-packages/airflow/example_dags/example_bash_operator.py
[2025-07-19T08:39:40.550+0000] {logging_mixin.py:188} INFO - [2025-07-19T08:39:40.550+0000] {dag.py:3096} INFO - Sync 1 DAGs
[2025-07-19T08:39:40.572+0000] {logging_mixin.py:188} INFO - [2025-07-19T08:39:40.571+0000] {dag.py:3954} INFO - Setting next_dagrun for example_bash_operator to 2025-07-18 00:00:00+00:00, run_after=2025-07-19 00:00:00+00:00
[2025-07-19T08:39:40.590+0000] {processor.py:183} INFO - Processing /home/airflow/.local/lib/python3.12/site-packages/airflow/example_dags/example_bash_operator.py took 0.086 seconds
[2025-07-19T08:40:10.851+0000] {processor.py:161} INFO - Started process (PID=1387) to work on /home/airflow/.local/lib/python3.12/site-packages/airflow/example_dags/example_bash_operator.py
[2025-07-19T08:40:10.852+0000] {processor.py:830} INFO - Processing file /home/airflow/.local/lib/python3.12/site-packages/airflow/example_dags/example_bash_operator.py for tasks to queue
[2025-07-19T08:40:10.854+0000] {logging_mixin.py:188} INFO - [2025-07-19T08:40:10.853+0000] {dagbag.py:545} INFO - Filling up the DagBag from /home/airflow/.local/lib/python3.12/site-packages/airflow/example_dags/example_bash_operator.py
[2025-07-19T08:40:10.864+0000] {processor.py:840} INFO - DAG(s) 'example_bash_operator' retrieved from /home/airflow/.local/lib/python3.12/site-packages/airflow/example_dags/example_bash_operator.py
[2025-07-19T08:40:10.891+0000] {logging_mixin.py:188} INFO - [2025-07-19T08:40:10.891+0000] {dag.py:3096} INFO - Sync 1 DAGs
[2025-07-19T08:40:10.914+0000] {logging_mixin.py:188} INFO - [2025-07-19T08:40:10.914+0000] {dag.py:3954} INFO - Setting next_dagrun for example_bash_operator to 2025-07-18 00:00:00+00:00, run_after=2025-07-19 00:00:00+00:00
[2025-07-19T08:40:10.932+0000] {processor.py:183} INFO - Processing /home/airflow/.local/lib/python3.12/site-packages/airflow/example_dags/example_bash_operator.py took 0.088 seconds
[2025-07-19T08:40:41.249+0000] {processor.py:161} INFO - Started process (PID=1649) to work on /home/airflow/.local/lib/python3.12/site-packages/airflow/example_dags/example_bash_operator.py
[2025-07-19T08:40:41.250+0000] {processor.py:830} INFO - Processing file /home/airflow/.local/lib/python3.12/site-packages/airflow/example_dags/example_bash_operator.py for tasks to queue
[2025-07-19T08:40:41.252+0000] {logging_mixin.py:188} INFO - [2025-07-19T08:40:41.252+0000] {dagbag.py:545} INFO - Filling up the DagBag from /home/airflow/.local/lib/python3.12/site-packages/airflow/example_dags/example_bash_operator.py
[2025-07-19T08:40:41.262+0000] {processor.py:840} INFO - DAG(s) 'example_bash_operator' retrieved from /home/airflow/.local/lib/python3.12/site-packages/airflow/example_dags/example_bash_operator.py
[2025-07-19T08:40:41.286+0000] {logging_mixin.py:188} INFO - [2025-07-19T08:40:41.286+0000] {dag.py:3096} INFO - Sync 1 DAGs
[2025-07-19T08:40:41.307+0000] {logging_mixin.py:188} INFO - [2025-07-19T08:40:41.306+0000] {dag.py:3954} INFO - Setting next_dagrun for example_bash_operator to 2025-07-18 00:00:00+00:00, run_after=2025-07-19 00:00:00+00:00
[2025-07-19T08:40:41.325+0000] {processor.py:183} INFO - Processing /home/airflow/.local/lib/python3.12/site-packages/airflow/example_dags/example_bash_operator.py took 0.081 seconds
[2025-07-19T08:41:11.592+0000] {processor.py:161} INFO - Started process (PID=1913) to work on /home/airflow/.local/lib/python3.12/site-packages/airflow/example_dags/example_bash_operator.py
[2025-07-19T08:41:11.593+0000] {processor.py:830} INFO - Processing file /home/airflow/.local/lib/python3.12/site-packages/airflow/example_dags/example_bash_operator.py for tasks to queue
[2025-07-19T08:41:11.594+0000] {logging_mixin.py:188} INFO - [2025-07-19T08:41:11.594+0000] {dagbag.py:545} INFO - Filling up the DagBag from /home/airflow/.local/lib/python3.12/site-packages/airflow/example_dags/example_bash_operator.py
[2025-07-19T08:41:11.604+0000] {processor.py:840} INFO - DAG(s) 'example_bash_operator' retrieved from /home/airflow/.local/lib/python3.12/site-packages/airflow/example_dags/example_bash_operator.py
[2025-07-19T08:41:11.628+0000] {logging_mixin.py:188} INFO - [2025-07-19T08:41:11.628+0000] {dag.py:3096} INFO - Sync 1 DAGs
[2025-07-19T08:41:11.646+0000] {logging_mixin.py:188} INFO - [2025-07-19T08:41:11.646+0000] {dag.py:3954} INFO - Setting next_dagrun for example_bash_operator to 2025-07-18 00:00:00+00:00, run_after=2025-07-19 00:00:00+00:00
[2025-07-19T08:41:11.665+0000] {processor.py:183} INFO - Processing /home/airflow/.local/lib/python3.12/site-packages/airflow/example_dags/example_bash_operator.py took 0.078 seconds
[2025-07-19T08:41:42.025+0000] {processor.py:161} INFO - Started process (PID=2173) to work on /home/airflow/.local/lib/python3.12/site-packages/airflow/example_dags/example_bash_operator.py
[2025-07-19T08:41:42.026+0000] {processor.py:830} INFO - Processing file /home/airflow/.local/lib/python3.12/site-packages/airflow/example_dags/example_bash_operator.py for tasks to queue
[2025-07-19T08:41:42.027+0000] {logging_mixin.py:188} INFO - [2025-07-19T08:41:42.027+0000] {dagbag.py:545} INFO - Filling up the DagBag from /home/airflow/.local/lib/python3.12/site-packages/airflow/example_dags/example_bash_operator.py
[2025-07-19T08:41:42.037+0000] {processor.py:840} INFO - DAG(s) 'example_bash_operator' retrieved from /home/airflow/.local/lib/python3.12/site-packages/airflow/example_dags/example_bash_operator.py
[2025-07-19T08:41:42.063+0000] {logging_mixin.py:188} INFO - [2025-07-19T08:41:42.063+0000] {dag.py:3096} INFO - Sync 1 DAGs
[2025-07-19T08:41:42.084+0000] {logging_mixin.py:188} INFO - [2025-07-19T08:41:42.084+0000] {dag.py:3954} INFO - Setting next_dagrun for example_bash_operator to 2025-07-18 00:00:00+00:00, run_after=2025-07-19 00:00:00+00:00
[2025-07-19T08:41:42.103+0000] {processor.py:183} INFO - Processing /home/airflow/.local/lib/python3.12/site-packages/airflow/example_dags/example_bash_operator.py took 0.084 seconds
