[2025-07-19T08:38:06.227+0000] {processor.py:161} INFO - Started process (PID=253) to work on /home/airflow/.local/lib/python3.12/site-packages/airflow/example_dags/tutorial_taskflow_api.py
[2025-07-19T08:38:06.228+0000] {processor.py:830} INFO - Processing file /home/airflow/.local/lib/python3.12/site-packages/airflow/example_dags/tutorial_taskflow_api.py for tasks to queue
[2025-07-19T08:38:06.230+0000] {logging_mixin.py:188} INFO - [2025-07-19T08:38:06.229+0000] {dagbag.py:545} INFO - Filling up the DagBag from /home/airflow/.local/lib/python3.12/site-packages/airflow/example_dags/tutorial_taskflow_api.py
[2025-07-19T08:38:06.241+0000] {processor.py:840} INFO - DAG(s) 'tutorial_taskflow_api' retrieved from /home/airflow/.local/lib/python3.12/site-packages/airflow/example_dags/tutorial_taskflow_api.py
[2025-07-19T08:38:06.380+0000] {logging_mixin.py:188} INFO - [2025-07-19T08:38:06.379+0000] {override.py:1829} INFO - Created Permission View: can read on DAG:tutorial_taskflow_api
[2025-07-19T08:38:06.394+0000] {logging_mixin.py:188} INFO - [2025-07-19T08:38:06.393+0000] {override.py:1829} INFO - Created Permission View: can delete on DAG:tutorial_taskflow_api
[2025-07-19T08:38:06.411+0000] {logging_mixin.py:188} INFO - [2025-07-19T08:38:06.410+0000] {override.py:1829} INFO - Created Permission View: can edit on DAG:tutorial_taskflow_api
[2025-07-19T08:38:06.413+0000] {logging_mixin.py:188} INFO - [2025-07-19T08:38:06.413+0000] {dag.py:3096} INFO - Sync 1 DAGs
[2025-07-19T08:38:06.439+0000] {logging_mixin.py:188} INFO - [2025-07-19T08:38:06.437+0000] {dag.py:3118} INFO - Creating ORM DAG for tutorial_taskflow_api
[2025-07-19T08:38:06.442+0000] {logging_mixin.py:188} INFO - [2025-07-19T08:38:06.441+0000] {dag.py:3954} INFO - Setting next_dagrun for tutorial_taskflow_api to None, run_after=None
[2025-07-19T08:38:06.487+0000] {processor.py:183} INFO - Processing /home/airflow/.local/lib/python3.12/site-packages/airflow/example_dags/tutorial_taskflow_api.py took 0.267 seconds
[2025-07-19T08:38:37.160+0000] {processor.py:161} INFO - Started process (PID=515) to work on /home/airflow/.local/lib/python3.12/site-packages/airflow/example_dags/tutorial_taskflow_api.py
[2025-07-19T08:38:37.162+0000] {processor.py:830} INFO - Processing file /home/airflow/.local/lib/python3.12/site-packages/airflow/example_dags/tutorial_taskflow_api.py for tasks to queue
[2025-07-19T08:38:37.166+0000] {logging_mixin.py:188} INFO - [2025-07-19T08:38:37.165+0000] {dagbag.py:545} INFO - Filling up the DagBag from /home/airflow/.local/lib/python3.12/site-packages/airflow/example_dags/tutorial_taskflow_api.py
[2025-07-19T08:38:37.177+0000] {processor.py:840} INFO - DAG(s) 'tutorial_taskflow_api' retrieved from /home/airflow/.local/lib/python3.12/site-packages/airflow/example_dags/tutorial_taskflow_api.py
[2025-07-19T08:38:37.201+0000] {logging_mixin.py:188} INFO - [2025-07-19T08:38:37.201+0000] {dag.py:3096} INFO - Sync 1 DAGs
[2025-07-19T08:38:37.214+0000] {logging_mixin.py:188} INFO - [2025-07-19T08:38:37.214+0000] {dag.py:3954} INFO - Setting next_dagrun for tutorial_taskflow_api to None, run_after=None
[2025-07-19T08:38:37.235+0000] {processor.py:183} INFO - Processing /home/airflow/.local/lib/python3.12/site-packages/airflow/example_dags/tutorial_taskflow_api.py took 0.083 seconds
[2025-07-19T08:39:07.607+0000] {processor.py:161} INFO - Started process (PID=783) to work on /home/airflow/.local/lib/python3.12/site-packages/airflow/example_dags/tutorial_taskflow_api.py
[2025-07-19T08:39:07.608+0000] {processor.py:830} INFO - Processing file /home/airflow/.local/lib/python3.12/site-packages/airflow/example_dags/tutorial_taskflow_api.py for tasks to queue
[2025-07-19T08:39:07.609+0000] {logging_mixin.py:188} INFO - [2025-07-19T08:39:07.609+0000] {dagbag.py:545} INFO - Filling up the DagBag from /home/airflow/.local/lib/python3.12/site-packages/airflow/example_dags/tutorial_taskflow_api.py
[2025-07-19T08:39:07.615+0000] {processor.py:840} INFO - DAG(s) 'tutorial_taskflow_api' retrieved from /home/airflow/.local/lib/python3.12/site-packages/airflow/example_dags/tutorial_taskflow_api.py
[2025-07-19T08:39:07.632+0000] {logging_mixin.py:188} INFO - [2025-07-19T08:39:07.632+0000] {dag.py:3096} INFO - Sync 1 DAGs
[2025-07-19T08:39:07.642+0000] {logging_mixin.py:188} INFO - [2025-07-19T08:39:07.642+0000] {dag.py:3954} INFO - Setting next_dagrun for tutorial_taskflow_api to None, run_after=None
[2025-07-19T08:39:07.660+0000] {processor.py:183} INFO - Processing /home/airflow/.local/lib/python3.12/site-packages/airflow/example_dags/tutorial_taskflow_api.py took 0.059 seconds
[2025-07-19T08:39:38.489+0000] {processor.py:161} INFO - Started process (PID=1045) to work on /home/airflow/.local/lib/python3.12/site-packages/airflow/example_dags/tutorial_taskflow_api.py
[2025-07-19T08:39:38.490+0000] {processor.py:830} INFO - Processing file /home/airflow/.local/lib/python3.12/site-packages/airflow/example_dags/tutorial_taskflow_api.py for tasks to queue
[2025-07-19T08:39:38.491+0000] {logging_mixin.py:188} INFO - [2025-07-19T08:39:38.491+0000] {dagbag.py:545} INFO - Filling up the DagBag from /home/airflow/.local/lib/python3.12/site-packages/airflow/example_dags/tutorial_taskflow_api.py
[2025-07-19T08:39:38.498+0000] {processor.py:840} INFO - DAG(s) 'tutorial_taskflow_api' retrieved from /home/airflow/.local/lib/python3.12/site-packages/airflow/example_dags/tutorial_taskflow_api.py
[2025-07-19T08:39:38.515+0000] {logging_mixin.py:188} INFO - [2025-07-19T08:39:38.514+0000] {dag.py:3096} INFO - Sync 1 DAGs
[2025-07-19T08:39:38.527+0000] {logging_mixin.py:188} INFO - [2025-07-19T08:39:38.526+0000] {dag.py:3954} INFO - Setting next_dagrun for tutorial_taskflow_api to None, run_after=None
[2025-07-19T08:39:38.544+0000] {processor.py:183} INFO - Processing /home/airflow/.local/lib/python3.12/site-packages/airflow/example_dags/tutorial_taskflow_api.py took 0.061 seconds
[2025-07-19T08:40:08.857+0000] {processor.py:161} INFO - Started process (PID=1307) to work on /home/airflow/.local/lib/python3.12/site-packages/airflow/example_dags/tutorial_taskflow_api.py
[2025-07-19T08:40:08.857+0000] {processor.py:830} INFO - Processing file /home/airflow/.local/lib/python3.12/site-packages/airflow/example_dags/tutorial_taskflow_api.py for tasks to queue
[2025-07-19T08:40:08.859+0000] {logging_mixin.py:188} INFO - [2025-07-19T08:40:08.859+0000] {dagbag.py:545} INFO - Filling up the DagBag from /home/airflow/.local/lib/python3.12/site-packages/airflow/example_dags/tutorial_taskflow_api.py
[2025-07-19T08:40:08.865+0000] {processor.py:840} INFO - DAG(s) 'tutorial_taskflow_api' retrieved from /home/airflow/.local/lib/python3.12/site-packages/airflow/example_dags/tutorial_taskflow_api.py
[2025-07-19T08:40:08.892+0000] {logging_mixin.py:188} INFO - [2025-07-19T08:40:08.891+0000] {dag.py:3096} INFO - Sync 1 DAGs
[2025-07-19T08:40:08.908+0000] {logging_mixin.py:188} INFO - [2025-07-19T08:40:08.908+0000] {dag.py:3954} INFO - Setting next_dagrun for tutorial_taskflow_api to None, run_after=None
[2025-07-19T08:40:08.942+0000] {processor.py:183} INFO - Processing /home/airflow/.local/lib/python3.12/site-packages/airflow/example_dags/tutorial_taskflow_api.py took 0.090 seconds
[2025-07-19T08:40:39.378+0000] {processor.py:161} INFO - Started process (PID=1569) to work on /home/airflow/.local/lib/python3.12/site-packages/airflow/example_dags/tutorial_taskflow_api.py
[2025-07-19T08:40:39.379+0000] {processor.py:830} INFO - Processing file /home/airflow/.local/lib/python3.12/site-packages/airflow/example_dags/tutorial_taskflow_api.py for tasks to queue
[2025-07-19T08:40:39.380+0000] {logging_mixin.py:188} INFO - [2025-07-19T08:40:39.380+0000] {dagbag.py:545} INFO - Filling up the DagBag from /home/airflow/.local/lib/python3.12/site-packages/airflow/example_dags/tutorial_taskflow_api.py
[2025-07-19T08:40:39.386+0000] {processor.py:840} INFO - DAG(s) 'tutorial_taskflow_api' retrieved from /home/airflow/.local/lib/python3.12/site-packages/airflow/example_dags/tutorial_taskflow_api.py
[2025-07-19T08:40:39.406+0000] {logging_mixin.py:188} INFO - [2025-07-19T08:40:39.406+0000] {dag.py:3096} INFO - Sync 1 DAGs
[2025-07-19T08:40:39.418+0000] {logging_mixin.py:188} INFO - [2025-07-19T08:40:39.418+0000] {dag.py:3954} INFO - Setting next_dagrun for tutorial_taskflow_api to None, run_after=None
[2025-07-19T08:40:39.435+0000] {processor.py:183} INFO - Processing /home/airflow/.local/lib/python3.12/site-packages/airflow/example_dags/tutorial_taskflow_api.py took 0.063 seconds
[2025-07-19T08:41:09.620+0000] {processor.py:161} INFO - Started process (PID=1831) to work on /home/airflow/.local/lib/python3.12/site-packages/airflow/example_dags/tutorial_taskflow_api.py
[2025-07-19T08:41:09.621+0000] {processor.py:830} INFO - Processing file /home/airflow/.local/lib/python3.12/site-packages/airflow/example_dags/tutorial_taskflow_api.py for tasks to queue
[2025-07-19T08:41:09.623+0000] {logging_mixin.py:188} INFO - [2025-07-19T08:41:09.623+0000] {dagbag.py:545} INFO - Filling up the DagBag from /home/airflow/.local/lib/python3.12/site-packages/airflow/example_dags/tutorial_taskflow_api.py
[2025-07-19T08:41:09.630+0000] {processor.py:840} INFO - DAG(s) 'tutorial_taskflow_api' retrieved from /home/airflow/.local/lib/python3.12/site-packages/airflow/example_dags/tutorial_taskflow_api.py
[2025-07-19T08:41:09.648+0000] {logging_mixin.py:188} INFO - [2025-07-19T08:41:09.648+0000] {dag.py:3096} INFO - Sync 1 DAGs
[2025-07-19T08:41:09.662+0000] {logging_mixin.py:188} INFO - [2025-07-19T08:41:09.662+0000] {dag.py:3954} INFO - Setting next_dagrun for tutorial_taskflow_api to None, run_after=None
[2025-07-19T08:41:09.680+0000] {processor.py:183} INFO - Processing /home/airflow/.local/lib/python3.12/site-packages/airflow/example_dags/tutorial_taskflow_api.py took 0.065 seconds
[2025-07-19T08:41:39.838+0000] {processor.py:161} INFO - Started process (PID=2087) to work on /home/airflow/.local/lib/python3.12/site-packages/airflow/example_dags/tutorial_taskflow_api.py
[2025-07-19T08:41:39.839+0000] {processor.py:830} INFO - Processing file /home/airflow/.local/lib/python3.12/site-packages/airflow/example_dags/tutorial_taskflow_api.py for tasks to queue
[2025-07-19T08:41:39.842+0000] {logging_mixin.py:188} INFO - [2025-07-19T08:41:39.842+0000] {dagbag.py:545} INFO - Filling up the DagBag from /home/airflow/.local/lib/python3.12/site-packages/airflow/example_dags/tutorial_taskflow_api.py
[2025-07-19T08:41:39.853+0000] {processor.py:840} INFO - DAG(s) 'tutorial_taskflow_api' retrieved from /home/airflow/.local/lib/python3.12/site-packages/airflow/example_dags/tutorial_taskflow_api.py
[2025-07-19T08:41:39.873+0000] {logging_mixin.py:188} INFO - [2025-07-19T08:41:39.873+0000] {dag.py:3096} INFO - Sync 1 DAGs
[2025-07-19T08:41:39.884+0000] {logging_mixin.py:188} INFO - [2025-07-19T08:41:39.884+0000] {dag.py:3954} INFO - Setting next_dagrun for tutorial_taskflow_api to None, run_after=None
[2025-07-19T08:41:39.903+0000] {processor.py:183} INFO - Processing /home/airflow/.local/lib/python3.12/site-packages/airflow/example_dags/tutorial_taskflow_api.py took 0.073 seconds
