[2025-07-19T08:38:04.941+0000] {processor.py:161} INFO - Started process (PID=213) to work on /home/airflow/.local/lib/python3.12/site-packages/airflow/example_dags/tutorial_dag.py
[2025-07-19T08:38:04.944+0000] {processor.py:830} INFO - Processing file /home/airflow/.local/lib/python3.12/site-packages/airflow/example_dags/tutorial_dag.py for tasks to queue
[2025-07-19T08:38:04.948+0000] {logging_mixin.py:188} INFO - [2025-07-19T08:38:04.947+0000] {dagbag.py:545} INFO - Filling up the DagBag from /home/airflow/.local/lib/python3.12/site-packages/airflow/example_dags/tutorial_dag.py
[2025-07-19T08:38:04.960+0000] {processor.py:840} INFO - DAG(s) 'tutorial_dag' retrieved from /home/airflow/.local/lib/python3.12/site-packages/airflow/example_dags/tutorial_dag.py
[2025-07-19T08:38:05.089+0000] {logging_mixin.py:188} INFO - [2025-07-19T08:38:05.088+0000] {override.py:1829} INFO - Created Permission View: can read on DAG:tutorial_dag
[2025-07-19T08:38:05.101+0000] {logging_mixin.py:188} INFO - [2025-07-19T08:38:05.101+0000] {override.py:1829} INFO - Created Permission View: can delete on DAG:tutorial_dag
[2025-07-19T08:38:05.114+0000] {logging_mixin.py:188} INFO - [2025-07-19T08:38:05.114+0000] {override.py:1829} INFO - Created Permission View: can edit on DAG:tutorial_dag
[2025-07-19T08:38:05.116+0000] {logging_mixin.py:188} INFO - [2025-07-19T08:38:05.116+0000] {dag.py:3096} INFO - Sync 1 DAGs
[2025-07-19T08:38:05.144+0000] {logging_mixin.py:188} INFO - [2025-07-19T08:38:05.144+0000] {dag.py:3118} INFO - Creating ORM DAG for tutorial_dag
[2025-07-19T08:38:05.147+0000] {logging_mixin.py:188} INFO - [2025-07-19T08:38:05.146+0000] {dag.py:3954} INFO - Setting next_dagrun for tutorial_dag to None, run_after=None
[2025-07-19T08:38:05.217+0000] {processor.py:183} INFO - Processing /home/airflow/.local/lib/python3.12/site-packages/airflow/example_dags/tutorial_dag.py took 0.295 seconds
[2025-07-19T08:38:35.544+0000] {processor.py:161} INFO - Started process (PID=475) to work on /home/airflow/.local/lib/python3.12/site-packages/airflow/example_dags/tutorial_dag.py
[2025-07-19T08:38:35.545+0000] {processor.py:830} INFO - Processing file /home/airflow/.local/lib/python3.12/site-packages/airflow/example_dags/tutorial_dag.py for tasks to queue
[2025-07-19T08:38:35.548+0000] {logging_mixin.py:188} INFO - [2025-07-19T08:38:35.548+0000] {dagbag.py:545} INFO - Filling up the DagBag from /home/airflow/.local/lib/python3.12/site-packages/airflow/example_dags/tutorial_dag.py
[2025-07-19T08:38:35.555+0000] {processor.py:840} INFO - DAG(s) 'tutorial_dag' retrieved from /home/airflow/.local/lib/python3.12/site-packages/airflow/example_dags/tutorial_dag.py
[2025-07-19T08:38:35.580+0000] {logging_mixin.py:188} INFO - [2025-07-19T08:38:35.579+0000] {dag.py:3096} INFO - Sync 1 DAGs
[2025-07-19T08:38:35.593+0000] {logging_mixin.py:188} INFO - [2025-07-19T08:38:35.593+0000] {dag.py:3954} INFO - Setting next_dagrun for tutorial_dag to None, run_after=None
[2025-07-19T08:38:35.622+0000] {processor.py:183} INFO - Processing /home/airflow/.local/lib/python3.12/site-packages/airflow/example_dags/tutorial_dag.py took 0.085 seconds
[2025-07-19T08:39:06.097+0000] {processor.py:161} INFO - Started process (PID=743) to work on /home/airflow/.local/lib/python3.12/site-packages/airflow/example_dags/tutorial_dag.py
[2025-07-19T08:39:06.097+0000] {processor.py:830} INFO - Processing file /home/airflow/.local/lib/python3.12/site-packages/airflow/example_dags/tutorial_dag.py for tasks to queue
[2025-07-19T08:39:06.100+0000] {logging_mixin.py:188} INFO - [2025-07-19T08:39:06.100+0000] {dagbag.py:545} INFO - Filling up the DagBag from /home/airflow/.local/lib/python3.12/site-packages/airflow/example_dags/tutorial_dag.py
[2025-07-19T08:39:06.105+0000] {processor.py:840} INFO - DAG(s) 'tutorial_dag' retrieved from /home/airflow/.local/lib/python3.12/site-packages/airflow/example_dags/tutorial_dag.py
[2025-07-19T08:39:06.122+0000] {logging_mixin.py:188} INFO - [2025-07-19T08:39:06.122+0000] {dag.py:3096} INFO - Sync 1 DAGs
[2025-07-19T08:39:06.136+0000] {logging_mixin.py:188} INFO - [2025-07-19T08:39:06.136+0000] {dag.py:3954} INFO - Setting next_dagrun for tutorial_dag to None, run_after=None
[2025-07-19T08:39:06.154+0000] {processor.py:183} INFO - Processing /home/airflow/.local/lib/python3.12/site-packages/airflow/example_dags/tutorial_dag.py took 0.063 seconds
[2025-07-19T08:39:36.943+0000] {processor.py:161} INFO - Started process (PID=1005) to work on /home/airflow/.local/lib/python3.12/site-packages/airflow/example_dags/tutorial_dag.py
[2025-07-19T08:39:36.944+0000] {processor.py:830} INFO - Processing file /home/airflow/.local/lib/python3.12/site-packages/airflow/example_dags/tutorial_dag.py for tasks to queue
[2025-07-19T08:39:36.946+0000] {logging_mixin.py:188} INFO - [2025-07-19T08:39:36.946+0000] {dagbag.py:545} INFO - Filling up the DagBag from /home/airflow/.local/lib/python3.12/site-packages/airflow/example_dags/tutorial_dag.py
[2025-07-19T08:39:36.951+0000] {processor.py:840} INFO - DAG(s) 'tutorial_dag' retrieved from /home/airflow/.local/lib/python3.12/site-packages/airflow/example_dags/tutorial_dag.py
[2025-07-19T08:39:36.970+0000] {logging_mixin.py:188} INFO - [2025-07-19T08:39:36.970+0000] {dag.py:3096} INFO - Sync 1 DAGs
[2025-07-19T08:39:36.982+0000] {logging_mixin.py:188} INFO - [2025-07-19T08:39:36.982+0000] {dag.py:3954} INFO - Setting next_dagrun for tutorial_dag to None, run_after=None
[2025-07-19T08:39:37.005+0000] {processor.py:183} INFO - Processing /home/airflow/.local/lib/python3.12/site-packages/airflow/example_dags/tutorial_dag.py took 0.067 seconds
[2025-07-19T08:40:07.245+0000] {processor.py:161} INFO - Started process (PID=1261) to work on /home/airflow/.local/lib/python3.12/site-packages/airflow/example_dags/tutorial_dag.py
[2025-07-19T08:40:07.246+0000] {processor.py:830} INFO - Processing file /home/airflow/.local/lib/python3.12/site-packages/airflow/example_dags/tutorial_dag.py for tasks to queue
[2025-07-19T08:40:07.248+0000] {logging_mixin.py:188} INFO - [2025-07-19T08:40:07.247+0000] {dagbag.py:545} INFO - Filling up the DagBag from /home/airflow/.local/lib/python3.12/site-packages/airflow/example_dags/tutorial_dag.py
[2025-07-19T08:40:07.252+0000] {processor.py:840} INFO - DAG(s) 'tutorial_dag' retrieved from /home/airflow/.local/lib/python3.12/site-packages/airflow/example_dags/tutorial_dag.py
[2025-07-19T08:40:07.270+0000] {logging_mixin.py:188} INFO - [2025-07-19T08:40:07.270+0000] {dag.py:3096} INFO - Sync 1 DAGs
[2025-07-19T08:40:07.281+0000] {logging_mixin.py:188} INFO - [2025-07-19T08:40:07.280+0000] {dag.py:3954} INFO - Setting next_dagrun for tutorial_dag to None, run_after=None
[2025-07-19T08:40:07.299+0000] {processor.py:183} INFO - Processing /home/airflow/.local/lib/python3.12/site-packages/airflow/example_dags/tutorial_dag.py took 0.059 seconds
[2025-07-19T08:40:37.565+0000] {processor.py:161} INFO - Started process (PID=1523) to work on /home/airflow/.local/lib/python3.12/site-packages/airflow/example_dags/tutorial_dag.py
[2025-07-19T08:40:37.566+0000] {processor.py:830} INFO - Processing file /home/airflow/.local/lib/python3.12/site-packages/airflow/example_dags/tutorial_dag.py for tasks to queue
[2025-07-19T08:40:37.567+0000] {logging_mixin.py:188} INFO - [2025-07-19T08:40:37.567+0000] {dagbag.py:545} INFO - Filling up the DagBag from /home/airflow/.local/lib/python3.12/site-packages/airflow/example_dags/tutorial_dag.py
[2025-07-19T08:40:37.572+0000] {processor.py:840} INFO - DAG(s) 'tutorial_dag' retrieved from /home/airflow/.local/lib/python3.12/site-packages/airflow/example_dags/tutorial_dag.py
[2025-07-19T08:40:37.591+0000] {logging_mixin.py:188} INFO - [2025-07-19T08:40:37.591+0000] {dag.py:3096} INFO - Sync 1 DAGs
[2025-07-19T08:40:37.603+0000] {logging_mixin.py:188} INFO - [2025-07-19T08:40:37.602+0000] {dag.py:3954} INFO - Setting next_dagrun for tutorial_dag to None, run_after=None
[2025-07-19T08:40:37.619+0000] {processor.py:183} INFO - Processing /home/airflow/.local/lib/python3.12/site-packages/airflow/example_dags/tutorial_dag.py took 0.060 seconds
[2025-07-19T08:41:07.968+0000] {processor.py:161} INFO - Started process (PID=1785) to work on /home/airflow/.local/lib/python3.12/site-packages/airflow/example_dags/tutorial_dag.py
[2025-07-19T08:41:07.969+0000] {processor.py:830} INFO - Processing file /home/airflow/.local/lib/python3.12/site-packages/airflow/example_dags/tutorial_dag.py for tasks to queue
[2025-07-19T08:41:07.970+0000] {logging_mixin.py:188} INFO - [2025-07-19T08:41:07.970+0000] {dagbag.py:545} INFO - Filling up the DagBag from /home/airflow/.local/lib/python3.12/site-packages/airflow/example_dags/tutorial_dag.py
[2025-07-19T08:41:07.975+0000] {processor.py:840} INFO - DAG(s) 'tutorial_dag' retrieved from /home/airflow/.local/lib/python3.12/site-packages/airflow/example_dags/tutorial_dag.py
[2025-07-19T08:41:07.994+0000] {logging_mixin.py:188} INFO - [2025-07-19T08:41:07.994+0000] {dag.py:3096} INFO - Sync 1 DAGs
[2025-07-19T08:41:08.005+0000] {logging_mixin.py:188} INFO - [2025-07-19T08:41:08.004+0000] {dag.py:3954} INFO - Setting next_dagrun for tutorial_dag to None, run_after=None
[2025-07-19T08:41:08.028+0000] {processor.py:183} INFO - Processing /home/airflow/.local/lib/python3.12/site-packages/airflow/example_dags/tutorial_dag.py took 0.065 seconds
[2025-07-19T08:41:38.324+0000] {processor.py:161} INFO - Started process (PID=2047) to work on /home/airflow/.local/lib/python3.12/site-packages/airflow/example_dags/tutorial_dag.py
[2025-07-19T08:41:38.325+0000] {processor.py:830} INFO - Processing file /home/airflow/.local/lib/python3.12/site-packages/airflow/example_dags/tutorial_dag.py for tasks to queue
[2025-07-19T08:41:38.327+0000] {logging_mixin.py:188} INFO - [2025-07-19T08:41:38.327+0000] {dagbag.py:545} INFO - Filling up the DagBag from /home/airflow/.local/lib/python3.12/site-packages/airflow/example_dags/tutorial_dag.py
[2025-07-19T08:41:38.332+0000] {processor.py:840} INFO - DAG(s) 'tutorial_dag' retrieved from /home/airflow/.local/lib/python3.12/site-packages/airflow/example_dags/tutorial_dag.py
[2025-07-19T08:41:38.350+0000] {logging_mixin.py:188} INFO - [2025-07-19T08:41:38.350+0000] {dag.py:3096} INFO - Sync 1 DAGs
[2025-07-19T08:41:38.360+0000] {logging_mixin.py:188} INFO - [2025-07-19T08:41:38.360+0000] {dag.py:3954} INFO - Setting next_dagrun for tutorial_dag to None, run_after=None
[2025-07-19T08:41:38.378+0000] {processor.py:183} INFO - Processing /home/airflow/.local/lib/python3.12/site-packages/airflow/example_dags/tutorial_dag.py took 0.059 seconds
