[2025-07-20T19:30:05.478+0000] {local_task_job_runner.py:120} INFO - ::group::Pre task execution logs
[2025-07-20T19:30:05.506+0000] {taskinstance.py:2076} INFO - Dependencies all met for dep_context=non-requeueable deps ti=<TaskInstance: fetch_weather_forecast.fetch_forecast manual__2025-07-20T19:30:03.684937+00:00 [queued]>
[2025-07-20T19:30:05.515+0000] {taskinstance.py:2076} INFO - Dependencies all met for dep_context=requeueable deps ti=<TaskInstance: fetch_weather_forecast.fetch_forecast manual__2025-07-20T19:30:03.684937+00:00 [queued]>
[2025-07-20T19:30:05.516+0000] {taskinstance.py:2306} INFO - Starting attempt 1 of 3
[2025-07-20T19:30:05.529+0000] {taskinstance.py:2330} INFO - Executing <Task(PythonOperator): fetch_forecast> on 2025-07-20 19:30:03.684937+00:00
[2025-07-20T19:30:05.538+0000] {standard_task_runner.py:90} INFO - Running: ['***', 'tasks', 'run', 'fetch_weather_forecast', 'fetch_forecast', 'manual__2025-07-20T19:30:03.684937+00:00', '--job-id', '14', '--raw', '--subdir', 'DAGS_FOLDER/fetch_weather_data.py', '--cfg-path', '/tmp/tmpxxbh3szb']
[2025-07-20T19:30:05.540+0000] {standard_task_runner.py:91} INFO - Job 14: Subtask fetch_forecast
[2025-07-20T19:30:05.542+0000] {logging_mixin.py:188} WARNING - /home/***/.local/lib/python3.12/site-packages/***/task/task_runner/standard_task_runner.py:61 DeprecationWarning: This process (pid=845) is multi-threaded, use of fork() may lead to deadlocks in the child.
[2025-07-20T19:30:05.543+0000] {standard_task_runner.py:63} INFO - Started process 927 to run task
[2025-07-20T19:30:05.583+0000] {task_command.py:426} INFO - Running <TaskInstance: fetch_weather_forecast.fetch_forecast manual__2025-07-20T19:30:03.684937+00:00 [running]> on host f9d4569dfd57
[2025-07-20T19:30:05.659+0000] {taskinstance.py:2648} INFO - Exporting env vars: AIRFLOW_CTX_DAG_OWNER='***' AIRFLOW_CTX_DAG_ID='fetch_weather_forecast' AIRFLOW_CTX_TASK_ID='fetch_forecast' AIRFLOW_CTX_EXECUTION_DATE='2025-07-20T19:30:03.684937+00:00' AIRFLOW_CTX_TRY_NUMBER='1' AIRFLOW_CTX_DAG_RUN_ID='manual__2025-07-20T19:30:03.684937+00:00'
[2025-07-20T19:30:05.661+0000] {taskinstance.py:430} INFO - ::endgroup::
[2025-07-20T19:30:11.405+0000] {logging_mixin.py:188} INFO - Failed for Can Tho: 429
[2025-07-20T19:30:12.341+0000] {logging_mixin.py:188} INFO - Failed for Bien Hoa: 429
[2025-07-20T19:30:13.267+0000] {logging_mixin.py:188} INFO - Failed for Quang Ninh: 429
[2025-07-20T19:30:14.211+0000] {logging_mixin.py:188} INFO - Failed for Nghe An: 429
[2025-07-20T19:30:15.139+0000] {logging_mixin.py:188} INFO - Failed for Ninh Binh: 429
[2025-07-20T19:30:15.658+0000] {python.py:237} INFO - Done. Returned value was: None
[2025-07-20T19:30:15.659+0000] {taskinstance.py:441} INFO - ::group::Post task execution logs
[2025-07-20T19:30:15.667+0000] {taskinstance.py:1206} INFO - Marking task as SUCCESS. dag_id=fetch_weather_forecast, task_id=fetch_forecast, run_id=manual__2025-07-20T19:30:03.684937+00:00, execution_date=20250720T193003, start_date=20250720T193005, end_date=20250720T193015
[2025-07-20T19:30:15.707+0000] {local_task_job_runner.py:240} INFO - Task exited with return code 0
[2025-07-20T19:30:15.727+0000] {taskinstance.py:3503} INFO - 1 downstream tasks scheduled from follow-on schedule check
[2025-07-20T19:30:15.729+0000] {local_task_job_runner.py:222} INFO - ::endgroup::
