[2025-07-21T02:32:01.718+0000] {processor.py:161} INFO - Started process (PID=168) to work on /opt/airflow/dags/fetch_weather_data.py
[2025-07-21T02:32:01.719+0000] {processor.py:830} INFO - Processing file /opt/airflow/dags/fetch_weather_data.py for tasks to queue
[2025-07-21T02:32:01.721+0000] {logging_mixin.py:188} INFO - [2025-07-21T02:32:01.721+0000] {dagbag.py:545} INFO - Filling up the DagBag from /opt/airflow/dags/fetch_weather_data.py
[2025-07-21T02:32:02.600+0000] {processor.py:840} INFO - DAG(s) 'fetch_weather_forecast' retrieved from /opt/airflow/dags/fetch_weather_data.py
[2025-07-21T02:32:02.656+0000] {logging_mixin.py:188} INFO - [2025-07-21T02:32:02.655+0000] {dag.py:3096} INFO - Sync 1 DAGs
[2025-07-21T02:32:02.691+0000] {logging_mixin.py:188} INFO - [2025-07-21T02:32:02.691+0000] {dag.py:3954} INFO - Setting next_dagrun for fetch_weather_forecast to 2025-07-21 00:00:00+00:00, run_after=2025-07-21 06:00:00+00:00
[2025-07-21T02:32:02.711+0000] {processor.py:183} INFO - Processing /opt/airflow/dags/fetch_weather_data.py took 1.001 seconds
[2025-07-21T02:32:32.913+0000] {processor.py:161} INFO - Started process (PID=181) to work on /opt/airflow/dags/fetch_weather_data.py
[2025-07-21T02:32:32.914+0000] {processor.py:830} INFO - Processing file /opt/airflow/dags/fetch_weather_data.py for tasks to queue
[2025-07-21T02:32:32.916+0000] {logging_mixin.py:188} INFO - [2025-07-21T02:32:32.915+0000] {dagbag.py:545} INFO - Filling up the DagBag from /opt/airflow/dags/fetch_weather_data.py
[2025-07-21T02:32:33.455+0000] {processor.py:840} INFO - DAG(s) 'fetch_weather_forecast' retrieved from /opt/airflow/dags/fetch_weather_data.py
[2025-07-21T02:32:33.478+0000] {logging_mixin.py:188} INFO - [2025-07-21T02:32:33.478+0000] {dag.py:3096} INFO - Sync 1 DAGs
[2025-07-21T02:32:33.497+0000] {logging_mixin.py:188} INFO - [2025-07-21T02:32:33.496+0000] {dag.py:3954} INFO - Setting next_dagrun for fetch_weather_forecast to 2025-07-21 00:00:00+00:00, run_after=2025-07-21 06:00:00+00:00
[2025-07-21T02:32:33.512+0000] {processor.py:183} INFO - Processing /opt/airflow/dags/fetch_weather_data.py took 0.603 seconds
[2025-07-21T02:33:03.706+0000] {processor.py:161} INFO - Started process (PID=187) to work on /opt/airflow/dags/fetch_weather_data.py
[2025-07-21T02:33:03.707+0000] {processor.py:830} INFO - Processing file /opt/airflow/dags/fetch_weather_data.py for tasks to queue
[2025-07-21T02:33:03.709+0000] {logging_mixin.py:188} INFO - [2025-07-21T02:33:03.709+0000] {dagbag.py:545} INFO - Filling up the DagBag from /opt/airflow/dags/fetch_weather_data.py
[2025-07-21T02:33:04.203+0000] {processor.py:840} INFO - DAG(s) 'fetch_weather_forecast' retrieved from /opt/airflow/dags/fetch_weather_data.py
[2025-07-21T02:33:04.226+0000] {logging_mixin.py:188} INFO - [2025-07-21T02:33:04.226+0000] {dag.py:3096} INFO - Sync 1 DAGs
[2025-07-21T02:33:04.244+0000] {logging_mixin.py:188} INFO - [2025-07-21T02:33:04.243+0000] {dag.py:3954} INFO - Setting next_dagrun for fetch_weather_forecast to 2025-07-21 00:00:00+00:00, run_after=2025-07-21 06:00:00+00:00
[2025-07-21T02:33:04.262+0000] {processor.py:183} INFO - Processing /opt/airflow/dags/fetch_weather_data.py took 0.563 seconds
[2025-07-21T02:33:34.480+0000] {processor.py:161} INFO - Started process (PID=193) to work on /opt/airflow/dags/fetch_weather_data.py
[2025-07-21T02:33:34.482+0000] {processor.py:830} INFO - Processing file /opt/airflow/dags/fetch_weather_data.py for tasks to queue
[2025-07-21T02:33:34.484+0000] {logging_mixin.py:188} INFO - [2025-07-21T02:33:34.483+0000] {dagbag.py:545} INFO - Filling up the DagBag from /opt/airflow/dags/fetch_weather_data.py
[2025-07-21T02:33:34.977+0000] {processor.py:840} INFO - DAG(s) 'fetch_weather_forecast' retrieved from /opt/airflow/dags/fetch_weather_data.py
[2025-07-21T02:33:34.999+0000] {logging_mixin.py:188} INFO - [2025-07-21T02:33:34.998+0000] {dag.py:3096} INFO - Sync 1 DAGs
[2025-07-21T02:33:35.017+0000] {logging_mixin.py:188} INFO - [2025-07-21T02:33:35.017+0000] {dag.py:3954} INFO - Setting next_dagrun for fetch_weather_forecast to 2025-07-21 00:00:00+00:00, run_after=2025-07-21 06:00:00+00:00
[2025-07-21T02:33:35.037+0000] {processor.py:183} INFO - Processing /opt/airflow/dags/fetch_weather_data.py took 0.562 seconds
[2025-07-21T02:34:05.325+0000] {processor.py:161} INFO - Started process (PID=199) to work on /opt/airflow/dags/fetch_weather_data.py
[2025-07-21T02:34:05.326+0000] {processor.py:830} INFO - Processing file /opt/airflow/dags/fetch_weather_data.py for tasks to queue
[2025-07-21T02:34:05.327+0000] {logging_mixin.py:188} INFO - [2025-07-21T02:34:05.327+0000] {dagbag.py:545} INFO - Filling up the DagBag from /opt/airflow/dags/fetch_weather_data.py
[2025-07-21T02:34:05.852+0000] {processor.py:840} INFO - DAG(s) 'fetch_weather_forecast' retrieved from /opt/airflow/dags/fetch_weather_data.py
[2025-07-21T02:34:05.876+0000] {logging_mixin.py:188} INFO - [2025-07-21T02:34:05.875+0000] {dag.py:3096} INFO - Sync 1 DAGs
[2025-07-21T02:34:05.894+0000] {logging_mixin.py:188} INFO - [2025-07-21T02:34:05.893+0000] {dag.py:3954} INFO - Setting next_dagrun for fetch_weather_forecast to 2025-07-21 00:00:00+00:00, run_after=2025-07-21 06:00:00+00:00
[2025-07-21T02:34:05.914+0000] {processor.py:183} INFO - Processing /opt/airflow/dags/fetch_weather_data.py took 0.594 seconds
[2025-07-21T02:34:35.978+0000] {processor.py:161} INFO - Started process (PID=205) to work on /opt/airflow/dags/fetch_weather_data.py
[2025-07-21T02:34:35.979+0000] {processor.py:830} INFO - Processing file /opt/airflow/dags/fetch_weather_data.py for tasks to queue
[2025-07-21T02:34:35.981+0000] {logging_mixin.py:188} INFO - [2025-07-21T02:34:35.980+0000] {dagbag.py:545} INFO - Filling up the DagBag from /opt/airflow/dags/fetch_weather_data.py
[2025-07-21T02:34:36.442+0000] {processor.py:840} INFO - DAG(s) 'fetch_weather_forecast' retrieved from /opt/airflow/dags/fetch_weather_data.py
[2025-07-21T02:34:36.463+0000] {logging_mixin.py:188} INFO - [2025-07-21T02:34:36.462+0000] {dag.py:3096} INFO - Sync 1 DAGs
[2025-07-21T02:34:36.480+0000] {logging_mixin.py:188} INFO - [2025-07-21T02:34:36.480+0000] {dag.py:3954} INFO - Setting next_dagrun for fetch_weather_forecast to 2025-07-21 00:00:00+00:00, run_after=2025-07-21 06:00:00+00:00
[2025-07-21T02:34:36.495+0000] {processor.py:183} INFO - Processing /opt/airflow/dags/fetch_weather_data.py took 0.524 seconds
[2025-07-21T02:35:06.717+0000] {processor.py:161} INFO - Started process (PID=211) to work on /opt/airflow/dags/fetch_weather_data.py
[2025-07-21T02:35:06.718+0000] {processor.py:830} INFO - Processing file /opt/airflow/dags/fetch_weather_data.py for tasks to queue
[2025-07-21T02:35:06.720+0000] {logging_mixin.py:188} INFO - [2025-07-21T02:35:06.719+0000] {dagbag.py:545} INFO - Filling up the DagBag from /opt/airflow/dags/fetch_weather_data.py
[2025-07-21T02:35:07.265+0000] {processor.py:840} INFO - DAG(s) 'fetch_weather_forecast' retrieved from /opt/airflow/dags/fetch_weather_data.py
[2025-07-21T02:35:07.289+0000] {logging_mixin.py:188} INFO - [2025-07-21T02:35:07.288+0000] {dag.py:3096} INFO - Sync 1 DAGs
[2025-07-21T02:35:07.310+0000] {logging_mixin.py:188} INFO - [2025-07-21T02:35:07.309+0000] {dag.py:3954} INFO - Setting next_dagrun for fetch_weather_forecast to 2025-07-21 00:00:00+00:00, run_after=2025-07-21 06:00:00+00:00
[2025-07-21T02:35:07.334+0000] {processor.py:183} INFO - Processing /opt/airflow/dags/fetch_weather_data.py took 0.622 seconds
[2025-07-21T02:35:37.559+0000] {processor.py:161} INFO - Started process (PID=217) to work on /opt/airflow/dags/fetch_weather_data.py
[2025-07-21T02:35:37.560+0000] {processor.py:830} INFO - Processing file /opt/airflow/dags/fetch_weather_data.py for tasks to queue
[2025-07-21T02:35:37.562+0000] {logging_mixin.py:188} INFO - [2025-07-21T02:35:37.562+0000] {dagbag.py:545} INFO - Filling up the DagBag from /opt/airflow/dags/fetch_weather_data.py
[2025-07-21T02:35:38.079+0000] {processor.py:840} INFO - DAG(s) 'fetch_weather_forecast' retrieved from /opt/airflow/dags/fetch_weather_data.py
[2025-07-21T02:35:38.104+0000] {logging_mixin.py:188} INFO - [2025-07-21T02:35:38.103+0000] {dag.py:3096} INFO - Sync 1 DAGs
[2025-07-21T02:35:38.125+0000] {logging_mixin.py:188} INFO - [2025-07-21T02:35:38.125+0000] {dag.py:3954} INFO - Setting next_dagrun for fetch_weather_forecast to 2025-07-21 00:00:00+00:00, run_after=2025-07-21 06:00:00+00:00
[2025-07-21T02:35:38.145+0000] {processor.py:183} INFO - Processing /opt/airflow/dags/fetch_weather_data.py took 0.591 seconds
[2025-07-21T02:36:08.356+0000] {processor.py:161} INFO - Started process (PID=223) to work on /opt/airflow/dags/fetch_weather_data.py
[2025-07-21T02:36:08.358+0000] {processor.py:830} INFO - Processing file /opt/airflow/dags/fetch_weather_data.py for tasks to queue
[2025-07-21T02:36:08.361+0000] {logging_mixin.py:188} INFO - [2025-07-21T02:36:08.361+0000] {dagbag.py:545} INFO - Filling up the DagBag from /opt/airflow/dags/fetch_weather_data.py
[2025-07-21T02:36:08.851+0000] {processor.py:840} INFO - DAG(s) 'fetch_weather_forecast' retrieved from /opt/airflow/dags/fetch_weather_data.py
[2025-07-21T02:36:08.874+0000] {logging_mixin.py:188} INFO - [2025-07-21T02:36:08.874+0000] {dag.py:3096} INFO - Sync 1 DAGs
[2025-07-21T02:36:08.892+0000] {logging_mixin.py:188} INFO - [2025-07-21T02:36:08.892+0000] {dag.py:3954} INFO - Setting next_dagrun for fetch_weather_forecast to 2025-07-21 00:00:00+00:00, run_after=2025-07-21 06:00:00+00:00
[2025-07-21T02:36:08.908+0000] {processor.py:183} INFO - Processing /opt/airflow/dags/fetch_weather_data.py took 0.562 seconds
[2025-07-21T02:36:38.966+0000] {processor.py:161} INFO - Started process (PID=229) to work on /opt/airflow/dags/fetch_weather_data.py
[2025-07-21T02:36:38.967+0000] {processor.py:830} INFO - Processing file /opt/airflow/dags/fetch_weather_data.py for tasks to queue
[2025-07-21T02:36:38.969+0000] {logging_mixin.py:188} INFO - [2025-07-21T02:36:38.969+0000] {dagbag.py:545} INFO - Filling up the DagBag from /opt/airflow/dags/fetch_weather_data.py
[2025-07-21T02:36:39.456+0000] {processor.py:840} INFO - DAG(s) 'fetch_weather_forecast' retrieved from /opt/airflow/dags/fetch_weather_data.py
[2025-07-21T02:36:39.481+0000] {logging_mixin.py:188} INFO - [2025-07-21T02:36:39.480+0000] {dag.py:3096} INFO - Sync 1 DAGs
[2025-07-21T02:36:39.497+0000] {logging_mixin.py:188} INFO - [2025-07-21T02:36:39.497+0000] {dag.py:3954} INFO - Setting next_dagrun for fetch_weather_forecast to 2025-07-21 00:00:00+00:00, run_after=2025-07-21 06:00:00+00:00
[2025-07-21T02:36:39.513+0000] {processor.py:183} INFO - Processing /opt/airflow/dags/fetch_weather_data.py took 0.551 seconds
[2025-07-21T02:37:09.808+0000] {processor.py:161} INFO - Started process (PID=235) to work on /opt/airflow/dags/fetch_weather_data.py
[2025-07-21T02:37:09.809+0000] {processor.py:830} INFO - Processing file /opt/airflow/dags/fetch_weather_data.py for tasks to queue
[2025-07-21T02:37:09.810+0000] {logging_mixin.py:188} INFO - [2025-07-21T02:37:09.810+0000] {dagbag.py:545} INFO - Filling up the DagBag from /opt/airflow/dags/fetch_weather_data.py
[2025-07-21T02:37:10.316+0000] {processor.py:840} INFO - DAG(s) 'fetch_weather_forecast' retrieved from /opt/airflow/dags/fetch_weather_data.py
[2025-07-21T02:37:10.338+0000] {logging_mixin.py:188} INFO - [2025-07-21T02:37:10.337+0000] {dag.py:3096} INFO - Sync 1 DAGs
[2025-07-21T02:37:10.354+0000] {logging_mixin.py:188} INFO - [2025-07-21T02:37:10.354+0000] {dag.py:3954} INFO - Setting next_dagrun for fetch_weather_forecast to 2025-07-21 00:00:00+00:00, run_after=2025-07-21 06:00:00+00:00
[2025-07-21T02:37:10.374+0000] {processor.py:183} INFO - Processing /opt/airflow/dags/fetch_weather_data.py took 0.571 seconds
[2025-07-21T02:37:40.521+0000] {processor.py:161} INFO - Started process (PID=244) to work on /opt/airflow/dags/fetch_weather_data.py
[2025-07-21T02:37:40.522+0000] {processor.py:830} INFO - Processing file /opt/airflow/dags/fetch_weather_data.py for tasks to queue
[2025-07-21T02:37:40.524+0000] {logging_mixin.py:188} INFO - [2025-07-21T02:37:40.524+0000] {dagbag.py:545} INFO - Filling up the DagBag from /opt/airflow/dags/fetch_weather_data.py
[2025-07-21T02:37:41.039+0000] {processor.py:840} INFO - DAG(s) 'fetch_weather_forecast' retrieved from /opt/airflow/dags/fetch_weather_data.py
[2025-07-21T02:37:41.060+0000] {logging_mixin.py:188} INFO - [2025-07-21T02:37:41.060+0000] {dag.py:3096} INFO - Sync 1 DAGs
[2025-07-21T02:37:41.078+0000] {logging_mixin.py:188} INFO - [2025-07-21T02:37:41.078+0000] {dag.py:3954} INFO - Setting next_dagrun for fetch_weather_forecast to 2025-07-21 00:00:00+00:00, run_after=2025-07-21 06:00:00+00:00
[2025-07-21T02:37:41.096+0000] {processor.py:183} INFO - Processing /opt/airflow/dags/fetch_weather_data.py took 0.579 seconds
[2025-07-21T02:38:11.364+0000] {processor.py:161} INFO - Started process (PID=250) to work on /opt/airflow/dags/fetch_weather_data.py
[2025-07-21T02:38:11.365+0000] {processor.py:830} INFO - Processing file /opt/airflow/dags/fetch_weather_data.py for tasks to queue
[2025-07-21T02:38:11.366+0000] {logging_mixin.py:188} INFO - [2025-07-21T02:38:11.366+0000] {dagbag.py:545} INFO - Filling up the DagBag from /opt/airflow/dags/fetch_weather_data.py
[2025-07-21T02:38:11.856+0000] {processor.py:840} INFO - DAG(s) 'fetch_weather_forecast' retrieved from /opt/airflow/dags/fetch_weather_data.py
[2025-07-21T02:38:11.879+0000] {logging_mixin.py:188} INFO - [2025-07-21T02:38:11.878+0000] {dag.py:3096} INFO - Sync 1 DAGs
[2025-07-21T02:38:11.897+0000] {logging_mixin.py:188} INFO - [2025-07-21T02:38:11.896+0000] {dag.py:3954} INFO - Setting next_dagrun for fetch_weather_forecast to 2025-07-21 00:00:00+00:00, run_after=2025-07-21 06:00:00+00:00
[2025-07-21T02:38:11.913+0000] {processor.py:183} INFO - Processing /opt/airflow/dags/fetch_weather_data.py took 0.555 seconds
[2025-07-21T02:38:42.014+0000] {processor.py:161} INFO - Started process (PID=256) to work on /opt/airflow/dags/fetch_weather_data.py
[2025-07-21T02:38:42.015+0000] {processor.py:830} INFO - Processing file /opt/airflow/dags/fetch_weather_data.py for tasks to queue
[2025-07-21T02:38:42.016+0000] {logging_mixin.py:188} INFO - [2025-07-21T02:38:42.016+0000] {dagbag.py:545} INFO - Filling up the DagBag from /opt/airflow/dags/fetch_weather_data.py
[2025-07-21T02:38:42.483+0000] {processor.py:840} INFO - DAG(s) 'fetch_weather_forecast' retrieved from /opt/airflow/dags/fetch_weather_data.py
[2025-07-21T02:38:42.505+0000] {logging_mixin.py:188} INFO - [2025-07-21T02:38:42.505+0000] {dag.py:3096} INFO - Sync 1 DAGs
[2025-07-21T02:38:42.523+0000] {logging_mixin.py:188} INFO - [2025-07-21T02:38:42.523+0000] {dag.py:3954} INFO - Setting next_dagrun for fetch_weather_forecast to 2025-07-21 00:00:00+00:00, run_after=2025-07-21 06:00:00+00:00
[2025-07-21T02:38:42.539+0000] {processor.py:183} INFO - Processing /opt/airflow/dags/fetch_weather_data.py took 0.530 seconds
[2025-07-21T02:39:12.804+0000] {processor.py:161} INFO - Started process (PID=262) to work on /opt/airflow/dags/fetch_weather_data.py
[2025-07-21T02:39:12.805+0000] {processor.py:830} INFO - Processing file /opt/airflow/dags/fetch_weather_data.py for tasks to queue
[2025-07-21T02:39:12.807+0000] {logging_mixin.py:188} INFO - [2025-07-21T02:39:12.806+0000] {dagbag.py:545} INFO - Filling up the DagBag from /opt/airflow/dags/fetch_weather_data.py
[2025-07-21T02:39:13.302+0000] {processor.py:840} INFO - DAG(s) 'fetch_weather_forecast' retrieved from /opt/airflow/dags/fetch_weather_data.py
[2025-07-21T02:39:13.327+0000] {logging_mixin.py:188} INFO - [2025-07-21T02:39:13.327+0000] {dag.py:3096} INFO - Sync 1 DAGs
[2025-07-21T02:39:13.349+0000] {logging_mixin.py:188} INFO - [2025-07-21T02:39:13.349+0000] {dag.py:3954} INFO - Setting next_dagrun for fetch_weather_forecast to 2025-07-21 00:00:00+00:00, run_after=2025-07-21 06:00:00+00:00
[2025-07-21T02:39:13.364+0000] {processor.py:183} INFO - Processing /opt/airflow/dags/fetch_weather_data.py took 0.565 seconds
[2025-07-21T02:39:43.527+0000] {processor.py:161} INFO - Started process (PID=268) to work on /opt/airflow/dags/fetch_weather_data.py
[2025-07-21T02:39:43.527+0000] {processor.py:830} INFO - Processing file /opt/airflow/dags/fetch_weather_data.py for tasks to queue
[2025-07-21T02:39:43.529+0000] {logging_mixin.py:188} INFO - [2025-07-21T02:39:43.529+0000] {dagbag.py:545} INFO - Filling up the DagBag from /opt/airflow/dags/fetch_weather_data.py
[2025-07-21T02:39:44.054+0000] {processor.py:840} INFO - DAG(s) 'fetch_weather_forecast' retrieved from /opt/airflow/dags/fetch_weather_data.py
[2025-07-21T02:39:44.077+0000] {logging_mixin.py:188} INFO - [2025-07-21T02:39:44.077+0000] {dag.py:3096} INFO - Sync 1 DAGs
[2025-07-21T02:39:44.096+0000] {logging_mixin.py:188} INFO - [2025-07-21T02:39:44.095+0000] {dag.py:3954} INFO - Setting next_dagrun for fetch_weather_forecast to 2025-07-21 00:00:00+00:00, run_after=2025-07-21 06:00:00+00:00
[2025-07-21T02:39:44.114+0000] {processor.py:183} INFO - Processing /opt/airflow/dags/fetch_weather_data.py took 0.592 seconds
[2025-07-21T02:40:14.346+0000] {processor.py:161} INFO - Started process (PID=274) to work on /opt/airflow/dags/fetch_weather_data.py
[2025-07-21T02:40:14.347+0000] {processor.py:830} INFO - Processing file /opt/airflow/dags/fetch_weather_data.py for tasks to queue
[2025-07-21T02:40:14.349+0000] {logging_mixin.py:188} INFO - [2025-07-21T02:40:14.349+0000] {dagbag.py:545} INFO - Filling up the DagBag from /opt/airflow/dags/fetch_weather_data.py
[2025-07-21T02:40:14.837+0000] {processor.py:840} INFO - DAG(s) 'fetch_weather_forecast' retrieved from /opt/airflow/dags/fetch_weather_data.py
[2025-07-21T02:40:14.861+0000] {logging_mixin.py:188} INFO - [2025-07-21T02:40:14.860+0000] {dag.py:3096} INFO - Sync 1 DAGs
[2025-07-21T02:40:14.877+0000] {logging_mixin.py:188} INFO - [2025-07-21T02:40:14.877+0000] {dag.py:3954} INFO - Setting next_dagrun for fetch_weather_forecast to 2025-07-21 00:00:00+00:00, run_after=2025-07-21 06:00:00+00:00
[2025-07-21T02:40:14.893+0000] {processor.py:183} INFO - Processing /opt/airflow/dags/fetch_weather_data.py took 0.552 seconds
[2025-07-21T02:40:44.985+0000] {processor.py:161} INFO - Started process (PID=280) to work on /opt/airflow/dags/fetch_weather_data.py
[2025-07-21T02:40:44.986+0000] {processor.py:830} INFO - Processing file /opt/airflow/dags/fetch_weather_data.py for tasks to queue
[2025-07-21T02:40:44.987+0000] {logging_mixin.py:188} INFO - [2025-07-21T02:40:44.987+0000] {dagbag.py:545} INFO - Filling up the DagBag from /opt/airflow/dags/fetch_weather_data.py
[2025-07-21T02:40:45.471+0000] {processor.py:840} INFO - DAG(s) 'fetch_weather_forecast' retrieved from /opt/airflow/dags/fetch_weather_data.py
[2025-07-21T02:40:45.493+0000] {logging_mixin.py:188} INFO - [2025-07-21T02:40:45.493+0000] {dag.py:3096} INFO - Sync 1 DAGs
[2025-07-21T02:40:45.510+0000] {logging_mixin.py:188} INFO - [2025-07-21T02:40:45.510+0000] {dag.py:3954} INFO - Setting next_dagrun for fetch_weather_forecast to 2025-07-21 00:00:00+00:00, run_after=2025-07-21 06:00:00+00:00
[2025-07-21T02:40:45.527+0000] {processor.py:183} INFO - Processing /opt/airflow/dags/fetch_weather_data.py took 0.547 seconds
[2025-07-21T02:41:15.802+0000] {processor.py:161} INFO - Started process (PID=286) to work on /opt/airflow/dags/fetch_weather_data.py
[2025-07-21T02:41:15.804+0000] {processor.py:830} INFO - Processing file /opt/airflow/dags/fetch_weather_data.py for tasks to queue
[2025-07-21T02:41:15.805+0000] {logging_mixin.py:188} INFO - [2025-07-21T02:41:15.805+0000] {dagbag.py:545} INFO - Filling up the DagBag from /opt/airflow/dags/fetch_weather_data.py
[2025-07-21T02:41:16.282+0000] {processor.py:840} INFO - DAG(s) 'fetch_weather_forecast' retrieved from /opt/airflow/dags/fetch_weather_data.py
[2025-07-21T02:41:16.307+0000] {logging_mixin.py:188} INFO - [2025-07-21T02:41:16.306+0000] {dag.py:3096} INFO - Sync 1 DAGs
[2025-07-21T02:41:16.323+0000] {logging_mixin.py:188} INFO - [2025-07-21T02:41:16.323+0000] {dag.py:3954} INFO - Setting next_dagrun for fetch_weather_forecast to 2025-07-21 00:00:00+00:00, run_after=2025-07-21 06:00:00+00:00
[2025-07-21T02:41:16.346+0000] {processor.py:183} INFO - Processing /opt/airflow/dags/fetch_weather_data.py took 0.549 seconds
[2025-07-21T02:41:46.593+0000] {processor.py:161} INFO - Started process (PID=292) to work on /opt/airflow/dags/fetch_weather_data.py
[2025-07-21T02:41:46.594+0000] {processor.py:830} INFO - Processing file /opt/airflow/dags/fetch_weather_data.py for tasks to queue
[2025-07-21T02:41:46.596+0000] {logging_mixin.py:188} INFO - [2025-07-21T02:41:46.596+0000] {dagbag.py:545} INFO - Filling up the DagBag from /opt/airflow/dags/fetch_weather_data.py
[2025-07-21T02:41:47.068+0000] {processor.py:840} INFO - DAG(s) 'fetch_weather_forecast' retrieved from /opt/airflow/dags/fetch_weather_data.py
[2025-07-21T02:41:47.088+0000] {logging_mixin.py:188} INFO - [2025-07-21T02:41:47.088+0000] {dag.py:3096} INFO - Sync 1 DAGs
[2025-07-21T02:41:47.104+0000] {logging_mixin.py:188} INFO - [2025-07-21T02:41:47.104+0000] {dag.py:3954} INFO - Setting next_dagrun for fetch_weather_forecast to 2025-07-21 00:00:00+00:00, run_after=2025-07-21 06:00:00+00:00
[2025-07-21T02:41:47.121+0000] {processor.py:183} INFO - Processing /opt/airflow/dags/fetch_weather_data.py took 0.532 seconds
[2025-07-21T02:42:17.328+0000] {processor.py:161} INFO - Started process (PID=298) to work on /opt/airflow/dags/fetch_weather_data.py
[2025-07-21T02:42:17.329+0000] {processor.py:830} INFO - Processing file /opt/airflow/dags/fetch_weather_data.py for tasks to queue
[2025-07-21T02:42:17.331+0000] {logging_mixin.py:188} INFO - [2025-07-21T02:42:17.331+0000] {dagbag.py:545} INFO - Filling up the DagBag from /opt/airflow/dags/fetch_weather_data.py
[2025-07-21T02:42:17.836+0000] {processor.py:840} INFO - DAG(s) 'fetch_weather_forecast' retrieved from /opt/airflow/dags/fetch_weather_data.py
[2025-07-21T02:42:17.857+0000] {logging_mixin.py:188} INFO - [2025-07-21T02:42:17.857+0000] {dag.py:3096} INFO - Sync 1 DAGs
[2025-07-21T02:42:17.873+0000] {logging_mixin.py:188} INFO - [2025-07-21T02:42:17.873+0000] {dag.py:3954} INFO - Setting next_dagrun for fetch_weather_forecast to 2025-07-21 00:00:00+00:00, run_after=2025-07-21 06:00:00+00:00
[2025-07-21T02:42:17.893+0000] {processor.py:183} INFO - Processing /opt/airflow/dags/fetch_weather_data.py took 0.569 seconds
[2025-07-21T02:42:48.130+0000] {processor.py:161} INFO - Started process (PID=307) to work on /opt/airflow/dags/fetch_weather_data.py
[2025-07-21T02:42:48.131+0000] {processor.py:830} INFO - Processing file /opt/airflow/dags/fetch_weather_data.py for tasks to queue
[2025-07-21T02:42:48.133+0000] {logging_mixin.py:188} INFO - [2025-07-21T02:42:48.133+0000] {dagbag.py:545} INFO - Filling up the DagBag from /opt/airflow/dags/fetch_weather_data.py
[2025-07-21T02:42:48.635+0000] {processor.py:840} INFO - DAG(s) 'fetch_weather_forecast' retrieved from /opt/airflow/dags/fetch_weather_data.py
[2025-07-21T02:42:48.659+0000] {logging_mixin.py:188} INFO - [2025-07-21T02:42:48.658+0000] {dag.py:3096} INFO - Sync 1 DAGs
[2025-07-21T02:42:48.677+0000] {logging_mixin.py:188} INFO - [2025-07-21T02:42:48.677+0000] {dag.py:3954} INFO - Setting next_dagrun for fetch_weather_forecast to 2025-07-21 00:00:00+00:00, run_after=2025-07-21 06:00:00+00:00
[2025-07-21T02:42:48.696+0000] {processor.py:183} INFO - Processing /opt/airflow/dags/fetch_weather_data.py took 0.572 seconds
[2025-07-21T02:43:18.751+0000] {processor.py:161} INFO - Started process (PID=313) to work on /opt/airflow/dags/fetch_weather_data.py
[2025-07-21T02:43:18.752+0000] {processor.py:830} INFO - Processing file /opt/airflow/dags/fetch_weather_data.py for tasks to queue
[2025-07-21T02:43:18.754+0000] {logging_mixin.py:188} INFO - [2025-07-21T02:43:18.754+0000] {dagbag.py:545} INFO - Filling up the DagBag from /opt/airflow/dags/fetch_weather_data.py
[2025-07-21T02:43:19.220+0000] {processor.py:840} INFO - DAG(s) 'fetch_weather_forecast' retrieved from /opt/airflow/dags/fetch_weather_data.py
[2025-07-21T02:43:19.241+0000] {logging_mixin.py:188} INFO - [2025-07-21T02:43:19.241+0000] {dag.py:3096} INFO - Sync 1 DAGs
[2025-07-21T02:43:19.256+0000] {logging_mixin.py:188} INFO - [2025-07-21T02:43:19.256+0000] {dag.py:3954} INFO - Setting next_dagrun for fetch_weather_forecast to 2025-07-21 00:00:00+00:00, run_after=2025-07-21 06:00:00+00:00
[2025-07-21T02:43:19.273+0000] {processor.py:183} INFO - Processing /opt/airflow/dags/fetch_weather_data.py took 0.527 seconds
[2025-07-21T02:43:49.534+0000] {processor.py:161} INFO - Started process (PID=319) to work on /opt/airflow/dags/fetch_weather_data.py
[2025-07-21T02:43:49.535+0000] {processor.py:830} INFO - Processing file /opt/airflow/dags/fetch_weather_data.py for tasks to queue
[2025-07-21T02:43:49.536+0000] {logging_mixin.py:188} INFO - [2025-07-21T02:43:49.536+0000] {dagbag.py:545} INFO - Filling up the DagBag from /opt/airflow/dags/fetch_weather_data.py
[2025-07-21T02:43:50.023+0000] {processor.py:840} INFO - DAG(s) 'fetch_weather_forecast' retrieved from /opt/airflow/dags/fetch_weather_data.py
[2025-07-21T02:43:50.047+0000] {logging_mixin.py:188} INFO - [2025-07-21T02:43:50.046+0000] {dag.py:3096} INFO - Sync 1 DAGs
[2025-07-21T02:43:50.067+0000] {logging_mixin.py:188} INFO - [2025-07-21T02:43:50.067+0000] {dag.py:3954} INFO - Setting next_dagrun for fetch_weather_forecast to 2025-07-21 00:00:00+00:00, run_after=2025-07-21 06:00:00+00:00
[2025-07-21T02:43:50.085+0000] {processor.py:183} INFO - Processing /opt/airflow/dags/fetch_weather_data.py took 0.559 seconds
[2025-07-21T02:44:20.342+0000] {processor.py:161} INFO - Started process (PID=325) to work on /opt/airflow/dags/fetch_weather_data.py
[2025-07-21T02:44:20.343+0000] {processor.py:830} INFO - Processing file /opt/airflow/dags/fetch_weather_data.py for tasks to queue
[2025-07-21T02:44:20.345+0000] {logging_mixin.py:188} INFO - [2025-07-21T02:44:20.345+0000] {dagbag.py:545} INFO - Filling up the DagBag from /opt/airflow/dags/fetch_weather_data.py
[2025-07-21T02:44:20.848+0000] {processor.py:840} INFO - DAG(s) 'fetch_weather_forecast' retrieved from /opt/airflow/dags/fetch_weather_data.py
[2025-07-21T02:44:20.868+0000] {logging_mixin.py:188} INFO - [2025-07-21T02:44:20.868+0000] {dag.py:3096} INFO - Sync 1 DAGs
[2025-07-21T02:44:20.885+0000] {logging_mixin.py:188} INFO - [2025-07-21T02:44:20.884+0000] {dag.py:3954} INFO - Setting next_dagrun for fetch_weather_forecast to 2025-07-21 00:00:00+00:00, run_after=2025-07-21 06:00:00+00:00
[2025-07-21T02:44:20.901+0000] {processor.py:183} INFO - Processing /opt/airflow/dags/fetch_weather_data.py took 0.563 seconds
[2025-07-21T02:44:50.968+0000] {processor.py:161} INFO - Started process (PID=331) to work on /opt/airflow/dags/fetch_weather_data.py
[2025-07-21T02:44:50.968+0000] {processor.py:830} INFO - Processing file /opt/airflow/dags/fetch_weather_data.py for tasks to queue
[2025-07-21T02:44:50.970+0000] {logging_mixin.py:188} INFO - [2025-07-21T02:44:50.970+0000] {dagbag.py:545} INFO - Filling up the DagBag from /opt/airflow/dags/fetch_weather_data.py
[2025-07-21T02:44:51.425+0000] {processor.py:840} INFO - DAG(s) 'fetch_weather_forecast' retrieved from /opt/airflow/dags/fetch_weather_data.py
[2025-07-21T02:44:51.447+0000] {logging_mixin.py:188} INFO - [2025-07-21T02:44:51.447+0000] {dag.py:3096} INFO - Sync 1 DAGs
[2025-07-21T02:44:51.471+0000] {logging_mixin.py:188} INFO - [2025-07-21T02:44:51.470+0000] {dag.py:3954} INFO - Setting next_dagrun for fetch_weather_forecast to 2025-07-21 00:00:00+00:00, run_after=2025-07-21 06:00:00+00:00
[2025-07-21T02:44:51.489+0000] {processor.py:183} INFO - Processing /opt/airflow/dags/fetch_weather_data.py took 0.527 seconds
[2025-07-21T02:45:21.726+0000] {processor.py:161} INFO - Started process (PID=337) to work on /opt/airflow/dags/fetch_weather_data.py
[2025-07-21T02:45:21.727+0000] {processor.py:830} INFO - Processing file /opt/airflow/dags/fetch_weather_data.py for tasks to queue
[2025-07-21T02:45:21.729+0000] {logging_mixin.py:188} INFO - [2025-07-21T02:45:21.728+0000] {dagbag.py:545} INFO - Filling up the DagBag from /opt/airflow/dags/fetch_weather_data.py
[2025-07-21T02:45:22.251+0000] {processor.py:840} INFO - DAG(s) 'fetch_weather_forecast' retrieved from /opt/airflow/dags/fetch_weather_data.py
[2025-07-21T02:45:22.275+0000] {logging_mixin.py:188} INFO - [2025-07-21T02:45:22.275+0000] {dag.py:3096} INFO - Sync 1 DAGs
[2025-07-21T02:45:22.293+0000] {logging_mixin.py:188} INFO - [2025-07-21T02:45:22.292+0000] {dag.py:3954} INFO - Setting next_dagrun for fetch_weather_forecast to 2025-07-21 00:00:00+00:00, run_after=2025-07-21 06:00:00+00:00
[2025-07-21T02:45:22.311+0000] {processor.py:183} INFO - Processing /opt/airflow/dags/fetch_weather_data.py took 0.591 seconds
[2025-07-21T02:45:52.569+0000] {processor.py:161} INFO - Started process (PID=343) to work on /opt/airflow/dags/fetch_weather_data.py
[2025-07-21T02:45:52.570+0000] {processor.py:830} INFO - Processing file /opt/airflow/dags/fetch_weather_data.py for tasks to queue
[2025-07-21T02:45:52.573+0000] {logging_mixin.py:188} INFO - [2025-07-21T02:45:52.573+0000] {dagbag.py:545} INFO - Filling up the DagBag from /opt/airflow/dags/fetch_weather_data.py
[2025-07-21T02:45:53.141+0000] {processor.py:840} INFO - DAG(s) 'fetch_weather_forecast' retrieved from /opt/airflow/dags/fetch_weather_data.py
[2025-07-21T02:45:53.170+0000] {logging_mixin.py:188} INFO - [2025-07-21T02:45:53.169+0000] {dag.py:3096} INFO - Sync 1 DAGs
[2025-07-21T02:45:53.192+0000] {logging_mixin.py:188} INFO - [2025-07-21T02:45:53.192+0000] {dag.py:3954} INFO - Setting next_dagrun for fetch_weather_forecast to 2025-07-21 00:00:00+00:00, run_after=2025-07-21 06:00:00+00:00
[2025-07-21T02:45:53.214+0000] {processor.py:183} INFO - Processing /opt/airflow/dags/fetch_weather_data.py took 0.653 seconds
[2025-07-21T02:46:23.416+0000] {processor.py:161} INFO - Started process (PID=349) to work on /opt/airflow/dags/fetch_weather_data.py
[2025-07-21T02:46:23.417+0000] {processor.py:830} INFO - Processing file /opt/airflow/dags/fetch_weather_data.py for tasks to queue
[2025-07-21T02:46:23.419+0000] {logging_mixin.py:188} INFO - [2025-07-21T02:46:23.418+0000] {dagbag.py:545} INFO - Filling up the DagBag from /opt/airflow/dags/fetch_weather_data.py
[2025-07-21T02:46:23.954+0000] {processor.py:840} INFO - DAG(s) 'fetch_weather_forecast' retrieved from /opt/airflow/dags/fetch_weather_data.py
[2025-07-21T02:46:23.976+0000] {logging_mixin.py:188} INFO - [2025-07-21T02:46:23.976+0000] {dag.py:3096} INFO - Sync 1 DAGs
[2025-07-21T02:46:23.994+0000] {logging_mixin.py:188} INFO - [2025-07-21T02:46:23.994+0000] {dag.py:3954} INFO - Setting next_dagrun for fetch_weather_forecast to 2025-07-21 00:00:00+00:00, run_after=2025-07-21 06:00:00+00:00
[2025-07-21T02:46:24.010+0000] {processor.py:183} INFO - Processing /opt/airflow/dags/fetch_weather_data.py took 0.600 seconds
[2025-07-21T02:46:54.267+0000] {processor.py:161} INFO - Started process (PID=355) to work on /opt/airflow/dags/fetch_weather_data.py
[2025-07-21T02:46:54.268+0000] {processor.py:830} INFO - Processing file /opt/airflow/dags/fetch_weather_data.py for tasks to queue
[2025-07-21T02:46:54.269+0000] {logging_mixin.py:188} INFO - [2025-07-21T02:46:54.269+0000] {dagbag.py:545} INFO - Filling up the DagBag from /opt/airflow/dags/fetch_weather_data.py
[2025-07-21T02:46:54.831+0000] {processor.py:840} INFO - DAG(s) 'fetch_weather_forecast' retrieved from /opt/airflow/dags/fetch_weather_data.py
[2025-07-21T02:46:54.858+0000] {logging_mixin.py:188} INFO - [2025-07-21T02:46:54.858+0000] {dag.py:3096} INFO - Sync 1 DAGs
[2025-07-21T02:46:54.878+0000] {logging_mixin.py:188} INFO - [2025-07-21T02:46:54.878+0000] {dag.py:3954} INFO - Setting next_dagrun for fetch_weather_forecast to 2025-07-21 00:00:00+00:00, run_after=2025-07-21 06:00:00+00:00
[2025-07-21T02:46:54.897+0000] {processor.py:183} INFO - Processing /opt/airflow/dags/fetch_weather_data.py took 0.636 seconds
[2025-07-21T02:46:56.637+0000] {processor.py:161} INFO - Started process (PID=361) to work on /opt/airflow/dags/fetch_weather_data.py
[2025-07-21T02:46:56.638+0000] {processor.py:830} INFO - Processing file /opt/airflow/dags/fetch_weather_data.py for tasks to queue
[2025-07-21T02:46:56.640+0000] {logging_mixin.py:188} INFO - [2025-07-21T02:46:56.639+0000] {dagbag.py:545} INFO - Filling up the DagBag from /opt/airflow/dags/fetch_weather_data.py
[2025-07-21T02:46:57.106+0000] {processor.py:840} INFO - DAG(s) 'fetch_weather_forecast' retrieved from /opt/airflow/dags/fetch_weather_data.py
[2025-07-21T02:46:57.209+0000] {logging_mixin.py:188} INFO - [2025-07-21T02:46:57.209+0000] {dag.py:3096} INFO - Sync 1 DAGs
[2025-07-21T02:46:57.224+0000] {logging_mixin.py:188} INFO - [2025-07-21T02:46:57.224+0000] {dag.py:3954} INFO - Setting next_dagrun for fetch_weather_forecast to 2025-07-21 00:00:00+00:00, run_after=2025-07-21 06:00:00+00:00
[2025-07-21T02:46:57.248+0000] {processor.py:183} INFO - Processing /opt/airflow/dags/fetch_weather_data.py took 0.616 seconds
[2025-07-21T02:47:27.542+0000] {processor.py:161} INFO - Started process (PID=367) to work on /opt/airflow/dags/fetch_weather_data.py
[2025-07-21T02:47:27.543+0000] {processor.py:830} INFO - Processing file /opt/airflow/dags/fetch_weather_data.py for tasks to queue
[2025-07-21T02:47:27.544+0000] {logging_mixin.py:188} INFO - [2025-07-21T02:47:27.544+0000] {dagbag.py:545} INFO - Filling up the DagBag from /opt/airflow/dags/fetch_weather_data.py
[2025-07-21T02:47:28.011+0000] {processor.py:840} INFO - DAG(s) 'fetch_weather_forecast' retrieved from /opt/airflow/dags/fetch_weather_data.py
[2025-07-21T02:47:28.033+0000] {logging_mixin.py:188} INFO - [2025-07-21T02:47:28.033+0000] {dag.py:3096} INFO - Sync 1 DAGs
[2025-07-21T02:47:28.049+0000] {logging_mixin.py:188} INFO - [2025-07-21T02:47:28.049+0000] {dag.py:3954} INFO - Setting next_dagrun for fetch_weather_forecast to 2025-07-21 00:00:00+00:00, run_after=2025-07-21 06:00:00+00:00
[2025-07-21T02:47:28.067+0000] {processor.py:183} INFO - Processing /opt/airflow/dags/fetch_weather_data.py took 0.530 seconds
[2025-07-21T02:47:58.352+0000] {processor.py:161} INFO - Started process (PID=373) to work on /opt/airflow/dags/fetch_weather_data.py
[2025-07-21T02:47:58.353+0000] {processor.py:830} INFO - Processing file /opt/airflow/dags/fetch_weather_data.py for tasks to queue
[2025-07-21T02:47:58.354+0000] {logging_mixin.py:188} INFO - [2025-07-21T02:47:58.354+0000] {dagbag.py:545} INFO - Filling up the DagBag from /opt/airflow/dags/fetch_weather_data.py
[2025-07-21T02:47:58.814+0000] {processor.py:840} INFO - DAG(s) 'fetch_weather_forecast' retrieved from /opt/airflow/dags/fetch_weather_data.py
[2025-07-21T02:47:58.835+0000] {logging_mixin.py:188} INFO - [2025-07-21T02:47:58.835+0000] {dag.py:3096} INFO - Sync 1 DAGs
[2025-07-21T02:47:58.851+0000] {logging_mixin.py:188} INFO - [2025-07-21T02:47:58.851+0000] {dag.py:3954} INFO - Setting next_dagrun for fetch_weather_forecast to 2025-07-21 00:00:00+00:00, run_after=2025-07-21 06:00:00+00:00
[2025-07-21T02:47:58.874+0000] {processor.py:183} INFO - Processing /opt/airflow/dags/fetch_weather_data.py took 0.528 seconds
[2025-07-21T02:48:00.762+0000] {processor.py:161} INFO - Started process (PID=379) to work on /opt/airflow/dags/fetch_weather_data.py
[2025-07-21T02:48:00.763+0000] {processor.py:830} INFO - Processing file /opt/airflow/dags/fetch_weather_data.py for tasks to queue
[2025-07-21T02:48:00.764+0000] {logging_mixin.py:188} INFO - [2025-07-21T02:48:00.764+0000] {dagbag.py:545} INFO - Filling up the DagBag from /opt/airflow/dags/fetch_weather_data.py
[2025-07-21T02:48:01.258+0000] {processor.py:840} INFO - DAG(s) 'fetch_weather_forecast' retrieved from /opt/airflow/dags/fetch_weather_data.py
[2025-07-21T02:48:01.280+0000] {logging_mixin.py:188} INFO - [2025-07-21T02:48:01.280+0000] {dag.py:3096} INFO - Sync 1 DAGs
[2025-07-21T02:48:01.301+0000] {logging_mixin.py:188} INFO - [2025-07-21T02:48:01.301+0000] {dag.py:3954} INFO - Setting next_dagrun for fetch_weather_forecast to 2025-07-21 00:00:00+00:00, run_after=2025-07-21 06:00:00+00:00
[2025-07-21T02:48:01.322+0000] {processor.py:183} INFO - Processing /opt/airflow/dags/fetch_weather_data.py took 0.566 seconds
[2025-07-21T02:48:31.562+0000] {processor.py:161} INFO - Started process (PID=385) to work on /opt/airflow/dags/fetch_weather_data.py
[2025-07-21T02:48:31.563+0000] {processor.py:830} INFO - Processing file /opt/airflow/dags/fetch_weather_data.py for tasks to queue
[2025-07-21T02:48:31.564+0000] {logging_mixin.py:188} INFO - [2025-07-21T02:48:31.564+0000] {dagbag.py:545} INFO - Filling up the DagBag from /opt/airflow/dags/fetch_weather_data.py
[2025-07-21T02:48:32.013+0000] {processor.py:840} INFO - DAG(s) 'fetch_weather_forecast' retrieved from /opt/airflow/dags/fetch_weather_data.py
[2025-07-21T02:48:32.033+0000] {logging_mixin.py:188} INFO - [2025-07-21T02:48:32.033+0000] {dag.py:3096} INFO - Sync 1 DAGs
[2025-07-21T02:48:32.050+0000] {logging_mixin.py:188} INFO - [2025-07-21T02:48:32.050+0000] {dag.py:3954} INFO - Setting next_dagrun for fetch_weather_forecast to 2025-07-21 00:00:00+00:00, run_after=2025-07-21 06:00:00+00:00
[2025-07-21T02:48:32.066+0000] {processor.py:183} INFO - Processing /opt/airflow/dags/fetch_weather_data.py took 0.509 seconds
[2025-07-21T02:49:02.352+0000] {processor.py:161} INFO - Started process (PID=391) to work on /opt/airflow/dags/fetch_weather_data.py
[2025-07-21T02:49:02.353+0000] {processor.py:830} INFO - Processing file /opt/airflow/dags/fetch_weather_data.py for tasks to queue
[2025-07-21T02:49:02.355+0000] {logging_mixin.py:188} INFO - [2025-07-21T02:49:02.354+0000] {dagbag.py:545} INFO - Filling up the DagBag from /opt/airflow/dags/fetch_weather_data.py
[2025-07-21T02:49:02.816+0000] {processor.py:840} INFO - DAG(s) 'fetch_weather_forecast' retrieved from /opt/airflow/dags/fetch_weather_data.py
[2025-07-21T02:49:02.838+0000] {logging_mixin.py:188} INFO - [2025-07-21T02:49:02.838+0000] {dag.py:3096} INFO - Sync 1 DAGs
[2025-07-21T02:49:02.854+0000] {logging_mixin.py:188} INFO - [2025-07-21T02:49:02.854+0000] {dag.py:3954} INFO - Setting next_dagrun for fetch_weather_forecast to 2025-07-21 00:00:00+00:00, run_after=2025-07-21 06:00:00+00:00
[2025-07-21T02:49:02.872+0000] {processor.py:183} INFO - Processing /opt/airflow/dags/fetch_weather_data.py took 0.525 seconds
[2025-07-21T02:49:33.085+0000] {processor.py:161} INFO - Started process (PID=397) to work on /opt/airflow/dags/fetch_weather_data.py
[2025-07-21T02:49:33.086+0000] {processor.py:830} INFO - Processing file /opt/airflow/dags/fetch_weather_data.py for tasks to queue
[2025-07-21T02:49:33.087+0000] {logging_mixin.py:188} INFO - [2025-07-21T02:49:33.087+0000] {dagbag.py:545} INFO - Filling up the DagBag from /opt/airflow/dags/fetch_weather_data.py
[2025-07-21T02:49:33.554+0000] {processor.py:840} INFO - DAG(s) 'fetch_weather_forecast' retrieved from /opt/airflow/dags/fetch_weather_data.py
[2025-07-21T02:49:33.574+0000] {logging_mixin.py:188} INFO - [2025-07-21T02:49:33.574+0000] {dag.py:3096} INFO - Sync 1 DAGs
[2025-07-21T02:49:33.590+0000] {logging_mixin.py:188} INFO - [2025-07-21T02:49:33.589+0000] {dag.py:3954} INFO - Setting next_dagrun for fetch_weather_forecast to 2025-07-21 00:00:00+00:00, run_after=2025-07-21 06:00:00+00:00
[2025-07-21T02:49:33.606+0000] {processor.py:183} INFO - Processing /opt/airflow/dags/fetch_weather_data.py took 0.526 seconds
[2025-07-21T02:50:03.807+0000] {processor.py:161} INFO - Started process (PID=403) to work on /opt/airflow/dags/fetch_weather_data.py
[2025-07-21T02:50:03.807+0000] {processor.py:830} INFO - Processing file /opt/airflow/dags/fetch_weather_data.py for tasks to queue
[2025-07-21T02:50:03.809+0000] {logging_mixin.py:188} INFO - [2025-07-21T02:50:03.809+0000] {dagbag.py:545} INFO - Filling up the DagBag from /opt/airflow/dags/fetch_weather_data.py
[2025-07-21T02:50:04.326+0000] {processor.py:840} INFO - DAG(s) 'fetch_weather_forecast' retrieved from /opt/airflow/dags/fetch_weather_data.py
[2025-07-21T02:50:04.349+0000] {logging_mixin.py:188} INFO - [2025-07-21T02:50:04.348+0000] {dag.py:3096} INFO - Sync 1 DAGs
[2025-07-21T02:50:04.368+0000] {logging_mixin.py:188} INFO - [2025-07-21T02:50:04.368+0000] {dag.py:3954} INFO - Setting next_dagrun for fetch_weather_forecast to 2025-07-21 00:00:00+00:00, run_after=2025-07-21 06:00:00+00:00
[2025-07-21T02:50:04.386+0000] {processor.py:183} INFO - Processing /opt/airflow/dags/fetch_weather_data.py took 0.585 seconds
[2025-07-21T02:50:06.282+0000] {processor.py:161} INFO - Started process (PID=409) to work on /opt/airflow/dags/fetch_weather_data.py
[2025-07-21T02:50:06.283+0000] {processor.py:830} INFO - Processing file /opt/airflow/dags/fetch_weather_data.py for tasks to queue
[2025-07-21T02:50:06.285+0000] {logging_mixin.py:188} INFO - [2025-07-21T02:50:06.284+0000] {dagbag.py:545} INFO - Filling up the DagBag from /opt/airflow/dags/fetch_weather_data.py
[2025-07-21T02:50:06.818+0000] {processor.py:840} INFO - DAG(s) 'fetch_weather_forecast' retrieved from /opt/airflow/dags/fetch_weather_data.py
[2025-07-21T02:50:06.838+0000] {logging_mixin.py:188} INFO - [2025-07-21T02:50:06.838+0000] {dag.py:3096} INFO - Sync 1 DAGs
[2025-07-21T02:50:06.860+0000] {logging_mixin.py:188} INFO - [2025-07-21T02:50:06.860+0000] {dag.py:3954} INFO - Setting next_dagrun for fetch_weather_forecast to 2025-07-21 00:00:00+00:00, run_after=2025-07-21 06:00:00+00:00
[2025-07-21T02:50:06.880+0000] {processor.py:183} INFO - Processing /opt/airflow/dags/fetch_weather_data.py took 0.604 seconds
[2025-07-21T02:50:37.148+0000] {processor.py:161} INFO - Started process (PID=415) to work on /opt/airflow/dags/fetch_weather_data.py
[2025-07-21T02:50:37.149+0000] {processor.py:830} INFO - Processing file /opt/airflow/dags/fetch_weather_data.py for tasks to queue
[2025-07-21T02:50:37.152+0000] {logging_mixin.py:188} INFO - [2025-07-21T02:50:37.151+0000] {dagbag.py:545} INFO - Filling up the DagBag from /opt/airflow/dags/fetch_weather_data.py
[2025-07-21T02:50:37.645+0000] {processor.py:840} INFO - DAG(s) 'fetch_weather_forecast' retrieved from /opt/airflow/dags/fetch_weather_data.py
[2025-07-21T02:50:37.667+0000] {logging_mixin.py:188} INFO - [2025-07-21T02:50:37.667+0000] {dag.py:3096} INFO - Sync 1 DAGs
[2025-07-21T02:50:37.685+0000] {logging_mixin.py:188} INFO - [2025-07-21T02:50:37.685+0000] {dag.py:3954} INFO - Setting next_dagrun for fetch_weather_forecast to 2025-07-21 00:00:00+00:00, run_after=2025-07-21 06:00:00+00:00
[2025-07-21T02:50:37.706+0000] {processor.py:183} INFO - Processing /opt/airflow/dags/fetch_weather_data.py took 0.566 seconds
[2025-07-21T02:51:07.916+0000] {processor.py:161} INFO - Started process (PID=421) to work on /opt/airflow/dags/fetch_weather_data.py
[2025-07-21T02:51:07.917+0000] {processor.py:830} INFO - Processing file /opt/airflow/dags/fetch_weather_data.py for tasks to queue
[2025-07-21T02:51:07.919+0000] {logging_mixin.py:188} INFO - [2025-07-21T02:51:07.918+0000] {dagbag.py:545} INFO - Filling up the DagBag from /opt/airflow/dags/fetch_weather_data.py
[2025-07-21T02:51:08.374+0000] {processor.py:840} INFO - DAG(s) 'fetch_weather_forecast' retrieved from /opt/airflow/dags/fetch_weather_data.py
[2025-07-21T02:51:08.398+0000] {logging_mixin.py:188} INFO - [2025-07-21T02:51:08.397+0000] {dag.py:3096} INFO - Sync 1 DAGs
[2025-07-21T02:51:08.415+0000] {logging_mixin.py:188} INFO - [2025-07-21T02:51:08.415+0000] {dag.py:3954} INFO - Setting next_dagrun for fetch_weather_forecast to 2025-07-21 00:00:00+00:00, run_after=2025-07-21 06:00:00+00:00
[2025-07-21T02:51:08.430+0000] {processor.py:183} INFO - Processing /opt/airflow/dags/fetch_weather_data.py took 0.520 seconds
[2025-07-21T02:51:38.689+0000] {processor.py:161} INFO - Started process (PID=427) to work on /opt/airflow/dags/fetch_weather_data.py
[2025-07-21T02:51:38.690+0000] {processor.py:830} INFO - Processing file /opt/airflow/dags/fetch_weather_data.py for tasks to queue
[2025-07-21T02:51:38.692+0000] {logging_mixin.py:188} INFO - [2025-07-21T02:51:38.691+0000] {dagbag.py:545} INFO - Filling up the DagBag from /opt/airflow/dags/fetch_weather_data.py
[2025-07-21T02:51:39.197+0000] {processor.py:840} INFO - DAG(s) 'fetch_weather_forecast' retrieved from /opt/airflow/dags/fetch_weather_data.py
[2025-07-21T02:51:39.219+0000] {logging_mixin.py:188} INFO - [2025-07-21T02:51:39.219+0000] {dag.py:3096} INFO - Sync 1 DAGs
[2025-07-21T02:51:39.237+0000] {logging_mixin.py:188} INFO - [2025-07-21T02:51:39.236+0000] {dag.py:3954} INFO - Setting next_dagrun for fetch_weather_forecast to 2025-07-21 00:00:00+00:00, run_after=2025-07-21 06:00:00+00:00
[2025-07-21T02:51:39.254+0000] {processor.py:183} INFO - Processing /opt/airflow/dags/fetch_weather_data.py took 0.570 seconds
[2025-07-21T02:52:09.415+0000] {processor.py:161} INFO - Started process (PID=433) to work on /opt/airflow/dags/fetch_weather_data.py
[2025-07-21T02:52:09.416+0000] {processor.py:830} INFO - Processing file /opt/airflow/dags/fetch_weather_data.py for tasks to queue
[2025-07-21T02:52:09.418+0000] {logging_mixin.py:188} INFO - [2025-07-21T02:52:09.418+0000] {dagbag.py:545} INFO - Filling up the DagBag from /opt/airflow/dags/fetch_weather_data.py
[2025-07-21T02:52:09.902+0000] {processor.py:840} INFO - DAG(s) 'fetch_weather_forecast' retrieved from /opt/airflow/dags/fetch_weather_data.py
[2025-07-21T02:52:09.922+0000] {logging_mixin.py:188} INFO - [2025-07-21T02:52:09.922+0000] {dag.py:3096} INFO - Sync 1 DAGs
[2025-07-21T02:52:09.939+0000] {logging_mixin.py:188} INFO - [2025-07-21T02:52:09.939+0000] {dag.py:3954} INFO - Setting next_dagrun for fetch_weather_forecast to 2025-07-21 00:00:00+00:00, run_after=2025-07-21 06:00:00+00:00
[2025-07-21T02:52:09.955+0000] {processor.py:183} INFO - Processing /opt/airflow/dags/fetch_weather_data.py took 0.545 seconds
[2025-07-21T02:52:40.206+0000] {processor.py:161} INFO - Started process (PID=439) to work on /opt/airflow/dags/fetch_weather_data.py
[2025-07-21T02:52:40.207+0000] {processor.py:830} INFO - Processing file /opt/airflow/dags/fetch_weather_data.py for tasks to queue
[2025-07-21T02:52:40.208+0000] {logging_mixin.py:188} INFO - [2025-07-21T02:52:40.208+0000] {dagbag.py:545} INFO - Filling up the DagBag from /opt/airflow/dags/fetch_weather_data.py
[2025-07-21T02:52:40.683+0000] {processor.py:840} INFO - DAG(s) 'fetch_weather_forecast' retrieved from /opt/airflow/dags/fetch_weather_data.py
[2025-07-21T02:52:40.704+0000] {logging_mixin.py:188} INFO - [2025-07-21T02:52:40.704+0000] {dag.py:3096} INFO - Sync 1 DAGs
[2025-07-21T02:52:40.724+0000] {logging_mixin.py:188} INFO - [2025-07-21T02:52:40.724+0000] {dag.py:3954} INFO - Setting next_dagrun for fetch_weather_forecast to 2025-07-21 00:00:00+00:00, run_after=2025-07-21 06:00:00+00:00
[2025-07-21T02:52:40.742+0000] {processor.py:183} INFO - Processing /opt/airflow/dags/fetch_weather_data.py took 0.541 seconds
[2025-07-21T02:53:10.912+0000] {processor.py:161} INFO - Started process (PID=445) to work on /opt/airflow/dags/fetch_weather_data.py
[2025-07-21T02:53:10.913+0000] {processor.py:830} INFO - Processing file /opt/airflow/dags/fetch_weather_data.py for tasks to queue
[2025-07-21T02:53:10.915+0000] {logging_mixin.py:188} INFO - [2025-07-21T02:53:10.915+0000] {dagbag.py:545} INFO - Filling up the DagBag from /opt/airflow/dags/fetch_weather_data.py
[2025-07-21T02:53:11.383+0000] {processor.py:840} INFO - DAG(s) 'fetch_weather_forecast' retrieved from /opt/airflow/dags/fetch_weather_data.py
[2025-07-21T02:53:11.406+0000] {logging_mixin.py:188} INFO - [2025-07-21T02:53:11.406+0000] {dag.py:3096} INFO - Sync 1 DAGs
[2025-07-21T02:53:11.422+0000] {logging_mixin.py:188} INFO - [2025-07-21T02:53:11.422+0000] {dag.py:3954} INFO - Setting next_dagrun for fetch_weather_forecast to 2025-07-21 00:00:00+00:00, run_after=2025-07-21 06:00:00+00:00
[2025-07-21T02:53:11.439+0000] {processor.py:183} INFO - Processing /opt/airflow/dags/fetch_weather_data.py took 0.532 seconds
[2025-07-21T02:53:41.689+0000] {processor.py:161} INFO - Started process (PID=451) to work on /opt/airflow/dags/fetch_weather_data.py
[2025-07-21T02:53:41.690+0000] {processor.py:830} INFO - Processing file /opt/airflow/dags/fetch_weather_data.py for tasks to queue
[2025-07-21T02:53:41.692+0000] {logging_mixin.py:188} INFO - [2025-07-21T02:53:41.691+0000] {dagbag.py:545} INFO - Filling up the DagBag from /opt/airflow/dags/fetch_weather_data.py
[2025-07-21T02:53:42.146+0000] {processor.py:840} INFO - DAG(s) 'fetch_weather_forecast' retrieved from /opt/airflow/dags/fetch_weather_data.py
[2025-07-21T02:53:42.168+0000] {logging_mixin.py:188} INFO - [2025-07-21T02:53:42.168+0000] {dag.py:3096} INFO - Sync 1 DAGs
[2025-07-21T02:53:42.186+0000] {logging_mixin.py:188} INFO - [2025-07-21T02:53:42.185+0000] {dag.py:3954} INFO - Setting next_dagrun for fetch_weather_forecast to 2025-07-21 00:00:00+00:00, run_after=2025-07-21 06:00:00+00:00
[2025-07-21T02:53:42.202+0000] {processor.py:183} INFO - Processing /opt/airflow/dags/fetch_weather_data.py took 0.518 seconds
[2025-07-21T02:54:12.309+0000] {processor.py:161} INFO - Started process (PID=457) to work on /opt/airflow/dags/fetch_weather_data.py
[2025-07-21T02:54:12.310+0000] {processor.py:830} INFO - Processing file /opt/airflow/dags/fetch_weather_data.py for tasks to queue
[2025-07-21T02:54:12.312+0000] {logging_mixin.py:188} INFO - [2025-07-21T02:54:12.311+0000] {dagbag.py:545} INFO - Filling up the DagBag from /opt/airflow/dags/fetch_weather_data.py
[2025-07-21T02:54:12.783+0000] {processor.py:840} INFO - DAG(s) 'fetch_weather_forecast' retrieved from /opt/airflow/dags/fetch_weather_data.py
[2025-07-21T02:54:12.805+0000] {logging_mixin.py:188} INFO - [2025-07-21T02:54:12.805+0000] {dag.py:3096} INFO - Sync 1 DAGs
[2025-07-21T02:54:12.821+0000] {logging_mixin.py:188} INFO - [2025-07-21T02:54:12.821+0000] {dag.py:3954} INFO - Setting next_dagrun for fetch_weather_forecast to 2025-07-21 00:00:00+00:00, run_after=2025-07-21 06:00:00+00:00
[2025-07-21T02:54:12.840+0000] {processor.py:183} INFO - Processing /opt/airflow/dags/fetch_weather_data.py took 0.537 seconds
