[2025-07-22T06:00:14.805+0000] {local_task_job_runner.py:120} INFO - ::group::Pre task execution logs
[2025-07-22T06:00:14.834+0000] {taskinstance.py:2076} INFO - Dependencies all met for dep_context=non-requeueable deps ti=<TaskInstance: weather_dag.transform_and_load scheduled__2025-07-22T00:00:00+00:00 [queued]>
[2025-07-22T06:00:14.849+0000] {taskinstance.py:2076} INFO - Dependencies all met for dep_context=requeueable deps ti=<TaskInstance: weather_dag.transform_and_load scheduled__2025-07-22T00:00:00+00:00 [queued]>
[2025-07-22T06:00:14.851+0000] {taskinstance.py:2306} INFO - Starting attempt 1 of 3
[2025-07-22T06:00:14.867+0000] {taskinstance.py:2330} INFO - Executing <Task(PythonOperator): transform_and_load> on 2025-07-22 00:00:00+00:00
[2025-07-22T06:00:14.879+0000] {standard_task_runner.py:90} INFO - Running: ['***', 'tasks', 'run', 'weather_dag', 'transform_and_load', 'scheduled__2025-07-22T00:00:00+00:00', '--job-id', '117', '--raw', '--subdir', 'DAGS_FOLDER/weather_dag.py', '--cfg-path', '/tmp/tmptlmtj0ja']
[2025-07-22T06:00:14.883+0000] {logging_mixin.py:188} WARNING - /home/***/.local/lib/python3.12/site-packages/***/task/task_runner/standard_task_runner.py:61 DeprecationWarning: This process (pid=214) is multi-threaded, use of fork() may lead to deadlocks in the child.
[2025-07-22T06:00:14.884+0000] {standard_task_runner.py:91} INFO - Job 117: Subtask transform_and_load
[2025-07-22T06:00:14.884+0000] {standard_task_runner.py:63} INFO - Started process 216 to run task
[2025-07-22T06:00:14.959+0000] {task_command.py:426} INFO - Running <TaskInstance: weather_dag.transform_and_load scheduled__2025-07-22T00:00:00+00:00 [running]> on host c3976269ce0f
[2025-07-22T06:00:15.043+0000] {taskinstance.py:2648} INFO - Exporting env vars: AIRFLOW_CTX_DAG_OWNER='***' AIRFLOW_CTX_DAG_ID='weather_dag' AIRFLOW_CTX_TASK_ID='transform_and_load' AIRFLOW_CTX_EXECUTION_DATE='2025-07-22T00:00:00+00:00' AIRFLOW_CTX_TRY_NUMBER='1' AIRFLOW_CTX_DAG_RUN_ID='scheduled__2025-07-22T00:00:00+00:00'
[2025-07-22T06:00:15.044+0000] {taskinstance.py:430} INFO - ::endgroup::
[2025-07-22T06:00:15.056+0000] {weather_dag.py:140} INFO - Bắt đầu transform và load dữ liệu
[2025-07-22T06:00:15.099+0000] {logging_mixin.py:188} WARNING - /opt/***/dags/weather_dag.py:150 UserWarning: pandas only supports SQLAlchemy connectable (engine/connection) or database string URI or sqlite3 DBAPI2 connection. Other DBAPI2 objects are not tested. Please consider using SQLAlchemy.
[2025-07-22T06:00:15.116+0000] {weather_dag.py:158} INFO - Xử lý dữ liệu...
[2025-07-22T06:00:15.564+0000] {weather_dag.py:206} INFO - Đã ghi 1420 dòng vào bảng weather_db
[2025-07-22T06:00:15.566+0000] {python.py:237} INFO - Done. Returned value was: None
[2025-07-22T06:00:15.568+0000] {taskinstance.py:441} INFO - ::group::Post task execution logs
[2025-07-22T06:00:15.579+0000] {taskinstance.py:1206} INFO - Marking task as SUCCESS. dag_id=weather_dag, task_id=transform_and_load, run_id=scheduled__2025-07-22T00:00:00+00:00, execution_date=20250722T000000, start_date=20250722T060014, end_date=20250722T060015
[2025-07-22T06:00:15.620+0000] {local_task_job_runner.py:240} INFO - Task exited with return code 0
[2025-07-22T06:00:15.637+0000] {taskinstance.py:3503} INFO - 0 downstream tasks scheduled from follow-on schedule check
[2025-07-22T06:00:15.641+0000] {local_task_job_runner.py:222} INFO - ::endgroup::
