[2025-07-22T05:59:05.236+0000] {local_task_job_runner.py:120} INFO - ::group::Pre task execution logs
[2025-07-22T05:59:05.265+0000] {taskinstance.py:2076} INFO - Dependencies all met for dep_context=non-requeueable deps ti=<TaskInstance: weather_dag.transform_and_load manual__2025-07-22T05:58:49.417367+00:00 [queued]>
[2025-07-22T05:59:05.273+0000] {taskinstance.py:2076} INFO - Dependencies all met for dep_context=requeueable deps ti=<TaskInstance: weather_dag.transform_and_load manual__2025-07-22T05:58:49.417367+00:00 [queued]>
[2025-07-22T05:59:05.274+0000] {taskinstance.py:2306} INFO - Starting attempt 1 of 3
[2025-07-22T05:59:05.284+0000] {taskinstance.py:2330} INFO - Executing <Task(PythonOperator): transform_and_load> on 2025-07-22 05:58:49.417367+00:00
[2025-07-22T05:59:05.291+0000] {standard_task_runner.py:90} INFO - Running: ['***', 'tasks', 'run', 'weather_dag', 'transform_and_load', 'manual__2025-07-22T05:58:49.417367+00:00', '--job-id', '114', '--raw', '--subdir', 'DAGS_FOLDER/weather_dag.py', '--cfg-path', '/tmp/tmp5zf_uxkb']
[2025-07-22T05:59:05.294+0000] {standard_task_runner.py:91} INFO - Job 114: Subtask transform_and_load
[2025-07-22T05:59:05.294+0000] {logging_mixin.py:188} WARNING - /home/***/.local/lib/python3.12/site-packages/***/task/task_runner/standard_task_runner.py:61 DeprecationWarning: This process (pid=193) is multi-threaded, use of fork() may lead to deadlocks in the child.
[2025-07-22T05:59:05.295+0000] {standard_task_runner.py:63} INFO - Started process 195 to run task
[2025-07-22T05:59:05.332+0000] {task_command.py:426} INFO - Running <TaskInstance: weather_dag.transform_and_load manual__2025-07-22T05:58:49.417367+00:00 [running]> on host c3976269ce0f
[2025-07-22T05:59:05.399+0000] {taskinstance.py:2648} INFO - Exporting env vars: AIRFLOW_CTX_DAG_OWNER='***' AIRFLOW_CTX_DAG_ID='weather_dag' AIRFLOW_CTX_TASK_ID='transform_and_load' AIRFLOW_CTX_EXECUTION_DATE='2025-07-22T05:58:49.417367+00:00' AIRFLOW_CTX_TRY_NUMBER='1' AIRFLOW_CTX_DAG_RUN_ID='manual__2025-07-22T05:58:49.417367+00:00'
[2025-07-22T05:59:05.401+0000] {taskinstance.py:430} INFO - ::endgroup::
[2025-07-22T05:59:05.412+0000] {weather_dag.py:140} INFO - Bắt đầu transform và load dữ liệu
[2025-07-22T05:59:05.457+0000] {logging_mixin.py:188} WARNING - /opt/***/dags/weather_dag.py:150 UserWarning: pandas only supports SQLAlchemy connectable (engine/connection) or database string URI or sqlite3 DBAPI2 connection. Other DBAPI2 objects are not tested. Please consider using SQLAlchemy.
[2025-07-22T05:59:05.478+0000] {weather_dag.py:158} INFO - Xử lý dữ liệu...
[2025-07-22T05:59:06.129+0000] {weather_dag.py:206} INFO - Đã ghi 1410 dòng vào bảng weather_db
[2025-07-22T05:59:06.130+0000] {python.py:237} INFO - Done. Returned value was: None
[2025-07-22T05:59:06.131+0000] {taskinstance.py:441} INFO - ::group::Post task execution logs
[2025-07-22T05:59:06.141+0000] {taskinstance.py:1206} INFO - Marking task as SUCCESS. dag_id=weather_dag, task_id=transform_and_load, run_id=manual__2025-07-22T05:58:49.417367+00:00, execution_date=20250722T055849, start_date=20250722T055905, end_date=20250722T055906
[2025-07-22T05:59:06.192+0000] {local_task_job_runner.py:240} INFO - Task exited with return code 0
[2025-07-22T05:59:06.207+0000] {taskinstance.py:3503} INFO - 0 downstream tasks scheduled from follow-on schedule check
[2025-07-22T05:59:06.210+0000] {local_task_job_runner.py:222} INFO - ::endgroup::
